<?xml version="1.0" encoding="UTF-8" ?>
<testsuite tests="775" failures="2" name="runner.TestRunner" time="0.029" errors="18" skipped="39">
  <properties>
    <property name="java.runtime.name" value="Java(TM) SE Runtime Environment"/>
    <property name="sun.boot.library.path" value="C:\Program Files\Java\jre1.8.0_241\bin"/>
    <property name="java.vm.version" value="25.241-b07"/>
    <property name="java.vm.vendor" value="Oracle Corporation"/>
    <property name="maven.multiModuleProjectDirectory" value="C:\Users\guilherme.oliveira\Documents\java\projeto_massas"/>
    <property name="java.vendor.url" value="http://java.oracle.com/"/>
    <property name="path.separator" value=";"/>
    <property name="guice.disable.misplaced.annotation.check" value="true"/>
    <property name="java.vm.name" value="Java HotSpot(TM) 64-Bit Server VM"/>
    <property name="file.encoding.pkg" value="sun.io"/>
    <property name="user.script" value=""/>
    <property name="user.country" value="BR"/>
    <property name="sun.java.launcher" value="SUN_STANDARD"/>
    <property name="sun.os.patch.level" value=""/>
    <property name="java.vm.specification.name" value="Java Virtual Machine Specification"/>
    <property name="user.dir" value="C:\Users\guilherme.oliveira\Documents\java\projeto_massas"/>
    <property name="java.runtime.version" value="1.8.0_241-b07"/>
    <property name="java.awt.graphicsenv" value="sun.awt.Win32GraphicsEnvironment"/>
    <property name="java.endorsed.dirs" value="C:\Program Files\Java\jre1.8.0_241\lib\endorsed"/>
    <property name="os.arch" value="amd64"/>
    <property name="java.io.tmpdir" value="C:\Users\GUILHE~1.OLI\AppData\Local\Temp\"/>
    <property name="line.separator" value="
"/>
    <property name="java.vm.specification.vendor" value="Oracle Corporation"/>
    <property name="user.variant" value=""/>
    <property name="os.name" value="Windows 10"/>
    <property name="classworlds.conf" value="C:\maven\bin\..\bin\m2.conf"/>
    <property name="sun.jnu.encoding" value="Cp1252"/>
    <property name="java.library.path" value="C:\Program Files (x86)\Common Files\Oracle\Java\javapath;C:\windows\Sun\Java\bin;C:\windows\system32;C:\windows;C:\Program Files (x86)\Common Files\Oracle\Java\javapath;C:\windows\system32;C:\windows;C:\windows\System32\Wbem;C:\windows\System32\WindowsPowerShell\v1.0\;C:\windows\System32\OpenSSH\;C:\Program Files\PuTTY\;C:\Program Files\Microsoft SQL Server\130\Tools\Binn\;C:\ChromeDriver;C:\maven\bin;C:\RailsInstaller\Git\cmd;C:\RailsInstaller\Ruby2.3.3\bin;C:\Users\guilherme.oliveira\AppData\Local\Microsoft\WindowsApps;C:\Users\guilherme.oliveira\AppData\Local\GitHubDesktop\bin;C:\Users\guilherme.oliveira\AppData\Local\Programs\Microsoft VS Code\bin;."/>
    <property name="maven.conf" value="C:\maven\bin\../conf"/>
    <property name="java.specification.name" value="Java Platform API Specification"/>
    <property name="java.class.version" value="52.0"/>
    <property name="sun.management.compiler" value="HotSpot 64-Bit Tiered Compilers"/>
    <property name="os.version" value="10.0"/>
    <property name="library.jansi.path" value="C:\maven\bin\..\lib\jansi-native"/>
    <property name="user.home" value="C:\Users\guilherme.oliveira"/>
    <property name="user.timezone" value="America/Sao_Paulo"/>
    <property name="java.awt.printerjob" value="sun.awt.windows.WPrinterJob"/>
    <property name="java.specification.version" value="1.8"/>
    <property name="file.encoding" value="Cp1252"/>
    <property name="user.name" value="guilherme.oliveira"/>
    <property name="java.class.path" value="C:\maven\bin\..\boot\plexus-classworlds-2.6.0.jar"/>
    <property name="java.vm.specification.version" value="1.8"/>
    <property name="sun.arch.data.model" value="64"/>
    <property name="java.home" value="C:\Program Files\Java\jre1.8.0_241"/>
    <property name="sun.java.command" value="org.codehaus.plexus.classworlds.launcher.Launcher test"/>
    <property name="java.specification.vendor" value="Oracle Corporation"/>
    <property name="user.language" value="pt"/>
    <property name="awt.toolkit" value="sun.awt.windows.WToolkit"/>
    <property name="java.vm.info" value="mixed mode"/>
    <property name="java.version" value="1.8.0_241"/>
    <property name="java.ext.dirs" value="C:\Program Files\Java\jre1.8.0_241\lib\ext;C:\windows\Sun\Java\lib\ext"/>
    <property name="sun.boot.class.path" value="C:\Program Files\Java\jre1.8.0_241\lib\resources.jar;C:\Program Files\Java\jre1.8.0_241\lib\rt.jar;C:\Program Files\Java\jre1.8.0_241\lib\sunrsasign.jar;C:\Program Files\Java\jre1.8.0_241\lib\jsse.jar;C:\Program Files\Java\jre1.8.0_241\lib\jce.jar;C:\Program Files\Java\jre1.8.0_241\lib\charsets.jar;C:\Program Files\Java\jre1.8.0_241\lib\jfr.jar;C:\Program Files\Java\jre1.8.0_241\classes"/>
    <property name="java.vendor" value="Oracle Corporation"/>
    <property name="maven.home" value="C:\maven\bin\.."/>
    <property name="file.separator" value="\"/>
    <property name="java.vendor.url.bug" value="http://bugreport.sun.com/bugreport/"/>
    <property name="sun.cpu.endian" value="little"/>
    <property name="sun.io.unicode.encoding" value="UnicodeLittle"/>
    <property name="sun.desktop" value="windows"/>
    <property name="sun.cpu.isalist" value="amd64"/>
  </properties>
  <testcase classname="| thalita.silva@linkconsulting.com.br | welcome1234 |" name="Dado usuário está na tela &quot;login&quot;" time="0.003"/>
  <testcase classname="| thalita.silva@linkconsulting.com.br | welcome1234 |" name="Quando insiro no campo &quot;user&quot; &quot;thalita.silva@linkconsulting.com.br&quot;" time="0"/>
  <testcase classname="| thalita.silva@linkconsulting.com.br | welcome1234 |" name="E insiro no campo &quot;password&quot; &quot;welcome1234&quot;" time="0"/>
  <testcase classname="| thalita.silva@linkconsulting.com.br | welcome1234 |" name="Entao clico no botão &quot;login&quot;" time="0"/>
  <testcase classname="| thalita.silva@linkconsulting.com.br | welcome1234 |" name="Dado usuário está na tela &quot;index&quot;" time="0"/>
  <testcase classname="| thalita.silva@linkconsulting.com.br | welcome1234 |" name="E valido o campo &quot;usuario&quot;" time="0"/>
  <testcase classname="| thalita.silva@linkconsulting.com.br | welcome1234 |" name="| thalita.silva@linkconsulting.com.br | welcome1234 |" time="0"/>
  <testcase classname="| Injetor | *20.2*fitbank * | JNL - 20.2 - EMS - FITBANK - Testes de Mobilidade | *CT070.0001 * |" name="Dado usuário está na tela &quot;project list&quot;" time="0"/>
  <testcase classname="| Injetor | *20.2*fitbank * | JNL - 20.2 - EMS - FITBANK - Testes de Mobilidade | *CT070.0001 * |" name="Entao clico no botão &quot;ambiente&quot;" time="0"/>
  <testcase classname="| Injetor | *20.2*fitbank * | JNL - 20.2 - EMS - FITBANK - Testes de Mobilidade | *CT070.0001 * |" name="Entao seleciono lista &quot;lista ambientes&quot; &quot;Injetor&quot;" time="0"/>
  <testcase classname="| Injetor | *20.2*fitbank * | JNL - 20.2 - EMS - FITBANK - Testes de Mobilidade | *CT070.0001 * |" name="Entao clico no botão &quot;filtro&quot;" time="0"/>
  <testcase classname="| Injetor | *20.2*fitbank * | JNL - 20.2 - EMS - FITBANK - Testes de Mobilidade | *CT070.0001 * |" name="E insiro no campo &quot;nome&quot; &quot;*20.2*fitbank *&quot;" time="0"/>
  <testcase classname="| Injetor | *20.2*fitbank * | JNL - 20.2 - EMS - FITBANK - Testes de Mobilidade | *CT070.0001 * |" name="Entao clico no botão &quot;enviar&quot;" time="0"/>
  <testcase classname="| Injetor | *20.2*fitbank * | JNL - 20.2 - EMS - FITBANK - Testes de Mobilidade | *CT070.0001 * |" name="Entao seleciono campo &quot;projeto&quot; na tabela com valor &quot;JNL - 20.2 - EMS - FITBANK - Testes de Mobilidade&quot;" time="0"/>
  <testcase classname="| Injetor | *20.2*fitbank * | JNL - 20.2 - EMS - FITBANK - Testes de Mobilidade | *CT070.0001 * |" name="Entao clico no botão &quot;ciclo&quot;" time="0.001"/>
  <testcase classname="| Injetor | *20.2*fitbank * | JNL - 20.2 - EMS - FITBANK - Testes de Mobilidade | *CT070.0001 * |" name="E mudo de tela para &quot;project execution&quot;" time="0"/>
  <testcase classname="| Injetor | *20.2*fitbank * | JNL - 20.2 - EMS - FITBANK - Testes de Mobilidade | *CT070.0001 * |" name="Entao clico no botão &quot;filtro&quot;" time="0"/>
  <testcase classname="| Injetor | *20.2*fitbank * | JNL - 20.2 - EMS - FITBANK - Testes de Mobilidade | *CT070.0001 * |" name="E insiro no campo &quot;nome&quot; &quot;*CT070.0001 *&quot;" time="0"/>
  <testcase classname="| Injetor | *20.2*fitbank * | JNL - 20.2 - EMS - FITBANK - Testes de Mobilidade | *CT070.0001 * |" name="Entao clico no botão &quot;enviar&quot;" time="0"/>
  <testcase classname="| Injetor | *20.2*fitbank * | JNL - 20.2 - EMS - FITBANK - Testes de Mobilidade | *CT070.0001 * |" name="E seleciono o campo &quot;caso de teste&quot;" time="0"/>
  <testcase classname="| Injetor | *20.2*fitbank * | JNL - 20.2 - EMS - FITBANK - Testes de Mobilidade | *CT070.0001 * |" name="Entao clico no botão &quot;executar teste&quot;" time="0"/>
  <testcase classname="| Injetor | *20.2*fitbank * | JNL - 20.2 - EMS - FITBANK - Testes de Mobilidade | *CT070.0001 * |" name="E valido o campo &quot;resultado teste&quot;" time="0"/>
  <testcase classname="| Injetor | *20.2*fitbank * | JNL - 20.2 - EMS - FITBANK - Testes de Mobilidade | *CT070.0001 * |" name="E seleciono o campo &quot;caso de teste&quot;" time="0"/>
  <testcase classname="| Injetor | *20.2*fitbank * | JNL - 20.2 - EMS - FITBANK - Testes de Mobilidade | *CT070.0001 * |" name="E adiciono header ao arquivo" time="0"/>
  <testcase classname="| Injetor | *20.2*fitbank * | JNL - 20.2 - EMS - FITBANK - Testes de Mobilidade | *CT070.0001 * |" name="Entao clico no botão &quot;lupa&quot;" time="0"/>
  <testcase classname="| Injetor | *20.2*fitbank * | JNL - 20.2 - EMS - FITBANK - Testes de Mobilidade | *CT070.0001 * |" name="Entao clico no botão &quot;primeiro expand&quot;" time="0"/>
  <testcase classname="| Injetor | *20.2*fitbank * | JNL - 20.2 - EMS - FITBANK - Testes de Mobilidade | *CT070.0001 * |" name="Entao clico no botão &quot;segundo expand&quot;" time="0"/>
  <testcase classname="| Injetor | *20.2*fitbank * | JNL - 20.2 - EMS - FITBANK - Testes de Mobilidade | *CT070.0001 * |" name="E recupero as linhas da transação" time="0"/>
  <testcase classname="| Injetor | *20.2*fitbank * | JNL - 20.2 - EMS - FITBANK - Testes de Mobilidade | *CT070.0001 * |" name="E crio o arquivo" time="0"/>
  <testcase classname="| Injetor | *20.2*fitbank * | JNL - 20.2 - EMS - FITBANK - Testes de Mobilidade | *CT070.0001 * |" name="E escrevo as informações no arquivo" time="0"/>
  <testcase classname="| Injetor | *20.2*fitbank * | JNL - 20.2 - EMS - FITBANK - Testes de Mobilidade | *CT070.0001 * |" name="| Injetor | *20.2*fitbank * | JNL - 20.2 - EMS - FITBANK - Testes de Mobilidade | *CT070.0001 * |" time="0"/>
  <testcase classname="| Injetor | *20.2*fitbank * | JNL - 20.2 - EMS - FITBANK - Testes de Mobilidade | *CT070.0001 * |" name="Dado usuário está na tela &quot;project list&quot;" time="0"/>
  <testcase classname="| Injetor | *20.2*fitbank * | JNL - 20.2 - EMS - FITBANK - Testes de Mobilidade | *CT070.0001 * |" name="Entao clico no botão &quot;ambiente&quot;" time="0"/>
  <testcase classname="| Injetor | *20.2*fitbank * | JNL - 20.2 - EMS - FITBANK - Testes de Mobilidade | *CT070.0001 * |" name="Entao seleciono lista &quot;lista ambientes&quot; &quot;Injetor&quot;" time="0"/>
  <testcase classname="| Injetor | *20.2*fitbank * | JNL - 20.2 - EMS - FITBANK - Testes de Mobilidade | *CT070.0001 * |" name="Entao clico no botão &quot;filtro&quot;" time="0"/>
  <testcase classname="| Injetor | *20.2*fitbank * | JNL - 20.2 - EMS - FITBANK - Testes de Mobilidade | *CT070.0001 * |" name="E insiro no campo &quot;nome&quot; &quot;*20.2*fitbank *&quot;" time="0"/>
  <testcase classname="| Injetor | *20.2*fitbank * | JNL - 20.2 - EMS - FITBANK - Testes de Mobilidade | *CT070.0001 * |" name="Entao clico no botão &quot;enviar&quot;" time="0"/>
  <testcase classname="| Injetor | *20.2*fitbank * | JNL - 20.2 - EMS - FITBANK - Testes de Mobilidade | *CT070.0001 * |" name="Entao seleciono campo &quot;projeto&quot; na tabela com valor &quot;JNL - 20.2 - EMS - FITBANK - Testes de Mobilidade&quot;" time="0"/>
  <testcase classname="| Injetor | *20.2*fitbank * | JNL - 20.2 - EMS - FITBANK - Testes de Mobilidade | *CT070.0001 * |" name="Entao clico no botão &quot;ciclo&quot;" time="0"/>
  <testcase classname="| Injetor | *20.2*fitbank * | JNL - 20.2 - EMS - FITBANK - Testes de Mobilidade | *CT070.0001 * |" name="E mudo de tela para &quot;project execution&quot;" time="0"/>
  <testcase classname="| Injetor | *20.2*fitbank * | JNL - 20.2 - EMS - FITBANK - Testes de Mobilidade | *CT070.0001 * |" name="Entao clico no botão &quot;filtro&quot;" time="0"/>
  <testcase classname="| Injetor | *20.2*fitbank * | JNL - 20.2 - EMS - FITBANK - Testes de Mobilidade | *CT070.0001 * |" name="E insiro no campo &quot;nome&quot; &quot;*CT070.0001 *&quot;" time="0"/>
  <testcase classname="| Injetor | *20.2*fitbank * | JNL - 20.2 - EMS - FITBANK - Testes de Mobilidade | *CT070.0001 * |" name="Entao clico no botão &quot;enviar&quot;" time="0"/>
  <testcase classname="| Injetor | *20.2*fitbank * | JNL - 20.2 - EMS - FITBANK - Testes de Mobilidade | *CT070.0001 * |" name="E seleciono o campo &quot;caso de teste&quot;" time="0"/>
  <testcase classname="| Injetor | *20.2*fitbank * | JNL - 20.2 - EMS - FITBANK - Testes de Mobilidade | *CT070.0001 * |" name="Entao clico no botão &quot;executar teste&quot;" time="0"/>
  <testcase classname="| Injetor | *20.2*fitbank * | JNL - 20.2 - EMS - FITBANK - Testes de Mobilidade | *CT070.0001 * |" name="E valido o campo &quot;resultado teste&quot;" time="0"/>
  <testcase classname="| Injetor | *20.2*fitbank * | JNL - 20.2 - EMS - FITBANK - Testes de Mobilidade | *CT070.0001 * |" name="E seleciono o campo &quot;caso de teste&quot;" time="0"/>
  <testcase classname="| Injetor | *20.2*fitbank * | JNL - 20.2 - EMS - FITBANK - Testes de Mobilidade | *CT070.0001 * |" name="E adiciono header ao arquivo" time="0"/>
  <testcase classname="| Injetor | *20.2*fitbank * | JNL - 20.2 - EMS - FITBANK - Testes de Mobilidade | *CT070.0001 * |" name="Entao clico no botão &quot;lupa&quot;" time="0"/>
  <testcase classname="| Injetor | *20.2*fitbank * | JNL - 20.2 - EMS - FITBANK - Testes de Mobilidade | *CT070.0001 * |" name="Entao clico no botão &quot;primeiro expand&quot;" time="0"/>
  <testcase classname="| Injetor | *20.2*fitbank * | JNL - 20.2 - EMS - FITBANK - Testes de Mobilidade | *CT070.0001 * |" name="Entao clico no botão &quot;segundo expand&quot;" time="0"/>
  <testcase classname="| Injetor | *20.2*fitbank * | JNL - 20.2 - EMS - FITBANK - Testes de Mobilidade | *CT070.0001 * |" name="E recupero as linhas da transação" time="0"/>
  <testcase classname="| Injetor | *20.2*fitbank * | JNL - 20.2 - EMS - FITBANK - Testes de Mobilidade | *CT070.0001 * |" name="E crio o arquivo" time="0"/>
  <testcase classname="| Injetor | *20.2*fitbank * | JNL - 20.2 - EMS - FITBANK - Testes de Mobilidade | *CT070.0001 * |" name="E escrevo as informações no arquivo" time="0"/>
  <testcase classname="| Injetor | *20.2*fitbank * | JNL - 20.2 - EMS - FITBANK - Testes de Mobilidade | *CT070.0001 * |" name="| Injetor | *20.2*fitbank * | JNL - 20.2 - EMS - FITBANK - Testes de Mobilidade | *CT070.0001 * |" time="0"/>
  <testcase classname="| Injetor | *20.2*fitbank * | JNL - 20.2 - EMS - FITBANK - Testes de Mobilidade | *CT070.0001 * |" name="Dado usuário está na tela &quot;project list&quot;" time="0"/>
  <testcase classname="| Injetor | *20.2*fitbank * | JNL - 20.2 - EMS - FITBANK - Testes de Mobilidade | *CT070.0001 * |" name="Entao clico no botão &quot;ambiente&quot;" time="0"/>
  <testcase classname="| Injetor | *20.2*fitbank * | JNL - 20.2 - EMS - FITBANK - Testes de Mobilidade | *CT070.0001 * |" name="Entao seleciono lista &quot;lista ambientes&quot; &quot;Injetor&quot;" time="0"/>
  <testcase classname="| Injetor | *20.2*fitbank * | JNL - 20.2 - EMS - FITBANK - Testes de Mobilidade | *CT070.0001 * |" name="Entao clico no botão &quot;filtro&quot;" time="0"/>
  <testcase classname="| Injetor | *20.2*fitbank * | JNL - 20.2 - EMS - FITBANK - Testes de Mobilidade | *CT070.0001 * |" name="E insiro no campo &quot;nome&quot; &quot;*20.2*fitbank *&quot;" time="0"/>
  <testcase classname="| Injetor | *20.2*fitbank * | JNL - 20.2 - EMS - FITBANK - Testes de Mobilidade | *CT070.0001 * |" name="Entao clico no botão &quot;enviar&quot;" time="0"/>
  <testcase classname="| Injetor | *20.2*fitbank * | JNL - 20.2 - EMS - FITBANK - Testes de Mobilidade | *CT070.0001 * |" name="Entao seleciono campo &quot;projeto&quot; na tabela com valor &quot;JNL - 20.2 - EMS - FITBANK - Testes de Mobilidade&quot;" time="0"/>
  <testcase classname="| Injetor | *20.2*fitbank * | JNL - 20.2 - EMS - FITBANK - Testes de Mobilidade | *CT070.0001 * |" name="Entao clico no botão &quot;ciclo&quot;" time="0"/>
  <testcase classname="| Injetor | *20.2*fitbank * | JNL - 20.2 - EMS - FITBANK - Testes de Mobilidade | *CT070.0001 * |" name="E mudo de tela para &quot;project execution&quot;" time="0"/>
  <testcase classname="| Injetor | *20.2*fitbank * | JNL - 20.2 - EMS - FITBANK - Testes de Mobilidade | *CT070.0001 * |" name="Entao clico no botão &quot;filtro&quot;" time="0"/>
  <testcase classname="| Injetor | *20.2*fitbank * | JNL - 20.2 - EMS - FITBANK - Testes de Mobilidade | *CT070.0001 * |" name="E insiro no campo &quot;nome&quot; &quot;*CT070.0001 *&quot;" time="0"/>
  <testcase classname="| Injetor | *20.2*fitbank * | JNL - 20.2 - EMS - FITBANK - Testes de Mobilidade | *CT070.0001 * |" name="Entao clico no botão &quot;enviar&quot;" time="0"/>
  <testcase classname="| Injetor | *20.2*fitbank * | JNL - 20.2 - EMS - FITBANK - Testes de Mobilidade | *CT070.0001 * |" name="E seleciono o campo &quot;caso de teste&quot;" time="0"/>
  <testcase classname="| Injetor | *20.2*fitbank * | JNL - 20.2 - EMS - FITBANK - Testes de Mobilidade | *CT070.0001 * |" name="Entao clico no botão &quot;executar teste&quot;" time="0"/>
  <testcase classname="| Injetor | *20.2*fitbank * | JNL - 20.2 - EMS - FITBANK - Testes de Mobilidade | *CT070.0001 * |" name="E valido o campo &quot;resultado teste&quot;" time="0"/>
  <testcase classname="| Injetor | *20.2*fitbank * | JNL - 20.2 - EMS - FITBANK - Testes de Mobilidade | *CT070.0001 * |" name="E seleciono o campo &quot;caso de teste&quot;" time="0"/>
  <testcase classname="| Injetor | *20.2*fitbank * | JNL - 20.2 - EMS - FITBANK - Testes de Mobilidade | *CT070.0001 * |" name="E adiciono header ao arquivo" time="0"/>
  <testcase classname="| Injetor | *20.2*fitbank * | JNL - 20.2 - EMS - FITBANK - Testes de Mobilidade | *CT070.0001 * |" name="Entao clico no botão &quot;lupa&quot;" time="0"/>
  <testcase classname="| Injetor | *20.2*fitbank * | JNL - 20.2 - EMS - FITBANK - Testes de Mobilidade | *CT070.0001 * |" name="Entao clico no botão &quot;primeiro expand&quot;" time="0"/>
  <testcase classname="| Injetor | *20.2*fitbank * | JNL - 20.2 - EMS - FITBANK - Testes de Mobilidade | *CT070.0001 * |" name="Entao clico no botão &quot;segundo expand&quot;" time="0"/>
  <testcase classname="| Injetor | *20.2*fitbank * | JNL - 20.2 - EMS - FITBANK - Testes de Mobilidade | *CT070.0001 * |" name="E recupero as linhas da transação" time="0"/>
  <testcase classname="| Injetor | *20.2*fitbank * | JNL - 20.2 - EMS - FITBANK - Testes de Mobilidade | *CT070.0001 * |" name="E crio o arquivo" time="0"/>
  <testcase classname="| Injetor | *20.2*fitbank * | JNL - 20.2 - EMS - FITBANK - Testes de Mobilidade | *CT070.0001 * |" name="E escrevo as informações no arquivo" time="0"/>
  <testcase classname="| Injetor | *20.2*fitbank * | JNL - 20.2 - EMS - FITBANK - Testes de Mobilidade | *CT070.0001 * |" name="| Injetor | *20.2*fitbank * | JNL - 20.2 - EMS - FITBANK - Testes de Mobilidade | *CT070.0001 * |" time="0"/>
  <testcase classname="| Injetor | *20.2*fitbank * | JNL - 20.2 - EMS - FITBANK - Testes de Mobilidade | *CT070.0001 * |" name="Dado usuário está na tela &quot;project list&quot;" time="0"/>
  <testcase classname="| Injetor | *20.2*fitbank * | JNL - 20.2 - EMS - FITBANK - Testes de Mobilidade | *CT070.0001 * |" name="Entao clico no botão &quot;ambiente&quot;" time="0"/>
  <testcase classname="| Injetor | *20.2*fitbank * | JNL - 20.2 - EMS - FITBANK - Testes de Mobilidade | *CT070.0001 * |" name="Entao seleciono lista &quot;lista ambientes&quot; &quot;Injetor&quot;" time="0"/>
  <testcase classname="| Injetor | *20.2*fitbank * | JNL - 20.2 - EMS - FITBANK - Testes de Mobilidade | *CT070.0001 * |" name="Entao clico no botão &quot;filtro&quot;" time="0"/>
  <testcase classname="| Injetor | *20.2*fitbank * | JNL - 20.2 - EMS - FITBANK - Testes de Mobilidade | *CT070.0001 * |" name="E insiro no campo &quot;nome&quot; &quot;*20.2*fitbank *&quot;" time="0"/>
  <testcase classname="| Injetor | *20.2*fitbank * | JNL - 20.2 - EMS - FITBANK - Testes de Mobilidade | *CT070.0001 * |" name="Entao clico no botão &quot;enviar&quot;" time="0"/>
  <testcase classname="| Injetor | *20.2*fitbank * | JNL - 20.2 - EMS - FITBANK - Testes de Mobilidade | *CT070.0001 * |" name="Entao seleciono campo &quot;projeto&quot; na tabela com valor &quot;JNL - 20.2 - EMS - FITBANK - Testes de Mobilidade&quot;" time="0"/>
  <testcase classname="| Injetor | *20.2*fitbank * | JNL - 20.2 - EMS - FITBANK - Testes de Mobilidade | *CT070.0001 * |" name="Entao clico no botão &quot;ciclo&quot;" time="0"/>
  <testcase classname="| Injetor | *20.2*fitbank * | JNL - 20.2 - EMS - FITBANK - Testes de Mobilidade | *CT070.0001 * |" name="E mudo de tela para &quot;project execution&quot;" time="0"/>
  <testcase classname="| Injetor | *20.2*fitbank * | JNL - 20.2 - EMS - FITBANK - Testes de Mobilidade | *CT070.0001 * |" name="Entao clico no botão &quot;filtro&quot;" time="0"/>
  <testcase classname="| Injetor | *20.2*fitbank * | JNL - 20.2 - EMS - FITBANK - Testes de Mobilidade | *CT070.0001 * |" name="E insiro no campo &quot;nome&quot; &quot;*CT070.0001 *&quot;" time="0"/>
  <testcase classname="| Injetor | *20.2*fitbank * | JNL - 20.2 - EMS - FITBANK - Testes de Mobilidade | *CT070.0001 * |" name="Entao clico no botão &quot;enviar&quot;" time="0"/>
  <testcase classname="| Injetor | *20.2*fitbank * | JNL - 20.2 - EMS - FITBANK - Testes de Mobilidade | *CT070.0001 * |" name="E seleciono o campo &quot;caso de teste&quot;" time="0"/>
  <testcase classname="| Injetor | *20.2*fitbank * | JNL - 20.2 - EMS - FITBANK - Testes de Mobilidade | *CT070.0001 * |" name="Entao clico no botão &quot;executar teste&quot;" time="0"/>
  <testcase classname="| Injetor | *20.2*fitbank * | JNL - 20.2 - EMS - FITBANK - Testes de Mobilidade | *CT070.0001 * |" name="E valido o campo &quot;resultado teste&quot;" time="0"/>
  <testcase classname="| Injetor | *20.2*fitbank * | JNL - 20.2 - EMS - FITBANK - Testes de Mobilidade | *CT070.0001 * |" name="E seleciono o campo &quot;caso de teste&quot;" time="0"/>
  <testcase classname="| Injetor | *20.2*fitbank * | JNL - 20.2 - EMS - FITBANK - Testes de Mobilidade | *CT070.0001 * |" name="E adiciono header ao arquivo" time="0"/>
  <testcase classname="| Injetor | *20.2*fitbank * | JNL - 20.2 - EMS - FITBANK - Testes de Mobilidade | *CT070.0001 * |" name="Entao clico no botão &quot;lupa&quot;" time="0"/>
  <testcase classname="| Injetor | *20.2*fitbank * | JNL - 20.2 - EMS - FITBANK - Testes de Mobilidade | *CT070.0001 * |" name="Entao clico no botão &quot;primeiro expand&quot;" time="0"/>
  <testcase classname="| Injetor | *20.2*fitbank * | JNL - 20.2 - EMS - FITBANK - Testes de Mobilidade | *CT070.0001 * |" name="Entao clico no botão &quot;segundo expand&quot;" time="0"/>
  <testcase classname="| Injetor | *20.2*fitbank * | JNL - 20.2 - EMS - FITBANK - Testes de Mobilidade | *CT070.0001 * |" name="E recupero as linhas da transação" time="0"/>
  <testcase classname="| Injetor | *20.2*fitbank * | JNL - 20.2 - EMS - FITBANK - Testes de Mobilidade | *CT070.0001 * |" name="E crio o arquivo" time="0"/>
  <testcase classname="| Injetor | *20.2*fitbank * | JNL - 20.2 - EMS - FITBANK - Testes de Mobilidade | *CT070.0001 * |" name="E escrevo as informações no arquivo" time="0"/>
  <testcase classname="| Injetor | *20.2*fitbank * | JNL - 20.2 - EMS - FITBANK - Testes de Mobilidade | *CT070.0001 * |" name="| Injetor | *20.2*fitbank * | JNL - 20.2 - EMS - FITBANK - Testes de Mobilidade | *CT070.0001 * |" time="0"/>
  <testcase classname="| Injetor | *20.2*fitbank * | JNL - 20.2 - EMS - FITBANK - Testes de Mobilidade | *CT070.0003 * |" name="Dado usuário está na tela &quot;project list&quot;" time="0"/>
  <testcase classname="| Injetor | *20.2*fitbank * | JNL - 20.2 - EMS - FITBANK - Testes de Mobilidade | *CT070.0003 * |" name="Entao clico no botão &quot;ambiente&quot;" time="0"/>
  <testcase classname="| Injetor | *20.2*fitbank * | JNL - 20.2 - EMS - FITBANK - Testes de Mobilidade | *CT070.0003 * |" name="Entao seleciono lista &quot;lista ambientes&quot; &quot;Injetor&quot;" time="0"/>
  <testcase classname="| Injetor | *20.2*fitbank * | JNL - 20.2 - EMS - FITBANK - Testes de Mobilidade | *CT070.0003 * |" name="Entao clico no botão &quot;filtro&quot;" time="0"/>
  <testcase classname="| Injetor | *20.2*fitbank * | JNL - 20.2 - EMS - FITBANK - Testes de Mobilidade | *CT070.0003 * |" name="E insiro no campo &quot;nome&quot; &quot;*20.2*fitbank *&quot;" time="0"/>
  <testcase classname="| Injetor | *20.2*fitbank * | JNL - 20.2 - EMS - FITBANK - Testes de Mobilidade | *CT070.0003 * |" name="Entao clico no botão &quot;enviar&quot;" time="0"/>
  <testcase classname="| Injetor | *20.2*fitbank * | JNL - 20.2 - EMS - FITBANK - Testes de Mobilidade | *CT070.0003 * |" name="Entao seleciono campo &quot;projeto&quot; na tabela com valor &quot;JNL - 20.2 - EMS - FITBANK - Testes de Mobilidade&quot;" time="0"/>
  <testcase classname="| Injetor | *20.2*fitbank * | JNL - 20.2 - EMS - FITBANK - Testes de Mobilidade | *CT070.0003 * |" name="Entao clico no botão &quot;ciclo&quot;" time="0"/>
  <testcase classname="| Injetor | *20.2*fitbank * | JNL - 20.2 - EMS - FITBANK - Testes de Mobilidade | *CT070.0003 * |" name="E mudo de tela para &quot;project execution&quot;" time="0"/>
  <testcase classname="| Injetor | *20.2*fitbank * | JNL - 20.2 - EMS - FITBANK - Testes de Mobilidade | *CT070.0003 * |" name="Entao clico no botão &quot;filtro&quot;" time="0"/>
  <testcase classname="| Injetor | *20.2*fitbank * | JNL - 20.2 - EMS - FITBANK - Testes de Mobilidade | *CT070.0003 * |" name="E insiro no campo &quot;nome&quot; &quot;*CT070.0003 *&quot;" time="0"/>
  <testcase classname="| Injetor | *20.2*fitbank * | JNL - 20.2 - EMS - FITBANK - Testes de Mobilidade | *CT070.0003 * |" name="Entao clico no botão &quot;enviar&quot;" time="0"/>
  <testcase classname="| Injetor | *20.2*fitbank * | JNL - 20.2 - EMS - FITBANK - Testes de Mobilidade | *CT070.0003 * |" name="E seleciono o campo &quot;caso de teste&quot;" time="0"/>
  <testcase classname="| Injetor | *20.2*fitbank * | JNL - 20.2 - EMS - FITBANK - Testes de Mobilidade | *CT070.0003 * |" name="Entao clico no botão &quot;executar teste&quot;" time="0"/>
  <testcase classname="| Injetor | *20.2*fitbank * | JNL - 20.2 - EMS - FITBANK - Testes de Mobilidade | *CT070.0003 * |" name="E valido o campo &quot;resultado teste&quot;" time="0"/>
  <testcase classname="| Injetor | *20.2*fitbank * | JNL - 20.2 - EMS - FITBANK - Testes de Mobilidade | *CT070.0003 * |" name="E seleciono o campo &quot;caso de teste&quot;" time="0"/>
  <testcase classname="| Injetor | *20.2*fitbank * | JNL - 20.2 - EMS - FITBANK - Testes de Mobilidade | *CT070.0003 * |" name="E adiciono header ao arquivo" time="0"/>
  <testcase classname="| Injetor | *20.2*fitbank * | JNL - 20.2 - EMS - FITBANK - Testes de Mobilidade | *CT070.0003 * |" name="Entao clico no botão &quot;lupa&quot;" time="0"/>
  <testcase classname="| Injetor | *20.2*fitbank * | JNL - 20.2 - EMS - FITBANK - Testes de Mobilidade | *CT070.0003 * |" name="Entao clico no botão &quot;primeiro expand&quot;" time="0"/>
  <testcase classname="| Injetor | *20.2*fitbank * | JNL - 20.2 - EMS - FITBANK - Testes de Mobilidade | *CT070.0003 * |" name="Entao clico no botão &quot;segundo expand&quot;" time="0"/>
  <testcase classname="| Injetor | *20.2*fitbank * | JNL - 20.2 - EMS - FITBANK - Testes de Mobilidade | *CT070.0003 * |" name="E recupero as linhas da transação" time="0"/>
  <testcase classname="| Injetor | *20.2*fitbank * | JNL - 20.2 - EMS - FITBANK - Testes de Mobilidade | *CT070.0003 * |" name="E crio o arquivo" time="0"/>
  <testcase classname="| Injetor | *20.2*fitbank * | JNL - 20.2 - EMS - FITBANK - Testes de Mobilidade | *CT070.0003 * |" name="E escrevo as informações no arquivo" time="0"/>
  <testcase classname="| Injetor | *20.2*fitbank * | JNL - 20.2 - EMS - FITBANK - Testes de Mobilidade | *CT070.0003 * |" name="| Injetor | *20.2*fitbank * | JNL - 20.2 - EMS - FITBANK - Testes de Mobilidade | *CT070.0003 * |" time="0"/>
  <testcase classname="| Injetor | *20.2*fitbank * | JNL - 20.2 - EMS - FITBANK - Testes de Mobilidade | *CT070.0003 * |" name="Dado usuário está na tela &quot;project list&quot;" time="0"/>
  <testcase classname="| Injetor | *20.2*fitbank * | JNL - 20.2 - EMS - FITBANK - Testes de Mobilidade | *CT070.0003 * |" name="Entao clico no botão &quot;ambiente&quot;" time="0"/>
  <testcase classname="| Injetor | *20.2*fitbank * | JNL - 20.2 - EMS - FITBANK - Testes de Mobilidade | *CT070.0003 * |" name="Entao seleciono lista &quot;lista ambientes&quot; &quot;Injetor&quot;" time="0"/>
  <testcase classname="| Injetor | *20.2*fitbank * | JNL - 20.2 - EMS - FITBANK - Testes de Mobilidade | *CT070.0003 * |" name="Entao clico no botão &quot;filtro&quot;" time="0"/>
  <testcase classname="| Injetor | *20.2*fitbank * | JNL - 20.2 - EMS - FITBANK - Testes de Mobilidade | *CT070.0003 * |" name="E insiro no campo &quot;nome&quot; &quot;*20.2*fitbank *&quot;" time="0"/>
  <testcase classname="| Injetor | *20.2*fitbank * | JNL - 20.2 - EMS - FITBANK - Testes de Mobilidade | *CT070.0003 * |" name="Entao clico no botão &quot;enviar&quot;" time="0"/>
  <testcase classname="| Injetor | *20.2*fitbank * | JNL - 20.2 - EMS - FITBANK - Testes de Mobilidade | *CT070.0003 * |" name="Entao seleciono campo &quot;projeto&quot; na tabela com valor &quot;JNL - 20.2 - EMS - FITBANK - Testes de Mobilidade&quot;" time="0"/>
  <testcase classname="| Injetor | *20.2*fitbank * | JNL - 20.2 - EMS - FITBANK - Testes de Mobilidade | *CT070.0003 * |" name="Entao clico no botão &quot;ciclo&quot;" time="0"/>
  <testcase classname="| Injetor | *20.2*fitbank * | JNL - 20.2 - EMS - FITBANK - Testes de Mobilidade | *CT070.0003 * |" name="E mudo de tela para &quot;project execution&quot;" time="0"/>
  <testcase classname="| Injetor | *20.2*fitbank * | JNL - 20.2 - EMS - FITBANK - Testes de Mobilidade | *CT070.0003 * |" name="Entao clico no botão &quot;filtro&quot;" time="0"/>
  <testcase classname="| Injetor | *20.2*fitbank * | JNL - 20.2 - EMS - FITBANK - Testes de Mobilidade | *CT070.0003 * |" name="E insiro no campo &quot;nome&quot; &quot;*CT070.0003 *&quot;" time="0"/>
  <testcase classname="| Injetor | *20.2*fitbank * | JNL - 20.2 - EMS - FITBANK - Testes de Mobilidade | *CT070.0003 * |" name="Entao clico no botão &quot;enviar&quot;" time="0"/>
  <testcase classname="| Injetor | *20.2*fitbank * | JNL - 20.2 - EMS - FITBANK - Testes de Mobilidade | *CT070.0003 * |" name="E seleciono o campo &quot;caso de teste&quot;" time="0"/>
  <testcase classname="| Injetor | *20.2*fitbank * | JNL - 20.2 - EMS - FITBANK - Testes de Mobilidade | *CT070.0003 * |" name="Entao clico no botão &quot;executar teste&quot;" time="0"/>
  <testcase classname="| Injetor | *20.2*fitbank * | JNL - 20.2 - EMS - FITBANK - Testes de Mobilidade | *CT070.0003 * |" name="E valido o campo &quot;resultado teste&quot;" time="0"/>
  <testcase classname="| Injetor | *20.2*fitbank * | JNL - 20.2 - EMS - FITBANK - Testes de Mobilidade | *CT070.0003 * |" name="E seleciono o campo &quot;caso de teste&quot;" time="0"/>
  <testcase classname="| Injetor | *20.2*fitbank * | JNL - 20.2 - EMS - FITBANK - Testes de Mobilidade | *CT070.0003 * |" name="E adiciono header ao arquivo" time="0"/>
  <testcase classname="| Injetor | *20.2*fitbank * | JNL - 20.2 - EMS - FITBANK - Testes de Mobilidade | *CT070.0003 * |" name="Entao clico no botão &quot;lupa&quot;" time="0"/>
  <testcase classname="| Injetor | *20.2*fitbank * | JNL - 20.2 - EMS - FITBANK - Testes de Mobilidade | *CT070.0003 * |" name="Entao clico no botão &quot;primeiro expand&quot;" time="0.003">
    <error message="stale element reference: element is not attached to the page document
  (Session info: chrome=88.0.4324.150)
For documentation on this error, please visit: http://seleniumhq.org/exceptions/stale_element_reference.html
Build info: version: &apos;3.8.0&apos;, revision: &apos;924c4067df&apos;, time: &apos;2017-11-30T11:20:39.408Z&apos;
System info: host: &apos;PWFAB1480&apos;, ip: &apos;10.3.24.37&apos;, os.name: &apos;Windows 10&apos;, os.arch: &apos;amd64&apos;, os.version: &apos;10.0&apos;, java.version: &apos;1.8.0_241&apos;
Driver info: org.openqa.selenium.chrome.ChromeDriver
Capabilities {acceptInsecureCerts: false, browserName: chrome, browserVersion: 88.0.4324.150, chrome: {chromedriverVersion: 87.0.4280.88 (89e2380a3e36c..., userDataDir: C:\Users\GUILHE~1.OLI\AppDa...}, goog:chromeOptions: {debuggerAddress: localhost:54244}, javascriptEnabled: true, networkConnectionEnabled: false, pageLoadStrategy: normal, platform: WINDOWS, platformName: WINDOWS, proxy: Proxy(), setWindowRect: true, strictFileInteractability: false, timeouts: {implicit: 0, pageLoad: 300000, script: 30000}, unhandledPromptBehavior: dismiss and notify, webauthn:virtualAuthenticators: true}
Session ID: 751a99665cf20d5d6d2dfa1f52a350a4" type="org.openqa.selenium.StaleElementReferenceException">org.openqa.selenium.StaleElementReferenceException: stale element reference: element is not attached to the page document
  (Session info: chrome=88.0.4324.150)
For documentation on this error, please visit: http://seleniumhq.org/exceptions/stale_element_reference.html
Build info: version: &apos;3.8.0&apos;, revision: &apos;924c4067df&apos;, time: &apos;2017-11-30T11:20:39.408Z&apos;
System info: host: &apos;PWFAB1480&apos;, ip: &apos;10.3.24.37&apos;, os.name: &apos;Windows 10&apos;, os.arch: &apos;amd64&apos;, os.version: &apos;10.0&apos;, java.version: &apos;1.8.0_241&apos;
Driver info: org.openqa.selenium.chrome.ChromeDriver
Capabilities {acceptInsecureCerts: false, browserName: chrome, browserVersion: 88.0.4324.150, chrome: {chromedriverVersion: 87.0.4280.88 (89e2380a3e36c..., userDataDir: C:\Users\GUILHE~1.OLI\AppDa...}, goog:chromeOptions: {debuggerAddress: localhost:54244}, javascriptEnabled: true, networkConnectionEnabled: false, pageLoadStrategy: normal, platform: WINDOWS, platformName: WINDOWS, proxy: Proxy(), setWindowRect: true, strictFileInteractability: false, timeouts: {implicit: 0, pageLoad: 300000, script: 30000}, unhandledPromptBehavior: dismiss and notify, webauthn:virtualAuthenticators: true}
Session ID: 751a99665cf20d5d6d2dfa1f52a350a4
	at sun.reflect.NativeConstructorAccessorImpl.newInstance0(Native Method)
	at sun.reflect.NativeConstructorAccessorImpl.newInstance(Unknown Source)
	at sun.reflect.DelegatingConstructorAccessorImpl.newInstance(Unknown Source)
	at java.lang.reflect.Constructor.newInstance(Unknown Source)
	at org.openqa.selenium.remote.http.W3CHttpResponseCodec.createException(W3CHttpResponseCodec.java:187)
	at org.openqa.selenium.remote.http.W3CHttpResponseCodec.decode(W3CHttpResponseCodec.java:122)
	at org.openqa.selenium.remote.http.W3CHttpResponseCodec.decode(W3CHttpResponseCodec.java:49)
	at org.openqa.selenium.remote.HttpCommandExecutor.execute(HttpCommandExecutor.java:164)
	at org.openqa.selenium.remote.service.DriverCommandExecutor.execute(DriverCommandExecutor.java:83)
	at org.openqa.selenium.remote.RemoteWebDriver.execute(RemoteWebDriver.java:601)
	at org.openqa.selenium.remote.RemoteWebElement.execute(RemoteWebElement.java:279)
	at org.openqa.selenium.remote.RemoteWebElement.click(RemoteWebElement.java:83)
	at sun.reflect.GeneratedMethodAccessor5.invoke(Unknown Source)
	at sun.reflect.DelegatingMethodAccessorImpl.invoke(Unknown Source)
	at java.lang.reflect.Method.invoke(Unknown Source)
	at org.openqa.selenium.support.pagefactory.internal.LocatingElementHandler.invoke(LocatingElementHandler.java:51)
	at com.sun.proxy.$Proxy18.click(Unknown Source)
	at functions.Eventos.clicaElemento(Eventos.java:75)
	at functions.Actions.clicarBotao(Actions.java:27)
	at stepDefinitions.commonSD.clicoNoBotão(commonSD.java:33)
	at ✽.Entao clico no botão &quot;primeiro expand&quot;(common.feature:47)
</error>
  </testcase>
  <testcase classname="| Injetor | *20.2*fitbank * | JNL - 20.2 - EMS - FITBANK - Testes de Mobilidade | *CT070.0003 * |" name="| Injetor | *20.2*fitbank * | JNL - 20.2 - EMS - FITBANK - Testes de Mobilidade | *CT070.0003 * |" time="0.003">
    <error message="stale element reference: element is not attached to the page document
  (Session info: chrome=88.0.4324.150)
For documentation on this error, please visit: http://seleniumhq.org/exceptions/stale_element_reference.html
Build info: version: &apos;3.8.0&apos;, revision: &apos;924c4067df&apos;, time: &apos;2017-11-30T11:20:39.408Z&apos;
System info: host: &apos;PWFAB1480&apos;, ip: &apos;10.3.24.37&apos;, os.name: &apos;Windows 10&apos;, os.arch: &apos;amd64&apos;, os.version: &apos;10.0&apos;, java.version: &apos;1.8.0_241&apos;
Driver info: org.openqa.selenium.chrome.ChromeDriver
Capabilities {acceptInsecureCerts: false, browserName: chrome, browserVersion: 88.0.4324.150, chrome: {chromedriverVersion: 87.0.4280.88 (89e2380a3e36c..., userDataDir: C:\Users\GUILHE~1.OLI\AppDa...}, goog:chromeOptions: {debuggerAddress: localhost:54244}, javascriptEnabled: true, networkConnectionEnabled: false, pageLoadStrategy: normal, platform: WINDOWS, platformName: WINDOWS, proxy: Proxy(), setWindowRect: true, strictFileInteractability: false, timeouts: {implicit: 0, pageLoad: 300000, script: 30000}, unhandledPromptBehavior: dismiss and notify, webauthn:virtualAuthenticators: true}
Session ID: 751a99665cf20d5d6d2dfa1f52a350a4" type="org.openqa.selenium.StaleElementReferenceException">org.openqa.selenium.StaleElementReferenceException: stale element reference: element is not attached to the page document
  (Session info: chrome=88.0.4324.150)
For documentation on this error, please visit: http://seleniumhq.org/exceptions/stale_element_reference.html
Build info: version: &apos;3.8.0&apos;, revision: &apos;924c4067df&apos;, time: &apos;2017-11-30T11:20:39.408Z&apos;
System info: host: &apos;PWFAB1480&apos;, ip: &apos;10.3.24.37&apos;, os.name: &apos;Windows 10&apos;, os.arch: &apos;amd64&apos;, os.version: &apos;10.0&apos;, java.version: &apos;1.8.0_241&apos;
Driver info: org.openqa.selenium.chrome.ChromeDriver
Capabilities {acceptInsecureCerts: false, browserName: chrome, browserVersion: 88.0.4324.150, chrome: {chromedriverVersion: 87.0.4280.88 (89e2380a3e36c..., userDataDir: C:\Users\GUILHE~1.OLI\AppDa...}, goog:chromeOptions: {debuggerAddress: localhost:54244}, javascriptEnabled: true, networkConnectionEnabled: false, pageLoadStrategy: normal, platform: WINDOWS, platformName: WINDOWS, proxy: Proxy(), setWindowRect: true, strictFileInteractability: false, timeouts: {implicit: 0, pageLoad: 300000, script: 30000}, unhandledPromptBehavior: dismiss and notify, webauthn:virtualAuthenticators: true}
Session ID: 751a99665cf20d5d6d2dfa1f52a350a4
	at sun.reflect.NativeConstructorAccessorImpl.newInstance0(Native Method)
	at sun.reflect.NativeConstructorAccessorImpl.newInstance(Unknown Source)
	at sun.reflect.DelegatingConstructorAccessorImpl.newInstance(Unknown Source)
	at java.lang.reflect.Constructor.newInstance(Unknown Source)
	at org.openqa.selenium.remote.http.W3CHttpResponseCodec.createException(W3CHttpResponseCodec.java:187)
	at org.openqa.selenium.remote.http.W3CHttpResponseCodec.decode(W3CHttpResponseCodec.java:122)
	at org.openqa.selenium.remote.http.W3CHttpResponseCodec.decode(W3CHttpResponseCodec.java:49)
	at org.openqa.selenium.remote.HttpCommandExecutor.execute(HttpCommandExecutor.java:164)
	at org.openqa.selenium.remote.service.DriverCommandExecutor.execute(DriverCommandExecutor.java:83)
	at org.openqa.selenium.remote.RemoteWebDriver.execute(RemoteWebDriver.java:601)
	at org.openqa.selenium.remote.RemoteWebElement.execute(RemoteWebElement.java:279)
	at org.openqa.selenium.remote.RemoteWebElement.click(RemoteWebElement.java:83)
	at sun.reflect.GeneratedMethodAccessor5.invoke(Unknown Source)
	at sun.reflect.DelegatingMethodAccessorImpl.invoke(Unknown Source)
	at java.lang.reflect.Method.invoke(Unknown Source)
	at org.openqa.selenium.support.pagefactory.internal.LocatingElementHandler.invoke(LocatingElementHandler.java:51)
	at com.sun.proxy.$Proxy18.click(Unknown Source)
	at functions.Eventos.clicaElemento(Eventos.java:75)
	at functions.Actions.clicarBotao(Actions.java:27)
	at stepDefinitions.commonSD.clicoNoBotão(commonSD.java:33)
	at ✽.Entao clico no botão &quot;primeiro expand&quot;(common.feature:47)
</error>
  </testcase>
  <testcase classname="| Injetor | *20.2*fitbank * | JNL - 20.2 - EMS - FITBANK - Testes de Mobilidade | *CT070.0003 * |" name="Entao clico no botão &quot;segundo expand&quot;" time="0.003">
    <skipped/>
  </testcase>
  <testcase classname="| Injetor | *20.2*fitbank * | JNL - 20.2 - EMS - FITBANK - Testes de Mobilidade | *CT070.0003 * |" name="E recupero as linhas da transação" time="0.003">
    <skipped/>
  </testcase>
  <testcase classname="| Injetor | *20.2*fitbank * | JNL - 20.2 - EMS - FITBANK - Testes de Mobilidade | *CT070.0003 * |" name="E crio o arquivo" time="0.003">
    <skipped/>
  </testcase>
  <testcase classname="| Injetor | *20.2*fitbank * | JNL - 20.2 - EMS - FITBANK - Testes de Mobilidade | *CT070.0003 * |" name="E escrevo as informações no arquivo" time="0.003">
    <skipped/>
  </testcase>
  <testcase classname="| Injetor | *20.2*fitbank * | JNL - 20.2 - EMS - FITBANK - Testes de Mobilidade | *CT070.0003 * |" name="Dado usuário está na tela &quot;project list&quot;" time="0"/>
  <testcase classname="| Injetor | *20.2*fitbank * | JNL - 20.2 - EMS - FITBANK - Testes de Mobilidade | *CT070.0003 * |" name="Entao clico no botão &quot;ambiente&quot;" time="0"/>
  <testcase classname="| Injetor | *20.2*fitbank * | JNL - 20.2 - EMS - FITBANK - Testes de Mobilidade | *CT070.0003 * |" name="Entao seleciono lista &quot;lista ambientes&quot; &quot;Injetor&quot;" time="0"/>
  <testcase classname="| Injetor | *20.2*fitbank * | JNL - 20.2 - EMS - FITBANK - Testes de Mobilidade | *CT070.0003 * |" name="Entao clico no botão &quot;filtro&quot;" time="0"/>
  <testcase classname="| Injetor | *20.2*fitbank * | JNL - 20.2 - EMS - FITBANK - Testes de Mobilidade | *CT070.0003 * |" name="E insiro no campo &quot;nome&quot; &quot;*20.2*fitbank *&quot;" time="0"/>
  <testcase classname="| Injetor | *20.2*fitbank * | JNL - 20.2 - EMS - FITBANK - Testes de Mobilidade | *CT070.0003 * |" name="Entao clico no botão &quot;enviar&quot;" time="0"/>
  <testcase classname="| Injetor | *20.2*fitbank * | JNL - 20.2 - EMS - FITBANK - Testes de Mobilidade | *CT070.0003 * |" name="Entao seleciono campo &quot;projeto&quot; na tabela com valor &quot;JNL - 20.2 - EMS - FITBANK - Testes de Mobilidade&quot;" time="0"/>
  <testcase classname="| Injetor | *20.2*fitbank * | JNL - 20.2 - EMS - FITBANK - Testes de Mobilidade | *CT070.0003 * |" name="Entao clico no botão &quot;ciclo&quot;" time="0"/>
  <testcase classname="| Injetor | *20.2*fitbank * | JNL - 20.2 - EMS - FITBANK - Testes de Mobilidade | *CT070.0003 * |" name="E mudo de tela para &quot;project execution&quot;" time="0"/>
  <testcase classname="| Injetor | *20.2*fitbank * | JNL - 20.2 - EMS - FITBANK - Testes de Mobilidade | *CT070.0003 * |" name="Entao clico no botão &quot;filtro&quot;" time="0"/>
  <testcase classname="| Injetor | *20.2*fitbank * | JNL - 20.2 - EMS - FITBANK - Testes de Mobilidade | *CT070.0003 * |" name="E insiro no campo &quot;nome&quot; &quot;*CT070.0003 *&quot;" time="0"/>
  <testcase classname="| Injetor | *20.2*fitbank * | JNL - 20.2 - EMS - FITBANK - Testes de Mobilidade | *CT070.0003 * |" name="Entao clico no botão &quot;enviar&quot;" time="0"/>
  <testcase classname="| Injetor | *20.2*fitbank * | JNL - 20.2 - EMS - FITBANK - Testes de Mobilidade | *CT070.0003 * |" name="E seleciono o campo &quot;caso de teste&quot;" time="0"/>
  <testcase classname="| Injetor | *20.2*fitbank * | JNL - 20.2 - EMS - FITBANK - Testes de Mobilidade | *CT070.0003 * |" name="Entao clico no botão &quot;executar teste&quot;" time="0"/>
  <testcase classname="| Injetor | *20.2*fitbank * | JNL - 20.2 - EMS - FITBANK - Testes de Mobilidade | *CT070.0003 * |" name="E valido o campo &quot;resultado teste&quot;" time="0"/>
  <testcase classname="| Injetor | *20.2*fitbank * | JNL - 20.2 - EMS - FITBANK - Testes de Mobilidade | *CT070.0003 * |" name="E seleciono o campo &quot;caso de teste&quot;" time="0"/>
  <testcase classname="| Injetor | *20.2*fitbank * | JNL - 20.2 - EMS - FITBANK - Testes de Mobilidade | *CT070.0003 * |" name="E adiciono header ao arquivo" time="0"/>
  <testcase classname="| Injetor | *20.2*fitbank * | JNL - 20.2 - EMS - FITBANK - Testes de Mobilidade | *CT070.0003 * |" name="Entao clico no botão &quot;lupa&quot;" time="0"/>
  <testcase classname="| Injetor | *20.2*fitbank * | JNL - 20.2 - EMS - FITBANK - Testes de Mobilidade | *CT070.0003 * |" name="Entao clico no botão &quot;primeiro expand&quot;" time="0"/>
  <testcase classname="| Injetor | *20.2*fitbank * | JNL - 20.2 - EMS - FITBANK - Testes de Mobilidade | *CT070.0003 * |" name="Entao clico no botão &quot;segundo expand&quot;" time="0"/>
  <testcase classname="| Injetor | *20.2*fitbank * | JNL - 20.2 - EMS - FITBANK - Testes de Mobilidade | *CT070.0003 * |" name="E recupero as linhas da transação" time="0"/>
  <testcase classname="| Injetor | *20.2*fitbank * | JNL - 20.2 - EMS - FITBANK - Testes de Mobilidade | *CT070.0003 * |" name="E crio o arquivo" time="0"/>
  <testcase classname="| Injetor | *20.2*fitbank * | JNL - 20.2 - EMS - FITBANK - Testes de Mobilidade | *CT070.0003 * |" name="E escrevo as informações no arquivo" time="0"/>
  <testcase classname="| Injetor | *20.2*fitbank * | JNL - 20.2 - EMS - FITBANK - Testes de Mobilidade | *CT070.0003 * |" name="| Injetor | *20.2*fitbank * | JNL - 20.2 - EMS - FITBANK - Testes de Mobilidade | *CT070.0003 * |" time="0"/>
  <testcase classname="| Injetor | *20.2*fitbank * | JNL - 20.2 - EMS - FITBANK - Testes de Mobilidade | *CT070.0003 * |" name="Dado usuário está na tela &quot;project list&quot;" time="0"/>
  <testcase classname="| Injetor | *20.2*fitbank * | JNL - 20.2 - EMS - FITBANK - Testes de Mobilidade | *CT070.0003 * |" name="Entao clico no botão &quot;ambiente&quot;" time="0"/>
  <testcase classname="| Injetor | *20.2*fitbank * | JNL - 20.2 - EMS - FITBANK - Testes de Mobilidade | *CT070.0003 * |" name="Entao seleciono lista &quot;lista ambientes&quot; &quot;Injetor&quot;" time="0"/>
  <testcase classname="| Injetor | *20.2*fitbank * | JNL - 20.2 - EMS - FITBANK - Testes de Mobilidade | *CT070.0003 * |" name="Entao clico no botão &quot;filtro&quot;" time="0"/>
  <testcase classname="| Injetor | *20.2*fitbank * | JNL - 20.2 - EMS - FITBANK - Testes de Mobilidade | *CT070.0003 * |" name="E insiro no campo &quot;nome&quot; &quot;*20.2*fitbank *&quot;" time="0"/>
  <testcase classname="| Injetor | *20.2*fitbank * | JNL - 20.2 - EMS - FITBANK - Testes de Mobilidade | *CT070.0003 * |" name="Entao clico no botão &quot;enviar&quot;" time="0"/>
  <testcase classname="| Injetor | *20.2*fitbank * | JNL - 20.2 - EMS - FITBANK - Testes de Mobilidade | *CT070.0003 * |" name="Entao seleciono campo &quot;projeto&quot; na tabela com valor &quot;JNL - 20.2 - EMS - FITBANK - Testes de Mobilidade&quot;" time="0"/>
  <testcase classname="| Injetor | *20.2*fitbank * | JNL - 20.2 - EMS - FITBANK - Testes de Mobilidade | *CT070.0003 * |" name="Entao clico no botão &quot;ciclo&quot;" time="0"/>
  <testcase classname="| Injetor | *20.2*fitbank * | JNL - 20.2 - EMS - FITBANK - Testes de Mobilidade | *CT070.0003 * |" name="E mudo de tela para &quot;project execution&quot;" time="0"/>
  <testcase classname="| Injetor | *20.2*fitbank * | JNL - 20.2 - EMS - FITBANK - Testes de Mobilidade | *CT070.0003 * |" name="Entao clico no botão &quot;filtro&quot;" time="0"/>
  <testcase classname="| Injetor | *20.2*fitbank * | JNL - 20.2 - EMS - FITBANK - Testes de Mobilidade | *CT070.0003 * |" name="E insiro no campo &quot;nome&quot; &quot;*CT070.0003 *&quot;" time="0"/>
  <testcase classname="| Injetor | *20.2*fitbank * | JNL - 20.2 - EMS - FITBANK - Testes de Mobilidade | *CT070.0003 * |" name="Entao clico no botão &quot;enviar&quot;" time="0"/>
  <testcase classname="| Injetor | *20.2*fitbank * | JNL - 20.2 - EMS - FITBANK - Testes de Mobilidade | *CT070.0003 * |" name="E seleciono o campo &quot;caso de teste&quot;" time="0"/>
  <testcase classname="| Injetor | *20.2*fitbank * | JNL - 20.2 - EMS - FITBANK - Testes de Mobilidade | *CT070.0003 * |" name="Entao clico no botão &quot;executar teste&quot;" time="0"/>
  <testcase classname="| Injetor | *20.2*fitbank * | JNL - 20.2 - EMS - FITBANK - Testes de Mobilidade | *CT070.0003 * |" name="E valido o campo &quot;resultado teste&quot;" time="0"/>
  <testcase classname="| Injetor | *20.2*fitbank * | JNL - 20.2 - EMS - FITBANK - Testes de Mobilidade | *CT070.0003 * |" name="E seleciono o campo &quot;caso de teste&quot;" time="0"/>
  <testcase classname="| Injetor | *20.2*fitbank * | JNL - 20.2 - EMS - FITBANK - Testes de Mobilidade | *CT070.0003 * |" name="E adiciono header ao arquivo" time="0"/>
  <testcase classname="| Injetor | *20.2*fitbank * | JNL - 20.2 - EMS - FITBANK - Testes de Mobilidade | *CT070.0003 * |" name="Entao clico no botão &quot;lupa&quot;" time="0"/>
  <testcase classname="| Injetor | *20.2*fitbank * | JNL - 20.2 - EMS - FITBANK - Testes de Mobilidade | *CT070.0003 * |" name="Entao clico no botão &quot;primeiro expand&quot;" time="0"/>
  <testcase classname="| Injetor | *20.2*fitbank * | JNL - 20.2 - EMS - FITBANK - Testes de Mobilidade | *CT070.0003 * |" name="Entao clico no botão &quot;segundo expand&quot;" time="0"/>
  <testcase classname="| Injetor | *20.2*fitbank * | JNL - 20.2 - EMS - FITBANK - Testes de Mobilidade | *CT070.0003 * |" name="E recupero as linhas da transação" time="0"/>
  <testcase classname="| Injetor | *20.2*fitbank * | JNL - 20.2 - EMS - FITBANK - Testes de Mobilidade | *CT070.0003 * |" name="E crio o arquivo" time="0"/>
  <testcase classname="| Injetor | *20.2*fitbank * | JNL - 20.2 - EMS - FITBANK - Testes de Mobilidade | *CT070.0003 * |" name="E escrevo as informações no arquivo" time="0"/>
  <testcase classname="| Injetor | *20.2*fitbank * | JNL - 20.2 - EMS - FITBANK - Testes de Mobilidade | *CT070.0003 * |" name="| Injetor | *20.2*fitbank * | JNL - 20.2 - EMS - FITBANK - Testes de Mobilidade | *CT070.0003 * |" time="0"/>
  <testcase classname="| Injetor | *20.2*fitbank * | JNL - 20.2 - EMS - FITBANK - Testes de Mobilidade | *CT070.0005 * |" name="Dado usuário está na tela &quot;project list&quot;" time="0"/>
  <testcase classname="| Injetor | *20.2*fitbank * | JNL - 20.2 - EMS - FITBANK - Testes de Mobilidade | *CT070.0005 * |" name="Entao clico no botão &quot;ambiente&quot;" time="0"/>
  <testcase classname="| Injetor | *20.2*fitbank * | JNL - 20.2 - EMS - FITBANK - Testes de Mobilidade | *CT070.0005 * |" name="Entao seleciono lista &quot;lista ambientes&quot; &quot;Injetor&quot;" time="0"/>
  <testcase classname="| Injetor | *20.2*fitbank * | JNL - 20.2 - EMS - FITBANK - Testes de Mobilidade | *CT070.0005 * |" name="Entao clico no botão &quot;filtro&quot;" time="0"/>
  <testcase classname="| Injetor | *20.2*fitbank * | JNL - 20.2 - EMS - FITBANK - Testes de Mobilidade | *CT070.0005 * |" name="E insiro no campo &quot;nome&quot; &quot;*20.2*fitbank *&quot;" time="0"/>
  <testcase classname="| Injetor | *20.2*fitbank * | JNL - 20.2 - EMS - FITBANK - Testes de Mobilidade | *CT070.0005 * |" name="Entao clico no botão &quot;enviar&quot;" time="0"/>
  <testcase classname="| Injetor | *20.2*fitbank * | JNL - 20.2 - EMS - FITBANK - Testes de Mobilidade | *CT070.0005 * |" name="Entao seleciono campo &quot;projeto&quot; na tabela com valor &quot;JNL - 20.2 - EMS - FITBANK - Testes de Mobilidade&quot;" time="0"/>
  <testcase classname="| Injetor | *20.2*fitbank * | JNL - 20.2 - EMS - FITBANK - Testes de Mobilidade | *CT070.0005 * |" name="Entao clico no botão &quot;ciclo&quot;" time="0"/>
  <testcase classname="| Injetor | *20.2*fitbank * | JNL - 20.2 - EMS - FITBANK - Testes de Mobilidade | *CT070.0005 * |" name="E mudo de tela para &quot;project execution&quot;" time="0"/>
  <testcase classname="| Injetor | *20.2*fitbank * | JNL - 20.2 - EMS - FITBANK - Testes de Mobilidade | *CT070.0005 * |" name="Entao clico no botão &quot;filtro&quot;" time="0"/>
  <testcase classname="| Injetor | *20.2*fitbank * | JNL - 20.2 - EMS - FITBANK - Testes de Mobilidade | *CT070.0005 * |" name="E insiro no campo &quot;nome&quot; &quot;*CT070.0005 *&quot;" time="0"/>
  <testcase classname="| Injetor | *20.2*fitbank * | JNL - 20.2 - EMS - FITBANK - Testes de Mobilidade | *CT070.0005 * |" name="Entao clico no botão &quot;enviar&quot;" time="0"/>
  <testcase classname="| Injetor | *20.2*fitbank * | JNL - 20.2 - EMS - FITBANK - Testes de Mobilidade | *CT070.0005 * |" name="E seleciono o campo &quot;caso de teste&quot;" time="0"/>
  <testcase classname="| Injetor | *20.2*fitbank * | JNL - 20.2 - EMS - FITBANK - Testes de Mobilidade | *CT070.0005 * |" name="Entao clico no botão &quot;executar teste&quot;" time="0"/>
  <testcase classname="| Injetor | *20.2*fitbank * | JNL - 20.2 - EMS - FITBANK - Testes de Mobilidade | *CT070.0005 * |" name="E valido o campo &quot;resultado teste&quot;" time="0"/>
  <testcase classname="| Injetor | *20.2*fitbank * | JNL - 20.2 - EMS - FITBANK - Testes de Mobilidade | *CT070.0005 * |" name="E seleciono o campo &quot;caso de teste&quot;" time="0"/>
  <testcase classname="| Injetor | *20.2*fitbank * | JNL - 20.2 - EMS - FITBANK - Testes de Mobilidade | *CT070.0005 * |" name="E adiciono header ao arquivo" time="0"/>
  <testcase classname="| Injetor | *20.2*fitbank * | JNL - 20.2 - EMS - FITBANK - Testes de Mobilidade | *CT070.0005 * |" name="Entao clico no botão &quot;lupa&quot;" time="0"/>
  <testcase classname="| Injetor | *20.2*fitbank * | JNL - 20.2 - EMS - FITBANK - Testes de Mobilidade | *CT070.0005 * |" name="Entao clico no botão &quot;primeiro expand&quot;" time="0">
    <error message="stale element reference: element is not attached to the page document
  (Session info: chrome=88.0.4324.150)
For documentation on this error, please visit: http://seleniumhq.org/exceptions/stale_element_reference.html
Build info: version: &apos;3.8.0&apos;, revision: &apos;924c4067df&apos;, time: &apos;2017-11-30T11:20:39.408Z&apos;
System info: host: &apos;PWFAB1480&apos;, ip: &apos;10.3.24.37&apos;, os.name: &apos;Windows 10&apos;, os.arch: &apos;amd64&apos;, os.version: &apos;10.0&apos;, java.version: &apos;1.8.0_241&apos;
Driver info: org.openqa.selenium.chrome.ChromeDriver
Capabilities {acceptInsecureCerts: false, browserName: chrome, browserVersion: 88.0.4324.150, chrome: {chromedriverVersion: 87.0.4280.88 (89e2380a3e36c..., userDataDir: C:\Users\GUILHE~1.OLI\AppDa...}, goog:chromeOptions: {debuggerAddress: localhost:54244}, javascriptEnabled: true, networkConnectionEnabled: false, pageLoadStrategy: normal, platform: WINDOWS, platformName: WINDOWS, proxy: Proxy(), setWindowRect: true, strictFileInteractability: false, timeouts: {implicit: 0, pageLoad: 300000, script: 30000}, unhandledPromptBehavior: dismiss and notify, webauthn:virtualAuthenticators: true}
Session ID: 751a99665cf20d5d6d2dfa1f52a350a4" type="org.openqa.selenium.StaleElementReferenceException">org.openqa.selenium.StaleElementReferenceException: stale element reference: element is not attached to the page document
  (Session info: chrome=88.0.4324.150)
For documentation on this error, please visit: http://seleniumhq.org/exceptions/stale_element_reference.html
Build info: version: &apos;3.8.0&apos;, revision: &apos;924c4067df&apos;, time: &apos;2017-11-30T11:20:39.408Z&apos;
System info: host: &apos;PWFAB1480&apos;, ip: &apos;10.3.24.37&apos;, os.name: &apos;Windows 10&apos;, os.arch: &apos;amd64&apos;, os.version: &apos;10.0&apos;, java.version: &apos;1.8.0_241&apos;
Driver info: org.openqa.selenium.chrome.ChromeDriver
Capabilities {acceptInsecureCerts: false, browserName: chrome, browserVersion: 88.0.4324.150, chrome: {chromedriverVersion: 87.0.4280.88 (89e2380a3e36c..., userDataDir: C:\Users\GUILHE~1.OLI\AppDa...}, goog:chromeOptions: {debuggerAddress: localhost:54244}, javascriptEnabled: true, networkConnectionEnabled: false, pageLoadStrategy: normal, platform: WINDOWS, platformName: WINDOWS, proxy: Proxy(), setWindowRect: true, strictFileInteractability: false, timeouts: {implicit: 0, pageLoad: 300000, script: 30000}, unhandledPromptBehavior: dismiss and notify, webauthn:virtualAuthenticators: true}
Session ID: 751a99665cf20d5d6d2dfa1f52a350a4
	at sun.reflect.NativeConstructorAccessorImpl.newInstance0(Native Method)
	at sun.reflect.NativeConstructorAccessorImpl.newInstance(Unknown Source)
	at sun.reflect.DelegatingConstructorAccessorImpl.newInstance(Unknown Source)
	at java.lang.reflect.Constructor.newInstance(Unknown Source)
	at org.openqa.selenium.remote.http.W3CHttpResponseCodec.createException(W3CHttpResponseCodec.java:187)
	at org.openqa.selenium.remote.http.W3CHttpResponseCodec.decode(W3CHttpResponseCodec.java:122)
	at org.openqa.selenium.remote.http.W3CHttpResponseCodec.decode(W3CHttpResponseCodec.java:49)
	at org.openqa.selenium.remote.HttpCommandExecutor.execute(HttpCommandExecutor.java:164)
	at org.openqa.selenium.remote.service.DriverCommandExecutor.execute(DriverCommandExecutor.java:83)
	at org.openqa.selenium.remote.RemoteWebDriver.execute(RemoteWebDriver.java:601)
	at org.openqa.selenium.remote.RemoteWebElement.execute(RemoteWebElement.java:279)
	at org.openqa.selenium.remote.RemoteWebElement.click(RemoteWebElement.java:83)
	at sun.reflect.GeneratedMethodAccessor5.invoke(Unknown Source)
	at sun.reflect.DelegatingMethodAccessorImpl.invoke(Unknown Source)
	at java.lang.reflect.Method.invoke(Unknown Source)
	at org.openqa.selenium.support.pagefactory.internal.LocatingElementHandler.invoke(LocatingElementHandler.java:51)
	at com.sun.proxy.$Proxy18.click(Unknown Source)
	at functions.Eventos.clicaElemento(Eventos.java:75)
	at functions.Actions.clicarBotao(Actions.java:27)
	at stepDefinitions.commonSD.clicoNoBotão(commonSD.java:33)
	at ✽.Entao clico no botão &quot;primeiro expand&quot;(common.feature:47)
</error>
  </testcase>
  <testcase classname="| Injetor | *20.2*fitbank * | JNL - 20.2 - EMS - FITBANK - Testes de Mobilidade | *CT070.0005 * |" name="| Injetor | *20.2*fitbank * | JNL - 20.2 - EMS - FITBANK - Testes de Mobilidade | *CT070.0005 * |" time="0">
    <error message="stale element reference: element is not attached to the page document
  (Session info: chrome=88.0.4324.150)
For documentation on this error, please visit: http://seleniumhq.org/exceptions/stale_element_reference.html
Build info: version: &apos;3.8.0&apos;, revision: &apos;924c4067df&apos;, time: &apos;2017-11-30T11:20:39.408Z&apos;
System info: host: &apos;PWFAB1480&apos;, ip: &apos;10.3.24.37&apos;, os.name: &apos;Windows 10&apos;, os.arch: &apos;amd64&apos;, os.version: &apos;10.0&apos;, java.version: &apos;1.8.0_241&apos;
Driver info: org.openqa.selenium.chrome.ChromeDriver
Capabilities {acceptInsecureCerts: false, browserName: chrome, browserVersion: 88.0.4324.150, chrome: {chromedriverVersion: 87.0.4280.88 (89e2380a3e36c..., userDataDir: C:\Users\GUILHE~1.OLI\AppDa...}, goog:chromeOptions: {debuggerAddress: localhost:54244}, javascriptEnabled: true, networkConnectionEnabled: false, pageLoadStrategy: normal, platform: WINDOWS, platformName: WINDOWS, proxy: Proxy(), setWindowRect: true, strictFileInteractability: false, timeouts: {implicit: 0, pageLoad: 300000, script: 30000}, unhandledPromptBehavior: dismiss and notify, webauthn:virtualAuthenticators: true}
Session ID: 751a99665cf20d5d6d2dfa1f52a350a4" type="org.openqa.selenium.StaleElementReferenceException">org.openqa.selenium.StaleElementReferenceException: stale element reference: element is not attached to the page document
  (Session info: chrome=88.0.4324.150)
For documentation on this error, please visit: http://seleniumhq.org/exceptions/stale_element_reference.html
Build info: version: &apos;3.8.0&apos;, revision: &apos;924c4067df&apos;, time: &apos;2017-11-30T11:20:39.408Z&apos;
System info: host: &apos;PWFAB1480&apos;, ip: &apos;10.3.24.37&apos;, os.name: &apos;Windows 10&apos;, os.arch: &apos;amd64&apos;, os.version: &apos;10.0&apos;, java.version: &apos;1.8.0_241&apos;
Driver info: org.openqa.selenium.chrome.ChromeDriver
Capabilities {acceptInsecureCerts: false, browserName: chrome, browserVersion: 88.0.4324.150, chrome: {chromedriverVersion: 87.0.4280.88 (89e2380a3e36c..., userDataDir: C:\Users\GUILHE~1.OLI\AppDa...}, goog:chromeOptions: {debuggerAddress: localhost:54244}, javascriptEnabled: true, networkConnectionEnabled: false, pageLoadStrategy: normal, platform: WINDOWS, platformName: WINDOWS, proxy: Proxy(), setWindowRect: true, strictFileInteractability: false, timeouts: {implicit: 0, pageLoad: 300000, script: 30000}, unhandledPromptBehavior: dismiss and notify, webauthn:virtualAuthenticators: true}
Session ID: 751a99665cf20d5d6d2dfa1f52a350a4
	at sun.reflect.NativeConstructorAccessorImpl.newInstance0(Native Method)
	at sun.reflect.NativeConstructorAccessorImpl.newInstance(Unknown Source)
	at sun.reflect.DelegatingConstructorAccessorImpl.newInstance(Unknown Source)
	at java.lang.reflect.Constructor.newInstance(Unknown Source)
	at org.openqa.selenium.remote.http.W3CHttpResponseCodec.createException(W3CHttpResponseCodec.java:187)
	at org.openqa.selenium.remote.http.W3CHttpResponseCodec.decode(W3CHttpResponseCodec.java:122)
	at org.openqa.selenium.remote.http.W3CHttpResponseCodec.decode(W3CHttpResponseCodec.java:49)
	at org.openqa.selenium.remote.HttpCommandExecutor.execute(HttpCommandExecutor.java:164)
	at org.openqa.selenium.remote.service.DriverCommandExecutor.execute(DriverCommandExecutor.java:83)
	at org.openqa.selenium.remote.RemoteWebDriver.execute(RemoteWebDriver.java:601)
	at org.openqa.selenium.remote.RemoteWebElement.execute(RemoteWebElement.java:279)
	at org.openqa.selenium.remote.RemoteWebElement.click(RemoteWebElement.java:83)
	at sun.reflect.GeneratedMethodAccessor5.invoke(Unknown Source)
	at sun.reflect.DelegatingMethodAccessorImpl.invoke(Unknown Source)
	at java.lang.reflect.Method.invoke(Unknown Source)
	at org.openqa.selenium.support.pagefactory.internal.LocatingElementHandler.invoke(LocatingElementHandler.java:51)
	at com.sun.proxy.$Proxy18.click(Unknown Source)
	at functions.Eventos.clicaElemento(Eventos.java:75)
	at functions.Actions.clicarBotao(Actions.java:27)
	at stepDefinitions.commonSD.clicoNoBotão(commonSD.java:33)
	at ✽.Entao clico no botão &quot;primeiro expand&quot;(common.feature:47)
</error>
  </testcase>
  <testcase classname="| Injetor | *20.2*fitbank * | JNL - 20.2 - EMS - FITBANK - Testes de Mobilidade | *CT070.0005 * |" name="Entao clico no botão &quot;segundo expand&quot;" time="0">
    <skipped/>
  </testcase>
  <testcase classname="| Injetor | *20.2*fitbank * | JNL - 20.2 - EMS - FITBANK - Testes de Mobilidade | *CT070.0005 * |" name="E recupero as linhas da transação" time="0">
    <skipped/>
  </testcase>
  <testcase classname="| Injetor | *20.2*fitbank * | JNL - 20.2 - EMS - FITBANK - Testes de Mobilidade | *CT070.0005 * |" name="E crio o arquivo" time="0">
    <skipped/>
  </testcase>
  <testcase classname="| Injetor | *20.2*fitbank * | JNL - 20.2 - EMS - FITBANK - Testes de Mobilidade | *CT070.0005 * |" name="E escrevo as informações no arquivo" time="0">
    <skipped/>
  </testcase>
  <testcase classname="| Injetor | *20.2*fitbank * | JNL - 20.2 - EMS - FITBANK - Testes de Mobilidade | *CT070.0005 * |" name="Dado usuário está na tela &quot;project list&quot;" time="0"/>
  <testcase classname="| Injetor | *20.2*fitbank * | JNL - 20.2 - EMS - FITBANK - Testes de Mobilidade | *CT070.0005 * |" name="Entao clico no botão &quot;ambiente&quot;" time="0"/>
  <testcase classname="| Injetor | *20.2*fitbank * | JNL - 20.2 - EMS - FITBANK - Testes de Mobilidade | *CT070.0005 * |" name="Entao seleciono lista &quot;lista ambientes&quot; &quot;Injetor&quot;" time="0"/>
  <testcase classname="| Injetor | *20.2*fitbank * | JNL - 20.2 - EMS - FITBANK - Testes de Mobilidade | *CT070.0005 * |" name="Entao clico no botão &quot;filtro&quot;" time="0"/>
  <testcase classname="| Injetor | *20.2*fitbank * | JNL - 20.2 - EMS - FITBANK - Testes de Mobilidade | *CT070.0005 * |" name="E insiro no campo &quot;nome&quot; &quot;*20.2*fitbank *&quot;" time="0"/>
  <testcase classname="| Injetor | *20.2*fitbank * | JNL - 20.2 - EMS - FITBANK - Testes de Mobilidade | *CT070.0005 * |" name="Entao clico no botão &quot;enviar&quot;" time="0"/>
  <testcase classname="| Injetor | *20.2*fitbank * | JNL - 20.2 - EMS - FITBANK - Testes de Mobilidade | *CT070.0005 * |" name="Entao seleciono campo &quot;projeto&quot; na tabela com valor &quot;JNL - 20.2 - EMS - FITBANK - Testes de Mobilidade&quot;" time="0"/>
  <testcase classname="| Injetor | *20.2*fitbank * | JNL - 20.2 - EMS - FITBANK - Testes de Mobilidade | *CT070.0005 * |" name="Entao clico no botão &quot;ciclo&quot;" time="0"/>
  <testcase classname="| Injetor | *20.2*fitbank * | JNL - 20.2 - EMS - FITBANK - Testes de Mobilidade | *CT070.0005 * |" name="E mudo de tela para &quot;project execution&quot;" time="0"/>
  <testcase classname="| Injetor | *20.2*fitbank * | JNL - 20.2 - EMS - FITBANK - Testes de Mobilidade | *CT070.0005 * |" name="Entao clico no botão &quot;filtro&quot;" time="0"/>
  <testcase classname="| Injetor | *20.2*fitbank * | JNL - 20.2 - EMS - FITBANK - Testes de Mobilidade | *CT070.0005 * |" name="E insiro no campo &quot;nome&quot; &quot;*CT070.0005 *&quot;" time="0"/>
  <testcase classname="| Injetor | *20.2*fitbank * | JNL - 20.2 - EMS - FITBANK - Testes de Mobilidade | *CT070.0005 * |" name="Entao clico no botão &quot;enviar&quot;" time="0"/>
  <testcase classname="| Injetor | *20.2*fitbank * | JNL - 20.2 - EMS - FITBANK - Testes de Mobilidade | *CT070.0005 * |" name="E seleciono o campo &quot;caso de teste&quot;" time="0"/>
  <testcase classname="| Injetor | *20.2*fitbank * | JNL - 20.2 - EMS - FITBANK - Testes de Mobilidade | *CT070.0005 * |" name="Entao clico no botão &quot;executar teste&quot;" time="0"/>
  <testcase classname="| Injetor | *20.2*fitbank * | JNL - 20.2 - EMS - FITBANK - Testes de Mobilidade | *CT070.0005 * |" name="E valido o campo &quot;resultado teste&quot;" time="0"/>
  <testcase classname="| Injetor | *20.2*fitbank * | JNL - 20.2 - EMS - FITBANK - Testes de Mobilidade | *CT070.0005 * |" name="E seleciono o campo &quot;caso de teste&quot;" time="0"/>
  <testcase classname="| Injetor | *20.2*fitbank * | JNL - 20.2 - EMS - FITBANK - Testes de Mobilidade | *CT070.0005 * |" name="E adiciono header ao arquivo" time="0"/>
  <testcase classname="| Injetor | *20.2*fitbank * | JNL - 20.2 - EMS - FITBANK - Testes de Mobilidade | *CT070.0005 * |" name="Entao clico no botão &quot;lupa&quot;" time="0"/>
  <testcase classname="| Injetor | *20.2*fitbank * | JNL - 20.2 - EMS - FITBANK - Testes de Mobilidade | *CT070.0005 * |" name="Entao clico no botão &quot;primeiro expand&quot;" time="0">
    <error message="stale element reference: element is not attached to the page document
  (Session info: chrome=88.0.4324.150)
For documentation on this error, please visit: http://seleniumhq.org/exceptions/stale_element_reference.html
Build info: version: &apos;3.8.0&apos;, revision: &apos;924c4067df&apos;, time: &apos;2017-11-30T11:20:39.408Z&apos;
System info: host: &apos;PWFAB1480&apos;, ip: &apos;10.3.24.37&apos;, os.name: &apos;Windows 10&apos;, os.arch: &apos;amd64&apos;, os.version: &apos;10.0&apos;, java.version: &apos;1.8.0_241&apos;
Driver info: org.openqa.selenium.chrome.ChromeDriver
Capabilities {acceptInsecureCerts: false, browserName: chrome, browserVersion: 88.0.4324.150, chrome: {chromedriverVersion: 87.0.4280.88 (89e2380a3e36c..., userDataDir: C:\Users\GUILHE~1.OLI\AppDa...}, goog:chromeOptions: {debuggerAddress: localhost:54244}, javascriptEnabled: true, networkConnectionEnabled: false, pageLoadStrategy: normal, platform: WINDOWS, platformName: WINDOWS, proxy: Proxy(), setWindowRect: true, strictFileInteractability: false, timeouts: {implicit: 0, pageLoad: 300000, script: 30000}, unhandledPromptBehavior: dismiss and notify, webauthn:virtualAuthenticators: true}
Session ID: 751a99665cf20d5d6d2dfa1f52a350a4" type="org.openqa.selenium.StaleElementReferenceException">org.openqa.selenium.StaleElementReferenceException: stale element reference: element is not attached to the page document
  (Session info: chrome=88.0.4324.150)
For documentation on this error, please visit: http://seleniumhq.org/exceptions/stale_element_reference.html
Build info: version: &apos;3.8.0&apos;, revision: &apos;924c4067df&apos;, time: &apos;2017-11-30T11:20:39.408Z&apos;
System info: host: &apos;PWFAB1480&apos;, ip: &apos;10.3.24.37&apos;, os.name: &apos;Windows 10&apos;, os.arch: &apos;amd64&apos;, os.version: &apos;10.0&apos;, java.version: &apos;1.8.0_241&apos;
Driver info: org.openqa.selenium.chrome.ChromeDriver
Capabilities {acceptInsecureCerts: false, browserName: chrome, browserVersion: 88.0.4324.150, chrome: {chromedriverVersion: 87.0.4280.88 (89e2380a3e36c..., userDataDir: C:\Users\GUILHE~1.OLI\AppDa...}, goog:chromeOptions: {debuggerAddress: localhost:54244}, javascriptEnabled: true, networkConnectionEnabled: false, pageLoadStrategy: normal, platform: WINDOWS, platformName: WINDOWS, proxy: Proxy(), setWindowRect: true, strictFileInteractability: false, timeouts: {implicit: 0, pageLoad: 300000, script: 30000}, unhandledPromptBehavior: dismiss and notify, webauthn:virtualAuthenticators: true}
Session ID: 751a99665cf20d5d6d2dfa1f52a350a4
	at sun.reflect.NativeConstructorAccessorImpl.newInstance0(Native Method)
	at sun.reflect.NativeConstructorAccessorImpl.newInstance(Unknown Source)
	at sun.reflect.DelegatingConstructorAccessorImpl.newInstance(Unknown Source)
	at java.lang.reflect.Constructor.newInstance(Unknown Source)
	at org.openqa.selenium.remote.http.W3CHttpResponseCodec.createException(W3CHttpResponseCodec.java:187)
	at org.openqa.selenium.remote.http.W3CHttpResponseCodec.decode(W3CHttpResponseCodec.java:122)
	at org.openqa.selenium.remote.http.W3CHttpResponseCodec.decode(W3CHttpResponseCodec.java:49)
	at org.openqa.selenium.remote.HttpCommandExecutor.execute(HttpCommandExecutor.java:164)
	at org.openqa.selenium.remote.service.DriverCommandExecutor.execute(DriverCommandExecutor.java:83)
	at org.openqa.selenium.remote.RemoteWebDriver.execute(RemoteWebDriver.java:601)
	at org.openqa.selenium.remote.RemoteWebElement.execute(RemoteWebElement.java:279)
	at org.openqa.selenium.remote.RemoteWebElement.click(RemoteWebElement.java:83)
	at sun.reflect.GeneratedMethodAccessor5.invoke(Unknown Source)
	at sun.reflect.DelegatingMethodAccessorImpl.invoke(Unknown Source)
	at java.lang.reflect.Method.invoke(Unknown Source)
	at org.openqa.selenium.support.pagefactory.internal.LocatingElementHandler.invoke(LocatingElementHandler.java:51)
	at com.sun.proxy.$Proxy18.click(Unknown Source)
	at functions.Eventos.clicaElemento(Eventos.java:75)
	at functions.Actions.clicarBotao(Actions.java:27)
	at stepDefinitions.commonSD.clicoNoBotão(commonSD.java:33)
	at ✽.Entao clico no botão &quot;primeiro expand&quot;(common.feature:47)
</error>
  </testcase>
  <testcase classname="| Injetor | *20.2*fitbank * | JNL - 20.2 - EMS - FITBANK - Testes de Mobilidade | *CT070.0005 * |" name="| Injetor | *20.2*fitbank * | JNL - 20.2 - EMS - FITBANK - Testes de Mobilidade | *CT070.0005 * |" time="0">
    <error message="stale element reference: element is not attached to the page document
  (Session info: chrome=88.0.4324.150)
For documentation on this error, please visit: http://seleniumhq.org/exceptions/stale_element_reference.html
Build info: version: &apos;3.8.0&apos;, revision: &apos;924c4067df&apos;, time: &apos;2017-11-30T11:20:39.408Z&apos;
System info: host: &apos;PWFAB1480&apos;, ip: &apos;10.3.24.37&apos;, os.name: &apos;Windows 10&apos;, os.arch: &apos;amd64&apos;, os.version: &apos;10.0&apos;, java.version: &apos;1.8.0_241&apos;
Driver info: org.openqa.selenium.chrome.ChromeDriver
Capabilities {acceptInsecureCerts: false, browserName: chrome, browserVersion: 88.0.4324.150, chrome: {chromedriverVersion: 87.0.4280.88 (89e2380a3e36c..., userDataDir: C:\Users\GUILHE~1.OLI\AppDa...}, goog:chromeOptions: {debuggerAddress: localhost:54244}, javascriptEnabled: true, networkConnectionEnabled: false, pageLoadStrategy: normal, platform: WINDOWS, platformName: WINDOWS, proxy: Proxy(), setWindowRect: true, strictFileInteractability: false, timeouts: {implicit: 0, pageLoad: 300000, script: 30000}, unhandledPromptBehavior: dismiss and notify, webauthn:virtualAuthenticators: true}
Session ID: 751a99665cf20d5d6d2dfa1f52a350a4" type="org.openqa.selenium.StaleElementReferenceException">org.openqa.selenium.StaleElementReferenceException: stale element reference: element is not attached to the page document
  (Session info: chrome=88.0.4324.150)
For documentation on this error, please visit: http://seleniumhq.org/exceptions/stale_element_reference.html
Build info: version: &apos;3.8.0&apos;, revision: &apos;924c4067df&apos;, time: &apos;2017-11-30T11:20:39.408Z&apos;
System info: host: &apos;PWFAB1480&apos;, ip: &apos;10.3.24.37&apos;, os.name: &apos;Windows 10&apos;, os.arch: &apos;amd64&apos;, os.version: &apos;10.0&apos;, java.version: &apos;1.8.0_241&apos;
Driver info: org.openqa.selenium.chrome.ChromeDriver
Capabilities {acceptInsecureCerts: false, browserName: chrome, browserVersion: 88.0.4324.150, chrome: {chromedriverVersion: 87.0.4280.88 (89e2380a3e36c..., userDataDir: C:\Users\GUILHE~1.OLI\AppDa...}, goog:chromeOptions: {debuggerAddress: localhost:54244}, javascriptEnabled: true, networkConnectionEnabled: false, pageLoadStrategy: normal, platform: WINDOWS, platformName: WINDOWS, proxy: Proxy(), setWindowRect: true, strictFileInteractability: false, timeouts: {implicit: 0, pageLoad: 300000, script: 30000}, unhandledPromptBehavior: dismiss and notify, webauthn:virtualAuthenticators: true}
Session ID: 751a99665cf20d5d6d2dfa1f52a350a4
	at sun.reflect.NativeConstructorAccessorImpl.newInstance0(Native Method)
	at sun.reflect.NativeConstructorAccessorImpl.newInstance(Unknown Source)
	at sun.reflect.DelegatingConstructorAccessorImpl.newInstance(Unknown Source)
	at java.lang.reflect.Constructor.newInstance(Unknown Source)
	at org.openqa.selenium.remote.http.W3CHttpResponseCodec.createException(W3CHttpResponseCodec.java:187)
	at org.openqa.selenium.remote.http.W3CHttpResponseCodec.decode(W3CHttpResponseCodec.java:122)
	at org.openqa.selenium.remote.http.W3CHttpResponseCodec.decode(W3CHttpResponseCodec.java:49)
	at org.openqa.selenium.remote.HttpCommandExecutor.execute(HttpCommandExecutor.java:164)
	at org.openqa.selenium.remote.service.DriverCommandExecutor.execute(DriverCommandExecutor.java:83)
	at org.openqa.selenium.remote.RemoteWebDriver.execute(RemoteWebDriver.java:601)
	at org.openqa.selenium.remote.RemoteWebElement.execute(RemoteWebElement.java:279)
	at org.openqa.selenium.remote.RemoteWebElement.click(RemoteWebElement.java:83)
	at sun.reflect.GeneratedMethodAccessor5.invoke(Unknown Source)
	at sun.reflect.DelegatingMethodAccessorImpl.invoke(Unknown Source)
	at java.lang.reflect.Method.invoke(Unknown Source)
	at org.openqa.selenium.support.pagefactory.internal.LocatingElementHandler.invoke(LocatingElementHandler.java:51)
	at com.sun.proxy.$Proxy18.click(Unknown Source)
	at functions.Eventos.clicaElemento(Eventos.java:75)
	at functions.Actions.clicarBotao(Actions.java:27)
	at stepDefinitions.commonSD.clicoNoBotão(commonSD.java:33)
	at ✽.Entao clico no botão &quot;primeiro expand&quot;(common.feature:47)
</error>
  </testcase>
  <testcase classname="| Injetor | *20.2*fitbank * | JNL - 20.2 - EMS - FITBANK - Testes de Mobilidade | *CT070.0005 * |" name="Entao clico no botão &quot;segundo expand&quot;" time="0">
    <skipped/>
  </testcase>
  <testcase classname="| Injetor | *20.2*fitbank * | JNL - 20.2 - EMS - FITBANK - Testes de Mobilidade | *CT070.0005 * |" name="E recupero as linhas da transação" time="0">
    <skipped/>
  </testcase>
  <testcase classname="| Injetor | *20.2*fitbank * | JNL - 20.2 - EMS - FITBANK - Testes de Mobilidade | *CT070.0005 * |" name="E crio o arquivo" time="0">
    <skipped/>
  </testcase>
  <testcase classname="| Injetor | *20.2*fitbank * | JNL - 20.2 - EMS - FITBANK - Testes de Mobilidade | *CT070.0005 * |" name="E escrevo as informações no arquivo" time="0">
    <skipped/>
  </testcase>
  <testcase classname="| Injetor | *20.2*fitbank * | JNL - 20.2 - EMS - FITBANK - Testes de Mobilidade | *CT070.0005 * |" name="Dado usuário está na tela &quot;project list&quot;" time="0"/>
  <testcase classname="| Injetor | *20.2*fitbank * | JNL - 20.2 - EMS - FITBANK - Testes de Mobilidade | *CT070.0005 * |" name="Entao clico no botão &quot;ambiente&quot;" time="0"/>
  <testcase classname="| Injetor | *20.2*fitbank * | JNL - 20.2 - EMS - FITBANK - Testes de Mobilidade | *CT070.0005 * |" name="Entao seleciono lista &quot;lista ambientes&quot; &quot;Injetor&quot;" time="0"/>
  <testcase classname="| Injetor | *20.2*fitbank * | JNL - 20.2 - EMS - FITBANK - Testes de Mobilidade | *CT070.0005 * |" name="Entao clico no botão &quot;filtro&quot;" time="0"/>
  <testcase classname="| Injetor | *20.2*fitbank * | JNL - 20.2 - EMS - FITBANK - Testes de Mobilidade | *CT070.0005 * |" name="E insiro no campo &quot;nome&quot; &quot;*20.2*fitbank *&quot;" time="0"/>
  <testcase classname="| Injetor | *20.2*fitbank * | JNL - 20.2 - EMS - FITBANK - Testes de Mobilidade | *CT070.0005 * |" name="Entao clico no botão &quot;enviar&quot;" time="0"/>
  <testcase classname="| Injetor | *20.2*fitbank * | JNL - 20.2 - EMS - FITBANK - Testes de Mobilidade | *CT070.0005 * |" name="Entao seleciono campo &quot;projeto&quot; na tabela com valor &quot;JNL - 20.2 - EMS - FITBANK - Testes de Mobilidade&quot;" time="0"/>
  <testcase classname="| Injetor | *20.2*fitbank * | JNL - 20.2 - EMS - FITBANK - Testes de Mobilidade | *CT070.0005 * |" name="Entao clico no botão &quot;ciclo&quot;" time="0"/>
  <testcase classname="| Injetor | *20.2*fitbank * | JNL - 20.2 - EMS - FITBANK - Testes de Mobilidade | *CT070.0005 * |" name="E mudo de tela para &quot;project execution&quot;" time="0"/>
  <testcase classname="| Injetor | *20.2*fitbank * | JNL - 20.2 - EMS - FITBANK - Testes de Mobilidade | *CT070.0005 * |" name="Entao clico no botão &quot;filtro&quot;" time="0"/>
  <testcase classname="| Injetor | *20.2*fitbank * | JNL - 20.2 - EMS - FITBANK - Testes de Mobilidade | *CT070.0005 * |" name="E insiro no campo &quot;nome&quot; &quot;*CT070.0005 *&quot;" time="0"/>
  <testcase classname="| Injetor | *20.2*fitbank * | JNL - 20.2 - EMS - FITBANK - Testes de Mobilidade | *CT070.0005 * |" name="Entao clico no botão &quot;enviar&quot;" time="0"/>
  <testcase classname="| Injetor | *20.2*fitbank * | JNL - 20.2 - EMS - FITBANK - Testes de Mobilidade | *CT070.0005 * |" name="E seleciono o campo &quot;caso de teste&quot;" time="0"/>
  <testcase classname="| Injetor | *20.2*fitbank * | JNL - 20.2 - EMS - FITBANK - Testes de Mobilidade | *CT070.0005 * |" name="Entao clico no botão &quot;executar teste&quot;" time="0"/>
  <testcase classname="| Injetor | *20.2*fitbank * | JNL - 20.2 - EMS - FITBANK - Testes de Mobilidade | *CT070.0005 * |" name="E valido o campo &quot;resultado teste&quot;" time="0"/>
  <testcase classname="| Injetor | *20.2*fitbank * | JNL - 20.2 - EMS - FITBANK - Testes de Mobilidade | *CT070.0005 * |" name="E seleciono o campo &quot;caso de teste&quot;" time="0"/>
  <testcase classname="| Injetor | *20.2*fitbank * | JNL - 20.2 - EMS - FITBANK - Testes de Mobilidade | *CT070.0005 * |" name="E adiciono header ao arquivo" time="0"/>
  <testcase classname="| Injetor | *20.2*fitbank * | JNL - 20.2 - EMS - FITBANK - Testes de Mobilidade | *CT070.0005 * |" name="Entao clico no botão &quot;lupa&quot;" time="0"/>
  <testcase classname="| Injetor | *20.2*fitbank * | JNL - 20.2 - EMS - FITBANK - Testes de Mobilidade | *CT070.0005 * |" name="Entao clico no botão &quot;primeiro expand&quot;" time="0"/>
  <testcase classname="| Injetor | *20.2*fitbank * | JNL - 20.2 - EMS - FITBANK - Testes de Mobilidade | *CT070.0005 * |" name="Entao clico no botão &quot;segundo expand&quot;" time="0"/>
  <testcase classname="| Injetor | *20.2*fitbank * | JNL - 20.2 - EMS - FITBANK - Testes de Mobilidade | *CT070.0005 * |" name="E recupero as linhas da transação" time="0"/>
  <testcase classname="| Injetor | *20.2*fitbank * | JNL - 20.2 - EMS - FITBANK - Testes de Mobilidade | *CT070.0005 * |" name="E crio o arquivo" time="0"/>
  <testcase classname="| Injetor | *20.2*fitbank * | JNL - 20.2 - EMS - FITBANK - Testes de Mobilidade | *CT070.0005 * |" name="E escrevo as informações no arquivo" time="0"/>
  <testcase classname="| Injetor | *20.2*fitbank * | JNL - 20.2 - EMS - FITBANK - Testes de Mobilidade | *CT070.0005 * |" name="| Injetor | *20.2*fitbank * | JNL - 20.2 - EMS - FITBANK - Testes de Mobilidade | *CT070.0005 * |" time="0"/>
  <testcase classname="| Injetor | *20.2*fitbank * | JNL - 20.2 - EMS - FITBANK - Testes de Mobilidade | *CT070.0005 * |" name="Dado usuário está na tela &quot;project list&quot;" time="0"/>
  <testcase classname="| Injetor | *20.2*fitbank * | JNL - 20.2 - EMS - FITBANK - Testes de Mobilidade | *CT070.0005 * |" name="Entao clico no botão &quot;ambiente&quot;" time="0"/>
  <testcase classname="| Injetor | *20.2*fitbank * | JNL - 20.2 - EMS - FITBANK - Testes de Mobilidade | *CT070.0005 * |" name="Entao seleciono lista &quot;lista ambientes&quot; &quot;Injetor&quot;" time="0"/>
  <testcase classname="| Injetor | *20.2*fitbank * | JNL - 20.2 - EMS - FITBANK - Testes de Mobilidade | *CT070.0005 * |" name="Entao clico no botão &quot;filtro&quot;" time="0"/>
  <testcase classname="| Injetor | *20.2*fitbank * | JNL - 20.2 - EMS - FITBANK - Testes de Mobilidade | *CT070.0005 * |" name="E insiro no campo &quot;nome&quot; &quot;*20.2*fitbank *&quot;" time="0"/>
  <testcase classname="| Injetor | *20.2*fitbank * | JNL - 20.2 - EMS - FITBANK - Testes de Mobilidade | *CT070.0005 * |" name="Entao clico no botão &quot;enviar&quot;" time="0"/>
  <testcase classname="| Injetor | *20.2*fitbank * | JNL - 20.2 - EMS - FITBANK - Testes de Mobilidade | *CT070.0005 * |" name="Entao seleciono campo &quot;projeto&quot; na tabela com valor &quot;JNL - 20.2 - EMS - FITBANK - Testes de Mobilidade&quot;" time="0"/>
  <testcase classname="| Injetor | *20.2*fitbank * | JNL - 20.2 - EMS - FITBANK - Testes de Mobilidade | *CT070.0005 * |" name="Entao clico no botão &quot;ciclo&quot;" time="0"/>
  <testcase classname="| Injetor | *20.2*fitbank * | JNL - 20.2 - EMS - FITBANK - Testes de Mobilidade | *CT070.0005 * |" name="E mudo de tela para &quot;project execution&quot;" time="0"/>
  <testcase classname="| Injetor | *20.2*fitbank * | JNL - 20.2 - EMS - FITBANK - Testes de Mobilidade | *CT070.0005 * |" name="Entao clico no botão &quot;filtro&quot;" time="0"/>
  <testcase classname="| Injetor | *20.2*fitbank * | JNL - 20.2 - EMS - FITBANK - Testes de Mobilidade | *CT070.0005 * |" name="E insiro no campo &quot;nome&quot; &quot;*CT070.0005 *&quot;" time="0"/>
  <testcase classname="| Injetor | *20.2*fitbank * | JNL - 20.2 - EMS - FITBANK - Testes de Mobilidade | *CT070.0005 * |" name="Entao clico no botão &quot;enviar&quot;" time="0"/>
  <testcase classname="| Injetor | *20.2*fitbank * | JNL - 20.2 - EMS - FITBANK - Testes de Mobilidade | *CT070.0005 * |" name="E seleciono o campo &quot;caso de teste&quot;" time="0"/>
  <testcase classname="| Injetor | *20.2*fitbank * | JNL - 20.2 - EMS - FITBANK - Testes de Mobilidade | *CT070.0005 * |" name="Entao clico no botão &quot;executar teste&quot;" time="0"/>
  <testcase classname="| Injetor | *20.2*fitbank * | JNL - 20.2 - EMS - FITBANK - Testes de Mobilidade | *CT070.0005 * |" name="E valido o campo &quot;resultado teste&quot;" time="0"/>
  <testcase classname="| Injetor | *20.2*fitbank * | JNL - 20.2 - EMS - FITBANK - Testes de Mobilidade | *CT070.0005 * |" name="E seleciono o campo &quot;caso de teste&quot;" time="0"/>
  <testcase classname="| Injetor | *20.2*fitbank * | JNL - 20.2 - EMS - FITBANK - Testes de Mobilidade | *CT070.0005 * |" name="E adiciono header ao arquivo" time="0"/>
  <testcase classname="| Injetor | *20.2*fitbank * | JNL - 20.2 - EMS - FITBANK - Testes de Mobilidade | *CT070.0005 * |" name="Entao clico no botão &quot;lupa&quot;" time="0"/>
  <testcase classname="| Injetor | *20.2*fitbank * | JNL - 20.2 - EMS - FITBANK - Testes de Mobilidade | *CT070.0005 * |" name="Entao clico no botão &quot;primeiro expand&quot;" time="0"/>
  <testcase classname="| Injetor | *20.2*fitbank * | JNL - 20.2 - EMS - FITBANK - Testes de Mobilidade | *CT070.0005 * |" name="Entao clico no botão &quot;segundo expand&quot;" time="0"/>
  <testcase classname="| Injetor | *20.2*fitbank * | JNL - 20.2 - EMS - FITBANK - Testes de Mobilidade | *CT070.0005 * |" name="E recupero as linhas da transação" time="0"/>
  <testcase classname="| Injetor | *20.2*fitbank * | JNL - 20.2 - EMS - FITBANK - Testes de Mobilidade | *CT070.0005 * |" name="E crio o arquivo" time="0"/>
  <testcase classname="| Injetor | *20.2*fitbank * | JNL - 20.2 - EMS - FITBANK - Testes de Mobilidade | *CT070.0005 * |" name="E escrevo as informações no arquivo" time="0"/>
  <testcase classname="| Injetor | *20.2*fitbank * | JNL - 20.2 - EMS - FITBANK - Testes de Mobilidade | *CT070.0005 * |" name="| Injetor | *20.2*fitbank * | JNL - 20.2 - EMS - FITBANK - Testes de Mobilidade | *CT070.0005 * |" time="0"/>
  <testcase classname="| Injetor | *20.2*fitbank * | JNL - 20.2 - EMS - FITBANK - Testes de Mobilidade | *CT070.0011 * |" name="Dado usuário está na tela &quot;project list&quot;" time="0"/>
  <testcase classname="| Injetor | *20.2*fitbank * | JNL - 20.2 - EMS - FITBANK - Testes de Mobilidade | *CT070.0011 * |" name="Entao clico no botão &quot;ambiente&quot;" time="0"/>
  <testcase classname="| Injetor | *20.2*fitbank * | JNL - 20.2 - EMS - FITBANK - Testes de Mobilidade | *CT070.0011 * |" name="Entao seleciono lista &quot;lista ambientes&quot; &quot;Injetor&quot;" time="0"/>
  <testcase classname="| Injetor | *20.2*fitbank * | JNL - 20.2 - EMS - FITBANK - Testes de Mobilidade | *CT070.0011 * |" name="Entao clico no botão &quot;filtro&quot;" time="0"/>
  <testcase classname="| Injetor | *20.2*fitbank * | JNL - 20.2 - EMS - FITBANK - Testes de Mobilidade | *CT070.0011 * |" name="E insiro no campo &quot;nome&quot; &quot;*20.2*fitbank *&quot;" time="0"/>
  <testcase classname="| Injetor | *20.2*fitbank * | JNL - 20.2 - EMS - FITBANK - Testes de Mobilidade | *CT070.0011 * |" name="Entao clico no botão &quot;enviar&quot;" time="0"/>
  <testcase classname="| Injetor | *20.2*fitbank * | JNL - 20.2 - EMS - FITBANK - Testes de Mobilidade | *CT070.0011 * |" name="Entao seleciono campo &quot;projeto&quot; na tabela com valor &quot;JNL - 20.2 - EMS - FITBANK - Testes de Mobilidade&quot;" time="0"/>
  <testcase classname="| Injetor | *20.2*fitbank * | JNL - 20.2 - EMS - FITBANK - Testes de Mobilidade | *CT070.0011 * |" name="Entao clico no botão &quot;ciclo&quot;" time="0"/>
  <testcase classname="| Injetor | *20.2*fitbank * | JNL - 20.2 - EMS - FITBANK - Testes de Mobilidade | *CT070.0011 * |" name="E mudo de tela para &quot;project execution&quot;" time="0"/>
  <testcase classname="| Injetor | *20.2*fitbank * | JNL - 20.2 - EMS - FITBANK - Testes de Mobilidade | *CT070.0011 * |" name="Entao clico no botão &quot;filtro&quot;" time="0"/>
  <testcase classname="| Injetor | *20.2*fitbank * | JNL - 20.2 - EMS - FITBANK - Testes de Mobilidade | *CT070.0011 * |" name="E insiro no campo &quot;nome&quot; &quot;*CT070.0011 *&quot;" time="0"/>
  <testcase classname="| Injetor | *20.2*fitbank * | JNL - 20.2 - EMS - FITBANK - Testes de Mobilidade | *CT070.0011 * |" name="Entao clico no botão &quot;enviar&quot;" time="0"/>
  <testcase classname="| Injetor | *20.2*fitbank * | JNL - 20.2 - EMS - FITBANK - Testes de Mobilidade | *CT070.0011 * |" name="E seleciono o campo &quot;caso de teste&quot;" time="0"/>
  <testcase classname="| Injetor | *20.2*fitbank * | JNL - 20.2 - EMS - FITBANK - Testes de Mobilidade | *CT070.0011 * |" name="Entao clico no botão &quot;executar teste&quot;" time="0"/>
  <testcase classname="| Injetor | *20.2*fitbank * | JNL - 20.2 - EMS - FITBANK - Testes de Mobilidade | *CT070.0011 * |" name="E valido o campo &quot;resultado teste&quot;" time="0"/>
  <testcase classname="| Injetor | *20.2*fitbank * | JNL - 20.2 - EMS - FITBANK - Testes de Mobilidade | *CT070.0011 * |" name="E seleciono o campo &quot;caso de teste&quot;" time="0"/>
  <testcase classname="| Injetor | *20.2*fitbank * | JNL - 20.2 - EMS - FITBANK - Testes de Mobilidade | *CT070.0011 * |" name="E adiciono header ao arquivo" time="0"/>
  <testcase classname="| Injetor | *20.2*fitbank * | JNL - 20.2 - EMS - FITBANK - Testes de Mobilidade | *CT070.0011 * |" name="Entao clico no botão &quot;lupa&quot;" time="0"/>
  <testcase classname="| Injetor | *20.2*fitbank * | JNL - 20.2 - EMS - FITBANK - Testes de Mobilidade | *CT070.0011 * |" name="Entao clico no botão &quot;primeiro expand&quot;" time="0">
    <error message="stale element reference: element is not attached to the page document
  (Session info: chrome=88.0.4324.150)
For documentation on this error, please visit: http://seleniumhq.org/exceptions/stale_element_reference.html
Build info: version: &apos;3.8.0&apos;, revision: &apos;924c4067df&apos;, time: &apos;2017-11-30T11:20:39.408Z&apos;
System info: host: &apos;PWFAB1480&apos;, ip: &apos;10.3.24.37&apos;, os.name: &apos;Windows 10&apos;, os.arch: &apos;amd64&apos;, os.version: &apos;10.0&apos;, java.version: &apos;1.8.0_241&apos;
Driver info: org.openqa.selenium.chrome.ChromeDriver
Capabilities {acceptInsecureCerts: false, browserName: chrome, browserVersion: 88.0.4324.150, chrome: {chromedriverVersion: 87.0.4280.88 (89e2380a3e36c..., userDataDir: C:\Users\GUILHE~1.OLI\AppDa...}, goog:chromeOptions: {debuggerAddress: localhost:54244}, javascriptEnabled: true, networkConnectionEnabled: false, pageLoadStrategy: normal, platform: WINDOWS, platformName: WINDOWS, proxy: Proxy(), setWindowRect: true, strictFileInteractability: false, timeouts: {implicit: 0, pageLoad: 300000, script: 30000}, unhandledPromptBehavior: dismiss and notify, webauthn:virtualAuthenticators: true}
Session ID: 751a99665cf20d5d6d2dfa1f52a350a4" type="org.openqa.selenium.StaleElementReferenceException">org.openqa.selenium.StaleElementReferenceException: stale element reference: element is not attached to the page document
  (Session info: chrome=88.0.4324.150)
For documentation on this error, please visit: http://seleniumhq.org/exceptions/stale_element_reference.html
Build info: version: &apos;3.8.0&apos;, revision: &apos;924c4067df&apos;, time: &apos;2017-11-30T11:20:39.408Z&apos;
System info: host: &apos;PWFAB1480&apos;, ip: &apos;10.3.24.37&apos;, os.name: &apos;Windows 10&apos;, os.arch: &apos;amd64&apos;, os.version: &apos;10.0&apos;, java.version: &apos;1.8.0_241&apos;
Driver info: org.openqa.selenium.chrome.ChromeDriver
Capabilities {acceptInsecureCerts: false, browserName: chrome, browserVersion: 88.0.4324.150, chrome: {chromedriverVersion: 87.0.4280.88 (89e2380a3e36c..., userDataDir: C:\Users\GUILHE~1.OLI\AppDa...}, goog:chromeOptions: {debuggerAddress: localhost:54244}, javascriptEnabled: true, networkConnectionEnabled: false, pageLoadStrategy: normal, platform: WINDOWS, platformName: WINDOWS, proxy: Proxy(), setWindowRect: true, strictFileInteractability: false, timeouts: {implicit: 0, pageLoad: 300000, script: 30000}, unhandledPromptBehavior: dismiss and notify, webauthn:virtualAuthenticators: true}
Session ID: 751a99665cf20d5d6d2dfa1f52a350a4
	at sun.reflect.NativeConstructorAccessorImpl.newInstance0(Native Method)
	at sun.reflect.NativeConstructorAccessorImpl.newInstance(Unknown Source)
	at sun.reflect.DelegatingConstructorAccessorImpl.newInstance(Unknown Source)
	at java.lang.reflect.Constructor.newInstance(Unknown Source)
	at org.openqa.selenium.remote.http.W3CHttpResponseCodec.createException(W3CHttpResponseCodec.java:187)
	at org.openqa.selenium.remote.http.W3CHttpResponseCodec.decode(W3CHttpResponseCodec.java:122)
	at org.openqa.selenium.remote.http.W3CHttpResponseCodec.decode(W3CHttpResponseCodec.java:49)
	at org.openqa.selenium.remote.HttpCommandExecutor.execute(HttpCommandExecutor.java:164)
	at org.openqa.selenium.remote.service.DriverCommandExecutor.execute(DriverCommandExecutor.java:83)
	at org.openqa.selenium.remote.RemoteWebDriver.execute(RemoteWebDriver.java:601)
	at org.openqa.selenium.remote.RemoteWebElement.execute(RemoteWebElement.java:279)
	at org.openqa.selenium.remote.RemoteWebElement.click(RemoteWebElement.java:83)
	at sun.reflect.GeneratedMethodAccessor5.invoke(Unknown Source)
	at sun.reflect.DelegatingMethodAccessorImpl.invoke(Unknown Source)
	at java.lang.reflect.Method.invoke(Unknown Source)
	at org.openqa.selenium.support.pagefactory.internal.LocatingElementHandler.invoke(LocatingElementHandler.java:51)
	at com.sun.proxy.$Proxy18.click(Unknown Source)
	at functions.Eventos.clicaElemento(Eventos.java:75)
	at functions.Actions.clicarBotao(Actions.java:27)
	at stepDefinitions.commonSD.clicoNoBotão(commonSD.java:33)
	at ✽.Entao clico no botão &quot;primeiro expand&quot;(common.feature:47)
</error>
  </testcase>
  <testcase classname="| Injetor | *20.2*fitbank * | JNL - 20.2 - EMS - FITBANK - Testes de Mobilidade | *CT070.0011 * |" name="| Injetor | *20.2*fitbank * | JNL - 20.2 - EMS - FITBANK - Testes de Mobilidade | *CT070.0011 * |" time="0">
    <error message="stale element reference: element is not attached to the page document
  (Session info: chrome=88.0.4324.150)
For documentation on this error, please visit: http://seleniumhq.org/exceptions/stale_element_reference.html
Build info: version: &apos;3.8.0&apos;, revision: &apos;924c4067df&apos;, time: &apos;2017-11-30T11:20:39.408Z&apos;
System info: host: &apos;PWFAB1480&apos;, ip: &apos;10.3.24.37&apos;, os.name: &apos;Windows 10&apos;, os.arch: &apos;amd64&apos;, os.version: &apos;10.0&apos;, java.version: &apos;1.8.0_241&apos;
Driver info: org.openqa.selenium.chrome.ChromeDriver
Capabilities {acceptInsecureCerts: false, browserName: chrome, browserVersion: 88.0.4324.150, chrome: {chromedriverVersion: 87.0.4280.88 (89e2380a3e36c..., userDataDir: C:\Users\GUILHE~1.OLI\AppDa...}, goog:chromeOptions: {debuggerAddress: localhost:54244}, javascriptEnabled: true, networkConnectionEnabled: false, pageLoadStrategy: normal, platform: WINDOWS, platformName: WINDOWS, proxy: Proxy(), setWindowRect: true, strictFileInteractability: false, timeouts: {implicit: 0, pageLoad: 300000, script: 30000}, unhandledPromptBehavior: dismiss and notify, webauthn:virtualAuthenticators: true}
Session ID: 751a99665cf20d5d6d2dfa1f52a350a4" type="org.openqa.selenium.StaleElementReferenceException">org.openqa.selenium.StaleElementReferenceException: stale element reference: element is not attached to the page document
  (Session info: chrome=88.0.4324.150)
For documentation on this error, please visit: http://seleniumhq.org/exceptions/stale_element_reference.html
Build info: version: &apos;3.8.0&apos;, revision: &apos;924c4067df&apos;, time: &apos;2017-11-30T11:20:39.408Z&apos;
System info: host: &apos;PWFAB1480&apos;, ip: &apos;10.3.24.37&apos;, os.name: &apos;Windows 10&apos;, os.arch: &apos;amd64&apos;, os.version: &apos;10.0&apos;, java.version: &apos;1.8.0_241&apos;
Driver info: org.openqa.selenium.chrome.ChromeDriver
Capabilities {acceptInsecureCerts: false, browserName: chrome, browserVersion: 88.0.4324.150, chrome: {chromedriverVersion: 87.0.4280.88 (89e2380a3e36c..., userDataDir: C:\Users\GUILHE~1.OLI\AppDa...}, goog:chromeOptions: {debuggerAddress: localhost:54244}, javascriptEnabled: true, networkConnectionEnabled: false, pageLoadStrategy: normal, platform: WINDOWS, platformName: WINDOWS, proxy: Proxy(), setWindowRect: true, strictFileInteractability: false, timeouts: {implicit: 0, pageLoad: 300000, script: 30000}, unhandledPromptBehavior: dismiss and notify, webauthn:virtualAuthenticators: true}
Session ID: 751a99665cf20d5d6d2dfa1f52a350a4
	at sun.reflect.NativeConstructorAccessorImpl.newInstance0(Native Method)
	at sun.reflect.NativeConstructorAccessorImpl.newInstance(Unknown Source)
	at sun.reflect.DelegatingConstructorAccessorImpl.newInstance(Unknown Source)
	at java.lang.reflect.Constructor.newInstance(Unknown Source)
	at org.openqa.selenium.remote.http.W3CHttpResponseCodec.createException(W3CHttpResponseCodec.java:187)
	at org.openqa.selenium.remote.http.W3CHttpResponseCodec.decode(W3CHttpResponseCodec.java:122)
	at org.openqa.selenium.remote.http.W3CHttpResponseCodec.decode(W3CHttpResponseCodec.java:49)
	at org.openqa.selenium.remote.HttpCommandExecutor.execute(HttpCommandExecutor.java:164)
	at org.openqa.selenium.remote.service.DriverCommandExecutor.execute(DriverCommandExecutor.java:83)
	at org.openqa.selenium.remote.RemoteWebDriver.execute(RemoteWebDriver.java:601)
	at org.openqa.selenium.remote.RemoteWebElement.execute(RemoteWebElement.java:279)
	at org.openqa.selenium.remote.RemoteWebElement.click(RemoteWebElement.java:83)
	at sun.reflect.GeneratedMethodAccessor5.invoke(Unknown Source)
	at sun.reflect.DelegatingMethodAccessorImpl.invoke(Unknown Source)
	at java.lang.reflect.Method.invoke(Unknown Source)
	at org.openqa.selenium.support.pagefactory.internal.LocatingElementHandler.invoke(LocatingElementHandler.java:51)
	at com.sun.proxy.$Proxy18.click(Unknown Source)
	at functions.Eventos.clicaElemento(Eventos.java:75)
	at functions.Actions.clicarBotao(Actions.java:27)
	at stepDefinitions.commonSD.clicoNoBotão(commonSD.java:33)
	at ✽.Entao clico no botão &quot;primeiro expand&quot;(common.feature:47)
</error>
  </testcase>
  <testcase classname="| Injetor | *20.2*fitbank * | JNL - 20.2 - EMS - FITBANK - Testes de Mobilidade | *CT070.0011 * |" name="Entao clico no botão &quot;segundo expand&quot;" time="0">
    <skipped/>
  </testcase>
  <testcase classname="| Injetor | *20.2*fitbank * | JNL - 20.2 - EMS - FITBANK - Testes de Mobilidade | *CT070.0011 * |" name="E recupero as linhas da transação" time="0">
    <skipped/>
  </testcase>
  <testcase classname="| Injetor | *20.2*fitbank * | JNL - 20.2 - EMS - FITBANK - Testes de Mobilidade | *CT070.0011 * |" name="E crio o arquivo" time="0">
    <skipped/>
  </testcase>
  <testcase classname="| Injetor | *20.2*fitbank * | JNL - 20.2 - EMS - FITBANK - Testes de Mobilidade | *CT070.0011 * |" name="E escrevo as informações no arquivo" time="0.001">
    <skipped/>
  </testcase>
  <testcase classname="| Injetor | *20.2*fitbank * | JNL - 20.2 - EMS - FITBANK - Testes de Mobilidade | *CT070.0011 * |" name="Dado usuário está na tela &quot;project list&quot;" time="0"/>
  <testcase classname="| Injetor | *20.2*fitbank * | JNL - 20.2 - EMS - FITBANK - Testes de Mobilidade | *CT070.0011 * |" name="Entao clico no botão &quot;ambiente&quot;" time="0"/>
  <testcase classname="| Injetor | *20.2*fitbank * | JNL - 20.2 - EMS - FITBANK - Testes de Mobilidade | *CT070.0011 * |" name="Entao seleciono lista &quot;lista ambientes&quot; &quot;Injetor&quot;" time="0"/>
  <testcase classname="| Injetor | *20.2*fitbank * | JNL - 20.2 - EMS - FITBANK - Testes de Mobilidade | *CT070.0011 * |" name="Entao clico no botão &quot;filtro&quot;" time="0"/>
  <testcase classname="| Injetor | *20.2*fitbank * | JNL - 20.2 - EMS - FITBANK - Testes de Mobilidade | *CT070.0011 * |" name="E insiro no campo &quot;nome&quot; &quot;*20.2*fitbank *&quot;" time="0"/>
  <testcase classname="| Injetor | *20.2*fitbank * | JNL - 20.2 - EMS - FITBANK - Testes de Mobilidade | *CT070.0011 * |" name="Entao clico no botão &quot;enviar&quot;" time="0"/>
  <testcase classname="| Injetor | *20.2*fitbank * | JNL - 20.2 - EMS - FITBANK - Testes de Mobilidade | *CT070.0011 * |" name="Entao seleciono campo &quot;projeto&quot; na tabela com valor &quot;JNL - 20.2 - EMS - FITBANK - Testes de Mobilidade&quot;" time="0"/>
  <testcase classname="| Injetor | *20.2*fitbank * | JNL - 20.2 - EMS - FITBANK - Testes de Mobilidade | *CT070.0011 * |" name="Entao clico no botão &quot;ciclo&quot;" time="0"/>
  <testcase classname="| Injetor | *20.2*fitbank * | JNL - 20.2 - EMS - FITBANK - Testes de Mobilidade | *CT070.0011 * |" name="E mudo de tela para &quot;project execution&quot;" time="0"/>
  <testcase classname="| Injetor | *20.2*fitbank * | JNL - 20.2 - EMS - FITBANK - Testes de Mobilidade | *CT070.0011 * |" name="Entao clico no botão &quot;filtro&quot;" time="0"/>
  <testcase classname="| Injetor | *20.2*fitbank * | JNL - 20.2 - EMS - FITBANK - Testes de Mobilidade | *CT070.0011 * |" name="E insiro no campo &quot;nome&quot; &quot;*CT070.0011 *&quot;" time="0"/>
  <testcase classname="| Injetor | *20.2*fitbank * | JNL - 20.2 - EMS - FITBANK - Testes de Mobilidade | *CT070.0011 * |" name="Entao clico no botão &quot;enviar&quot;" time="0"/>
  <testcase classname="| Injetor | *20.2*fitbank * | JNL - 20.2 - EMS - FITBANK - Testes de Mobilidade | *CT070.0011 * |" name="E seleciono o campo &quot;caso de teste&quot;" time="0"/>
  <testcase classname="| Injetor | *20.2*fitbank * | JNL - 20.2 - EMS - FITBANK - Testes de Mobilidade | *CT070.0011 * |" name="Entao clico no botão &quot;executar teste&quot;" time="0"/>
  <testcase classname="| Injetor | *20.2*fitbank * | JNL - 20.2 - EMS - FITBANK - Testes de Mobilidade | *CT070.0011 * |" name="E valido o campo &quot;resultado teste&quot;" time="0"/>
  <testcase classname="| Injetor | *20.2*fitbank * | JNL - 20.2 - EMS - FITBANK - Testes de Mobilidade | *CT070.0011 * |" name="E seleciono o campo &quot;caso de teste&quot;" time="0"/>
  <testcase classname="| Injetor | *20.2*fitbank * | JNL - 20.2 - EMS - FITBANK - Testes de Mobilidade | *CT070.0011 * |" name="E adiciono header ao arquivo" time="0"/>
  <testcase classname="| Injetor | *20.2*fitbank * | JNL - 20.2 - EMS - FITBANK - Testes de Mobilidade | *CT070.0011 * |" name="Entao clico no botão &quot;lupa&quot;" time="0"/>
  <testcase classname="| Injetor | *20.2*fitbank * | JNL - 20.2 - EMS - FITBANK - Testes de Mobilidade | *CT070.0011 * |" name="Entao clico no botão &quot;primeiro expand&quot;" time="0"/>
  <testcase classname="| Injetor | *20.2*fitbank * | JNL - 20.2 - EMS - FITBANK - Testes de Mobilidade | *CT070.0011 * |" name="Entao clico no botão &quot;segundo expand&quot;" time="0">
    <failure message="O elemento  não foi encontrado" type="java.lang.AssertionError">java.lang.AssertionError: O elemento  não foi encontrado
	at org.junit.Assert.fail(Assert.java:88)
	at functions.Eventos.clicaElemento(Eventos.java:80)
	at functions.Actions.clicarBotao(Actions.java:27)
	at stepDefinitions.commonSD.clicoNoBotão(commonSD.java:33)
	at ✽.Entao clico no botão &quot;segundo expand&quot;(common.feature:48)
</failure>
    <system-err>org.openqa.selenium.NoSuchElementException: no such element: Unable to locate element: {&quot;method&quot;:&quot;xpath&quot;,&quot;selector&quot;:&quot;//*[@id=&quot;tree&quot;]//td[@id=&apos;ygtvt13&apos;]&quot;}
  (Session info: chrome=88.0.4324.150)
For documentation on this error, please visit: http://seleniumhq.org/exceptions/no_such_element.html
Build info: version: &apos;3.8.0&apos;, revision: &apos;924c4067df&apos;, time: &apos;2017-11-30T11:20:39.408Z&apos;
System info: host: &apos;PWFAB1480&apos;, ip: &apos;10.3.24.37&apos;, os.name: &apos;Windows 10&apos;, os.arch: &apos;amd64&apos;, os.version: &apos;10.0&apos;, java.version: &apos;1.8.0_241&apos;
Driver info: org.openqa.selenium.chrome.ChromeDriver
Capabilities {acceptInsecureCerts: false, browserName: chrome, browserVersion: 88.0.4324.150, chrome: {chromedriverVersion: 87.0.4280.88 (89e2380a3e36c..., userDataDir: C:\Users\GUILHE~1.OLI\AppDa...}, goog:chromeOptions: {debuggerAddress: localhost:54244}, javascriptEnabled: true, networkConnectionEnabled: false, pageLoadStrategy: normal, platform: WINDOWS, platformName: WINDOWS, proxy: Proxy(), setWindowRect: true, strictFileInteractability: false, timeouts: {implicit: 0, pageLoad: 300000, script: 30000}, unhandledPromptBehavior: dismiss and notify, webauthn:virtualAuthenticators: true}
Session ID: 751a99665cf20d5d6d2dfa1f52a350a4
*** Element info: {Using=xpath, value=//*[@id=&quot;tree&quot;]//td[@id=&apos;ygtvt13&apos;]}
	at sun.reflect.NativeConstructorAccessorImpl.newInstance0(Native Method)
	at sun.reflect.NativeConstructorAccessorImpl.newInstance(Unknown Source)
	at sun.reflect.DelegatingConstructorAccessorImpl.newInstance(Unknown Source)
	at java.lang.reflect.Constructor.newInstance(Unknown Source)
	at org.openqa.selenium.remote.http.W3CHttpResponseCodec.createException(W3CHttpResponseCodec.java:187)
	at org.openqa.selenium.remote.http.W3CHttpResponseCodec.decode(W3CHttpResponseCodec.java:122)
	at org.openqa.selenium.remote.http.W3CHttpResponseCodec.decode(W3CHttpResponseCodec.java:49)
	at org.openqa.selenium.remote.HttpCommandExecutor.execute(HttpCommandExecutor.java:164)
	at org.openqa.selenium.remote.service.DriverCommandExecutor.execute(DriverCommandExecutor.java:83)
	at org.openqa.selenium.remote.RemoteWebDriver.execute(RemoteWebDriver.java:601)
	at org.openqa.selenium.remote.RemoteWebDriver.findElement(RemoteWebDriver.java:371)
	at org.openqa.selenium.remote.RemoteWebDriver.findElementByXPath(RemoteWebDriver.java:473)
	at org.openqa.selenium.By$ByXPath.findElement(By.java:361)
	at org.openqa.selenium.remote.RemoteWebDriver.findElement(RemoteWebDriver.java:363)
	at org.openqa.selenium.support.pagefactory.DefaultElementLocator.findElement(DefaultElementLocator.java:69)
	at org.openqa.selenium.support.pagefactory.internal.LocatingElementHandler.invoke(LocatingElementHandler.java:38)
	at com.sun.proxy.$Proxy18.isDisplayed(Unknown Source)
	at functions.Eventos.clicaElemento(Eventos.java:71)
	at functions.Actions.clicarBotao(Actions.java:27)
	at stepDefinitions.commonSD.clicoNoBotão(commonSD.java:33)
	at sun.reflect.GeneratedMethodAccessor6.invoke(Unknown Source)
	at sun.reflect.DelegatingMethodAccessorImpl.invoke(Unknown Source)
	at java.lang.reflect.Method.invoke(Unknown Source)
	at cucumber.runtime.Utils$1.call(Utils.java:40)
	at cucumber.runtime.Timeout.timeout(Timeout.java:16)
	at cucumber.runtime.Utils.invoke(Utils.java:34)
	at cucumber.runtime.java.JavaStepDefinition.execute(JavaStepDefinition.java:38)
	at cucumber.runtime.StepDefinitionMatch.runStep(StepDefinitionMatch.java:37)
	at cucumber.runtime.Runtime.runStep(Runtime.java:300)
	at cucumber.runtime.model.StepContainer.runStep(StepContainer.java:44)
	at cucumber.runtime.model.StepContainer.runSteps(StepContainer.java:39)
	at cucumber.runtime.model.CucumberScenario.run(CucumberScenario.java:44)
	at cucumber.runtime.junit.ExecutionUnitRunner.run(ExecutionUnitRunner.java:102)
	at org.junit.runners.Suite.runChild(Suite.java:128)
	at org.junit.runners.Suite.runChild(Suite.java:27)
	at org.junit.runners.ParentRunner$3.run(ParentRunner.java:290)
	at org.junit.runners.ParentRunner$1.schedule(ParentRunner.java:71)
	at org.junit.runners.ParentRunner.runChildren(ParentRunner.java:288)
	at org.junit.runners.ParentRunner.access$000(ParentRunner.java:58)
	at org.junit.runners.ParentRunner$2.evaluate(ParentRunner.java:268)
	at org.junit.runners.ParentRunner.run(ParentRunner.java:363)
	at cucumber.runtime.junit.ExamplesRunner.run(ExamplesRunner.java:59)
	at org.junit.runners.Suite.runChild(Suite.java:128)
	at org.junit.runners.Suite.runChild(Suite.java:27)
	at org.junit.runners.ParentRunner$3.run(ParentRunner.java:290)
	at org.junit.runners.ParentRunner$1.schedule(ParentRunner.java:71)
	at org.junit.runners.ParentRunner.runChildren(ParentRunner.java:288)
	at org.junit.runners.ParentRunner.access$000(ParentRunner.java:58)
	at org.junit.runners.ParentRunner$2.evaluate(ParentRunner.java:268)
	at org.junit.runners.ParentRunner.run(ParentRunner.java:363)
	at cucumber.runtime.junit.ScenarioOutlineRunner.run(ScenarioOutlineRunner.java:53)
	at cucumber.runtime.junit.FeatureRunner.runChild(FeatureRunner.java:63)
	at cucumber.runtime.junit.FeatureRunner.runChild(FeatureRunner.java:18)
	at org.junit.runners.ParentRunner$3.run(ParentRunner.java:290)
	at org.junit.runners.ParentRunner$1.schedule(ParentRunner.java:71)
	at org.junit.runners.ParentRunner.runChildren(ParentRunner.java:288)
	at org.junit.runners.ParentRunner.access$000(ParentRunner.java:58)
	at org.junit.runners.ParentRunner$2.evaluate(ParentRunner.java:268)
	at org.junit.runners.ParentRunner.run(ParentRunner.java:363)
	at cucumber.runtime.junit.FeatureRunner.run(FeatureRunner.java:70)
	at cucumber.api.junit.Cucumber.runChild(Cucumber.java:95)
	at cucumber.api.junit.Cucumber.runChild(Cucumber.java:38)
	at org.junit.runners.ParentRunner$3.run(ParentRunner.java:290)
	at org.junit.runners.ParentRunner$1.schedule(ParentRunner.java:71)
	at org.junit.runners.ParentRunner.runChildren(ParentRunner.java:288)
	at org.junit.runners.ParentRunner.access$000(ParentRunner.java:58)
	at org.junit.runners.ParentRunner$2.evaluate(ParentRunner.java:268)
	at org.junit.internal.runners.statements.RunBefores.evaluate(RunBefores.java:26)
	at org.junit.internal.runners.statements.RunAfters.evaluate(RunAfters.java:27)
	at org.junit.runners.ParentRunner.run(ParentRunner.java:363)
	at cucumber.api.junit.Cucumber.run(Cucumber.java:100)
	at org.apache.maven.surefire.junit4.JUnit4Provider.execute(JUnit4Provider.java:252)
	at org.apache.maven.surefire.junit4.JUnit4Provider.executeTestSet(JUnit4Provider.java:141)
	at org.apache.maven.surefire.junit4.JUnit4Provider.invoke(JUnit4Provider.java:112)
	at sun.reflect.NativeMethodAccessorImpl.invoke0(Native Method)
	at sun.reflect.NativeMethodAccessorImpl.invoke(Unknown Source)
	at sun.reflect.DelegatingMethodAccessorImpl.invoke(Unknown Source)
	at java.lang.reflect.Method.invoke(Unknown Source)
	at org.apache.maven.surefire.util.ReflectionUtils.invokeMethodWithArray(ReflectionUtils.java:189)
	at org.apache.maven.surefire.booter.ProviderFactory$ProviderProxy.invoke(ProviderFactory.java:165)
	at org.apache.maven.surefire.booter.ProviderFactory.invokeProvider(ProviderFactory.java:85)
	at org.apache.maven.surefire.booter.ForkedBooter.runSuitesInProcess(ForkedBooter.java:115)
	at org.apache.maven.surefire.booter.ForkedBooter.main(ForkedBooter.java:75)
</system-err>
  </testcase>
  <testcase classname="| Injetor | *20.2*fitbank * | JNL - 20.2 - EMS - FITBANK - Testes de Mobilidade | *CT070.0011 * |" name="| Injetor | *20.2*fitbank * | JNL - 20.2 - EMS - FITBANK - Testes de Mobilidade | *CT070.0011 * |" time="0">
    <failure message="O elemento  não foi encontrado" type="java.lang.AssertionError">java.lang.AssertionError: O elemento  não foi encontrado
	at org.junit.Assert.fail(Assert.java:88)
	at functions.Eventos.clicaElemento(Eventos.java:80)
	at functions.Actions.clicarBotao(Actions.java:27)
	at stepDefinitions.commonSD.clicoNoBotão(commonSD.java:33)
	at ✽.Entao clico no botão &quot;segundo expand&quot;(common.feature:48)
</failure>
  </testcase>
  <testcase classname="| Injetor | *20.2*fitbank * | JNL - 20.2 - EMS - FITBANK - Testes de Mobilidade | *CT070.0011 * |" name="E recupero as linhas da transação" time="0">
    <skipped/>
  </testcase>
  <testcase classname="| Injetor | *20.2*fitbank * | JNL - 20.2 - EMS - FITBANK - Testes de Mobilidade | *CT070.0011 * |" name="E crio o arquivo" time="0">
    <skipped/>
  </testcase>
  <testcase classname="| Injetor | *20.2*fitbank * | JNL - 20.2 - EMS - FITBANK - Testes de Mobilidade | *CT070.0011 * |" name="E escrevo as informações no arquivo" time="0">
    <skipped/>
  </testcase>
  <testcase classname="| Injetor | *20.2*fitbank * | JNL - 20.2 - EMS - FITBANK - Testes de Mobilidade | *CT070.0011 * |" name="Dado usuário está na tela &quot;project list&quot;" time="0"/>
  <testcase classname="| Injetor | *20.2*fitbank * | JNL - 20.2 - EMS - FITBANK - Testes de Mobilidade | *CT070.0011 * |" name="Entao clico no botão &quot;ambiente&quot;" time="0"/>
  <testcase classname="| Injetor | *20.2*fitbank * | JNL - 20.2 - EMS - FITBANK - Testes de Mobilidade | *CT070.0011 * |" name="Entao seleciono lista &quot;lista ambientes&quot; &quot;Injetor&quot;" time="0"/>
  <testcase classname="| Injetor | *20.2*fitbank * | JNL - 20.2 - EMS - FITBANK - Testes de Mobilidade | *CT070.0011 * |" name="Entao clico no botão &quot;filtro&quot;" time="0"/>
  <testcase classname="| Injetor | *20.2*fitbank * | JNL - 20.2 - EMS - FITBANK - Testes de Mobilidade | *CT070.0011 * |" name="E insiro no campo &quot;nome&quot; &quot;*20.2*fitbank *&quot;" time="0"/>
  <testcase classname="| Injetor | *20.2*fitbank * | JNL - 20.2 - EMS - FITBANK - Testes de Mobilidade | *CT070.0011 * |" name="Entao clico no botão &quot;enviar&quot;" time="0"/>
  <testcase classname="| Injetor | *20.2*fitbank * | JNL - 20.2 - EMS - FITBANK - Testes de Mobilidade | *CT070.0011 * |" name="Entao seleciono campo &quot;projeto&quot; na tabela com valor &quot;JNL - 20.2 - EMS - FITBANK - Testes de Mobilidade&quot;" time="0"/>
  <testcase classname="| Injetor | *20.2*fitbank * | JNL - 20.2 - EMS - FITBANK - Testes de Mobilidade | *CT070.0011 * |" name="Entao clico no botão &quot;ciclo&quot;" time="0"/>
  <testcase classname="| Injetor | *20.2*fitbank * | JNL - 20.2 - EMS - FITBANK - Testes de Mobilidade | *CT070.0011 * |" name="E mudo de tela para &quot;project execution&quot;" time="0"/>
  <testcase classname="| Injetor | *20.2*fitbank * | JNL - 20.2 - EMS - FITBANK - Testes de Mobilidade | *CT070.0011 * |" name="Entao clico no botão &quot;filtro&quot;" time="0"/>
  <testcase classname="| Injetor | *20.2*fitbank * | JNL - 20.2 - EMS - FITBANK - Testes de Mobilidade | *CT070.0011 * |" name="E insiro no campo &quot;nome&quot; &quot;*CT070.0011 *&quot;" time="0"/>
  <testcase classname="| Injetor | *20.2*fitbank * | JNL - 20.2 - EMS - FITBANK - Testes de Mobilidade | *CT070.0011 * |" name="Entao clico no botão &quot;enviar&quot;" time="0"/>
  <testcase classname="| Injetor | *20.2*fitbank * | JNL - 20.2 - EMS - FITBANK - Testes de Mobilidade | *CT070.0011 * |" name="E seleciono o campo &quot;caso de teste&quot;" time="0"/>
  <testcase classname="| Injetor | *20.2*fitbank * | JNL - 20.2 - EMS - FITBANK - Testes de Mobilidade | *CT070.0011 * |" name="Entao clico no botão &quot;executar teste&quot;" time="0"/>
  <testcase classname="| Injetor | *20.2*fitbank * | JNL - 20.2 - EMS - FITBANK - Testes de Mobilidade | *CT070.0011 * |" name="E valido o campo &quot;resultado teste&quot;" time="0"/>
  <testcase classname="| Injetor | *20.2*fitbank * | JNL - 20.2 - EMS - FITBANK - Testes de Mobilidade | *CT070.0011 * |" name="E seleciono o campo &quot;caso de teste&quot;" time="0"/>
  <testcase classname="| Injetor | *20.2*fitbank * | JNL - 20.2 - EMS - FITBANK - Testes de Mobilidade | *CT070.0011 * |" name="E adiciono header ao arquivo" time="0"/>
  <testcase classname="| Injetor | *20.2*fitbank * | JNL - 20.2 - EMS - FITBANK - Testes de Mobilidade | *CT070.0011 * |" name="Entao clico no botão &quot;lupa&quot;" time="0"/>
  <testcase classname="| Injetor | *20.2*fitbank * | JNL - 20.2 - EMS - FITBANK - Testes de Mobilidade | *CT070.0011 * |" name="Entao clico no botão &quot;primeiro expand&quot;" time="0">
    <error message="stale element reference: element is not attached to the page document
  (Session info: chrome=88.0.4324.150)
For documentation on this error, please visit: http://seleniumhq.org/exceptions/stale_element_reference.html
Build info: version: &apos;3.8.0&apos;, revision: &apos;924c4067df&apos;, time: &apos;2017-11-30T11:20:39.408Z&apos;
System info: host: &apos;PWFAB1480&apos;, ip: &apos;10.3.24.37&apos;, os.name: &apos;Windows 10&apos;, os.arch: &apos;amd64&apos;, os.version: &apos;10.0&apos;, java.version: &apos;1.8.0_241&apos;
Driver info: org.openqa.selenium.chrome.ChromeDriver
Capabilities {acceptInsecureCerts: false, browserName: chrome, browserVersion: 88.0.4324.150, chrome: {chromedriverVersion: 87.0.4280.88 (89e2380a3e36c..., userDataDir: C:\Users\GUILHE~1.OLI\AppDa...}, goog:chromeOptions: {debuggerAddress: localhost:54244}, javascriptEnabled: true, networkConnectionEnabled: false, pageLoadStrategy: normal, platform: WINDOWS, platformName: WINDOWS, proxy: Proxy(), setWindowRect: true, strictFileInteractability: false, timeouts: {implicit: 0, pageLoad: 300000, script: 30000}, unhandledPromptBehavior: dismiss and notify, webauthn:virtualAuthenticators: true}
Session ID: 751a99665cf20d5d6d2dfa1f52a350a4" type="org.openqa.selenium.StaleElementReferenceException">org.openqa.selenium.StaleElementReferenceException: stale element reference: element is not attached to the page document
  (Session info: chrome=88.0.4324.150)
For documentation on this error, please visit: http://seleniumhq.org/exceptions/stale_element_reference.html
Build info: version: &apos;3.8.0&apos;, revision: &apos;924c4067df&apos;, time: &apos;2017-11-30T11:20:39.408Z&apos;
System info: host: &apos;PWFAB1480&apos;, ip: &apos;10.3.24.37&apos;, os.name: &apos;Windows 10&apos;, os.arch: &apos;amd64&apos;, os.version: &apos;10.0&apos;, java.version: &apos;1.8.0_241&apos;
Driver info: org.openqa.selenium.chrome.ChromeDriver
Capabilities {acceptInsecureCerts: false, browserName: chrome, browserVersion: 88.0.4324.150, chrome: {chromedriverVersion: 87.0.4280.88 (89e2380a3e36c..., userDataDir: C:\Users\GUILHE~1.OLI\AppDa...}, goog:chromeOptions: {debuggerAddress: localhost:54244}, javascriptEnabled: true, networkConnectionEnabled: false, pageLoadStrategy: normal, platform: WINDOWS, platformName: WINDOWS, proxy: Proxy(), setWindowRect: true, strictFileInteractability: false, timeouts: {implicit: 0, pageLoad: 300000, script: 30000}, unhandledPromptBehavior: dismiss and notify, webauthn:virtualAuthenticators: true}
Session ID: 751a99665cf20d5d6d2dfa1f52a350a4
	at sun.reflect.NativeConstructorAccessorImpl.newInstance0(Native Method)
	at sun.reflect.NativeConstructorAccessorImpl.newInstance(Unknown Source)
	at sun.reflect.DelegatingConstructorAccessorImpl.newInstance(Unknown Source)
	at java.lang.reflect.Constructor.newInstance(Unknown Source)
	at org.openqa.selenium.remote.http.W3CHttpResponseCodec.createException(W3CHttpResponseCodec.java:187)
	at org.openqa.selenium.remote.http.W3CHttpResponseCodec.decode(W3CHttpResponseCodec.java:122)
	at org.openqa.selenium.remote.http.W3CHttpResponseCodec.decode(W3CHttpResponseCodec.java:49)
	at org.openqa.selenium.remote.HttpCommandExecutor.execute(HttpCommandExecutor.java:164)
	at org.openqa.selenium.remote.service.DriverCommandExecutor.execute(DriverCommandExecutor.java:83)
	at org.openqa.selenium.remote.RemoteWebDriver.execute(RemoteWebDriver.java:601)
	at org.openqa.selenium.remote.RemoteWebElement.execute(RemoteWebElement.java:279)
	at org.openqa.selenium.remote.RemoteWebElement.isDisplayed(RemoteWebElement.java:320)
	at sun.reflect.GeneratedMethodAccessor4.invoke(Unknown Source)
	at sun.reflect.DelegatingMethodAccessorImpl.invoke(Unknown Source)
	at java.lang.reflect.Method.invoke(Unknown Source)
	at org.openqa.selenium.support.pagefactory.internal.LocatingElementHandler.invoke(LocatingElementHandler.java:51)
	at com.sun.proxy.$Proxy18.isDisplayed(Unknown Source)
	at functions.Eventos.clicaElemento(Eventos.java:71)
	at functions.Actions.clicarBotao(Actions.java:27)
	at stepDefinitions.commonSD.clicoNoBotão(commonSD.java:33)
	at ✽.Entao clico no botão &quot;primeiro expand&quot;(common.feature:47)
</error>
  </testcase>
  <testcase classname="| Injetor | *20.2*fitbank * | JNL - 20.2 - EMS - FITBANK - Testes de Mobilidade | *CT070.0011 * |" name="| Injetor | *20.2*fitbank * | JNL - 20.2 - EMS - FITBANK - Testes de Mobilidade | *CT070.0011 * |" time="0">
    <error message="stale element reference: element is not attached to the page document
  (Session info: chrome=88.0.4324.150)
For documentation on this error, please visit: http://seleniumhq.org/exceptions/stale_element_reference.html
Build info: version: &apos;3.8.0&apos;, revision: &apos;924c4067df&apos;, time: &apos;2017-11-30T11:20:39.408Z&apos;
System info: host: &apos;PWFAB1480&apos;, ip: &apos;10.3.24.37&apos;, os.name: &apos;Windows 10&apos;, os.arch: &apos;amd64&apos;, os.version: &apos;10.0&apos;, java.version: &apos;1.8.0_241&apos;
Driver info: org.openqa.selenium.chrome.ChromeDriver
Capabilities {acceptInsecureCerts: false, browserName: chrome, browserVersion: 88.0.4324.150, chrome: {chromedriverVersion: 87.0.4280.88 (89e2380a3e36c..., userDataDir: C:\Users\GUILHE~1.OLI\AppDa...}, goog:chromeOptions: {debuggerAddress: localhost:54244}, javascriptEnabled: true, networkConnectionEnabled: false, pageLoadStrategy: normal, platform: WINDOWS, platformName: WINDOWS, proxy: Proxy(), setWindowRect: true, strictFileInteractability: false, timeouts: {implicit: 0, pageLoad: 300000, script: 30000}, unhandledPromptBehavior: dismiss and notify, webauthn:virtualAuthenticators: true}
Session ID: 751a99665cf20d5d6d2dfa1f52a350a4" type="org.openqa.selenium.StaleElementReferenceException">org.openqa.selenium.StaleElementReferenceException: stale element reference: element is not attached to the page document
  (Session info: chrome=88.0.4324.150)
For documentation on this error, please visit: http://seleniumhq.org/exceptions/stale_element_reference.html
Build info: version: &apos;3.8.0&apos;, revision: &apos;924c4067df&apos;, time: &apos;2017-11-30T11:20:39.408Z&apos;
System info: host: &apos;PWFAB1480&apos;, ip: &apos;10.3.24.37&apos;, os.name: &apos;Windows 10&apos;, os.arch: &apos;amd64&apos;, os.version: &apos;10.0&apos;, java.version: &apos;1.8.0_241&apos;
Driver info: org.openqa.selenium.chrome.ChromeDriver
Capabilities {acceptInsecureCerts: false, browserName: chrome, browserVersion: 88.0.4324.150, chrome: {chromedriverVersion: 87.0.4280.88 (89e2380a3e36c..., userDataDir: C:\Users\GUILHE~1.OLI\AppDa...}, goog:chromeOptions: {debuggerAddress: localhost:54244}, javascriptEnabled: true, networkConnectionEnabled: false, pageLoadStrategy: normal, platform: WINDOWS, platformName: WINDOWS, proxy: Proxy(), setWindowRect: true, strictFileInteractability: false, timeouts: {implicit: 0, pageLoad: 300000, script: 30000}, unhandledPromptBehavior: dismiss and notify, webauthn:virtualAuthenticators: true}
Session ID: 751a99665cf20d5d6d2dfa1f52a350a4
	at sun.reflect.NativeConstructorAccessorImpl.newInstance0(Native Method)
	at sun.reflect.NativeConstructorAccessorImpl.newInstance(Unknown Source)
	at sun.reflect.DelegatingConstructorAccessorImpl.newInstance(Unknown Source)
	at java.lang.reflect.Constructor.newInstance(Unknown Source)
	at org.openqa.selenium.remote.http.W3CHttpResponseCodec.createException(W3CHttpResponseCodec.java:187)
	at org.openqa.selenium.remote.http.W3CHttpResponseCodec.decode(W3CHttpResponseCodec.java:122)
	at org.openqa.selenium.remote.http.W3CHttpResponseCodec.decode(W3CHttpResponseCodec.java:49)
	at org.openqa.selenium.remote.HttpCommandExecutor.execute(HttpCommandExecutor.java:164)
	at org.openqa.selenium.remote.service.DriverCommandExecutor.execute(DriverCommandExecutor.java:83)
	at org.openqa.selenium.remote.RemoteWebDriver.execute(RemoteWebDriver.java:601)
	at org.openqa.selenium.remote.RemoteWebElement.execute(RemoteWebElement.java:279)
	at org.openqa.selenium.remote.RemoteWebElement.isDisplayed(RemoteWebElement.java:320)
	at sun.reflect.GeneratedMethodAccessor4.invoke(Unknown Source)
	at sun.reflect.DelegatingMethodAccessorImpl.invoke(Unknown Source)
	at java.lang.reflect.Method.invoke(Unknown Source)
	at org.openqa.selenium.support.pagefactory.internal.LocatingElementHandler.invoke(LocatingElementHandler.java:51)
	at com.sun.proxy.$Proxy18.isDisplayed(Unknown Source)
	at functions.Eventos.clicaElemento(Eventos.java:71)
	at functions.Actions.clicarBotao(Actions.java:27)
	at stepDefinitions.commonSD.clicoNoBotão(commonSD.java:33)
	at ✽.Entao clico no botão &quot;primeiro expand&quot;(common.feature:47)
</error>
  </testcase>
  <testcase classname="| Injetor | *20.2*fitbank * | JNL - 20.2 - EMS - FITBANK - Testes de Mobilidade | *CT070.0011 * |" name="Entao clico no botão &quot;segundo expand&quot;" time="0">
    <skipped/>
  </testcase>
  <testcase classname="| Injetor | *20.2*fitbank * | JNL - 20.2 - EMS - FITBANK - Testes de Mobilidade | *CT070.0011 * |" name="E recupero as linhas da transação" time="0">
    <skipped/>
  </testcase>
  <testcase classname="| Injetor | *20.2*fitbank * | JNL - 20.2 - EMS - FITBANK - Testes de Mobilidade | *CT070.0011 * |" name="E crio o arquivo" time="0">
    <skipped/>
  </testcase>
  <testcase classname="| Injetor | *20.2*fitbank * | JNL - 20.2 - EMS - FITBANK - Testes de Mobilidade | *CT070.0011 * |" name="E escrevo as informações no arquivo" time="0">
    <skipped/>
  </testcase>
  <testcase classname="| Injetor | *20.2*fitbank * | JNL - 20.2 - EMS - FITBANK - Testes de Mobilidade | *CT070.0011 * |" name="Dado usuário está na tela &quot;project list&quot;" time="0"/>
  <testcase classname="| Injetor | *20.2*fitbank * | JNL - 20.2 - EMS - FITBANK - Testes de Mobilidade | *CT070.0011 * |" name="Entao clico no botão &quot;ambiente&quot;" time="0"/>
  <testcase classname="| Injetor | *20.2*fitbank * | JNL - 20.2 - EMS - FITBANK - Testes de Mobilidade | *CT070.0011 * |" name="Entao seleciono lista &quot;lista ambientes&quot; &quot;Injetor&quot;" time="0"/>
  <testcase classname="| Injetor | *20.2*fitbank * | JNL - 20.2 - EMS - FITBANK - Testes de Mobilidade | *CT070.0011 * |" name="Entao clico no botão &quot;filtro&quot;" time="0"/>
  <testcase classname="| Injetor | *20.2*fitbank * | JNL - 20.2 - EMS - FITBANK - Testes de Mobilidade | *CT070.0011 * |" name="E insiro no campo &quot;nome&quot; &quot;*20.2*fitbank *&quot;" time="0"/>
  <testcase classname="| Injetor | *20.2*fitbank * | JNL - 20.2 - EMS - FITBANK - Testes de Mobilidade | *CT070.0011 * |" name="Entao clico no botão &quot;enviar&quot;" time="0"/>
  <testcase classname="| Injetor | *20.2*fitbank * | JNL - 20.2 - EMS - FITBANK - Testes de Mobilidade | *CT070.0011 * |" name="Entao seleciono campo &quot;projeto&quot; na tabela com valor &quot;JNL - 20.2 - EMS - FITBANK - Testes de Mobilidade&quot;" time="0"/>
  <testcase classname="| Injetor | *20.2*fitbank * | JNL - 20.2 - EMS - FITBANK - Testes de Mobilidade | *CT070.0011 * |" name="Entao clico no botão &quot;ciclo&quot;" time="0"/>
  <testcase classname="| Injetor | *20.2*fitbank * | JNL - 20.2 - EMS - FITBANK - Testes de Mobilidade | *CT070.0011 * |" name="E mudo de tela para &quot;project execution&quot;" time="0"/>
  <testcase classname="| Injetor | *20.2*fitbank * | JNL - 20.2 - EMS - FITBANK - Testes de Mobilidade | *CT070.0011 * |" name="Entao clico no botão &quot;filtro&quot;" time="0"/>
  <testcase classname="| Injetor | *20.2*fitbank * | JNL - 20.2 - EMS - FITBANK - Testes de Mobilidade | *CT070.0011 * |" name="E insiro no campo &quot;nome&quot; &quot;*CT070.0011 *&quot;" time="0"/>
  <testcase classname="| Injetor | *20.2*fitbank * | JNL - 20.2 - EMS - FITBANK - Testes de Mobilidade | *CT070.0011 * |" name="Entao clico no botão &quot;enviar&quot;" time="0"/>
  <testcase classname="| Injetor | *20.2*fitbank * | JNL - 20.2 - EMS - FITBANK - Testes de Mobilidade | *CT070.0011 * |" name="E seleciono o campo &quot;caso de teste&quot;" time="0"/>
  <testcase classname="| Injetor | *20.2*fitbank * | JNL - 20.2 - EMS - FITBANK - Testes de Mobilidade | *CT070.0011 * |" name="Entao clico no botão &quot;executar teste&quot;" time="0"/>
  <testcase classname="| Injetor | *20.2*fitbank * | JNL - 20.2 - EMS - FITBANK - Testes de Mobilidade | *CT070.0011 * |" name="E valido o campo &quot;resultado teste&quot;" time="0"/>
  <testcase classname="| Injetor | *20.2*fitbank * | JNL - 20.2 - EMS - FITBANK - Testes de Mobilidade | *CT070.0011 * |" name="E seleciono o campo &quot;caso de teste&quot;" time="0"/>
  <testcase classname="| Injetor | *20.2*fitbank * | JNL - 20.2 - EMS - FITBANK - Testes de Mobilidade | *CT070.0011 * |" name="E adiciono header ao arquivo" time="0"/>
  <testcase classname="| Injetor | *20.2*fitbank * | JNL - 20.2 - EMS - FITBANK - Testes de Mobilidade | *CT070.0011 * |" name="Entao clico no botão &quot;lupa&quot;" time="0"/>
  <testcase classname="| Injetor | *20.2*fitbank * | JNL - 20.2 - EMS - FITBANK - Testes de Mobilidade | *CT070.0011 * |" name="Entao clico no botão &quot;primeiro expand&quot;" time="0.001">
    <error message="stale element reference: element is not attached to the page document
  (Session info: chrome=88.0.4324.150)
For documentation on this error, please visit: http://seleniumhq.org/exceptions/stale_element_reference.html
Build info: version: &apos;3.8.0&apos;, revision: &apos;924c4067df&apos;, time: &apos;2017-11-30T11:20:39.408Z&apos;
System info: host: &apos;PWFAB1480&apos;, ip: &apos;10.3.24.37&apos;, os.name: &apos;Windows 10&apos;, os.arch: &apos;amd64&apos;, os.version: &apos;10.0&apos;, java.version: &apos;1.8.0_241&apos;
Driver info: org.openqa.selenium.chrome.ChromeDriver
Capabilities {acceptInsecureCerts: false, browserName: chrome, browserVersion: 88.0.4324.150, chrome: {chromedriverVersion: 87.0.4280.88 (89e2380a3e36c..., userDataDir: C:\Users\GUILHE~1.OLI\AppDa...}, goog:chromeOptions: {debuggerAddress: localhost:54244}, javascriptEnabled: true, networkConnectionEnabled: false, pageLoadStrategy: normal, platform: WINDOWS, platformName: WINDOWS, proxy: Proxy(), setWindowRect: true, strictFileInteractability: false, timeouts: {implicit: 0, pageLoad: 300000, script: 30000}, unhandledPromptBehavior: dismiss and notify, webauthn:virtualAuthenticators: true}
Session ID: 751a99665cf20d5d6d2dfa1f52a350a4" type="org.openqa.selenium.StaleElementReferenceException">org.openqa.selenium.StaleElementReferenceException: stale element reference: element is not attached to the page document
  (Session info: chrome=88.0.4324.150)
For documentation on this error, please visit: http://seleniumhq.org/exceptions/stale_element_reference.html
Build info: version: &apos;3.8.0&apos;, revision: &apos;924c4067df&apos;, time: &apos;2017-11-30T11:20:39.408Z&apos;
System info: host: &apos;PWFAB1480&apos;, ip: &apos;10.3.24.37&apos;, os.name: &apos;Windows 10&apos;, os.arch: &apos;amd64&apos;, os.version: &apos;10.0&apos;, java.version: &apos;1.8.0_241&apos;
Driver info: org.openqa.selenium.chrome.ChromeDriver
Capabilities {acceptInsecureCerts: false, browserName: chrome, browserVersion: 88.0.4324.150, chrome: {chromedriverVersion: 87.0.4280.88 (89e2380a3e36c..., userDataDir: C:\Users\GUILHE~1.OLI\AppDa...}, goog:chromeOptions: {debuggerAddress: localhost:54244}, javascriptEnabled: true, networkConnectionEnabled: false, pageLoadStrategy: normal, platform: WINDOWS, platformName: WINDOWS, proxy: Proxy(), setWindowRect: true, strictFileInteractability: false, timeouts: {implicit: 0, pageLoad: 300000, script: 30000}, unhandledPromptBehavior: dismiss and notify, webauthn:virtualAuthenticators: true}
Session ID: 751a99665cf20d5d6d2dfa1f52a350a4
	at sun.reflect.NativeConstructorAccessorImpl.newInstance0(Native Method)
	at sun.reflect.NativeConstructorAccessorImpl.newInstance(Unknown Source)
	at sun.reflect.DelegatingConstructorAccessorImpl.newInstance(Unknown Source)
	at java.lang.reflect.Constructor.newInstance(Unknown Source)
	at org.openqa.selenium.remote.http.W3CHttpResponseCodec.createException(W3CHttpResponseCodec.java:187)
	at org.openqa.selenium.remote.http.W3CHttpResponseCodec.decode(W3CHttpResponseCodec.java:122)
	at org.openqa.selenium.remote.http.W3CHttpResponseCodec.decode(W3CHttpResponseCodec.java:49)
	at org.openqa.selenium.remote.HttpCommandExecutor.execute(HttpCommandExecutor.java:164)
	at org.openqa.selenium.remote.service.DriverCommandExecutor.execute(DriverCommandExecutor.java:83)
	at org.openqa.selenium.remote.RemoteWebDriver.execute(RemoteWebDriver.java:601)
	at org.openqa.selenium.remote.RemoteWebElement.execute(RemoteWebElement.java:279)
	at org.openqa.selenium.remote.RemoteWebElement.click(RemoteWebElement.java:83)
	at sun.reflect.GeneratedMethodAccessor5.invoke(Unknown Source)
	at sun.reflect.DelegatingMethodAccessorImpl.invoke(Unknown Source)
	at java.lang.reflect.Method.invoke(Unknown Source)
	at org.openqa.selenium.support.pagefactory.internal.LocatingElementHandler.invoke(LocatingElementHandler.java:51)
	at com.sun.proxy.$Proxy18.click(Unknown Source)
	at functions.Eventos.clicaElemento(Eventos.java:75)
	at functions.Actions.clicarBotao(Actions.java:27)
	at stepDefinitions.commonSD.clicoNoBotão(commonSD.java:33)
	at ✽.Entao clico no botão &quot;primeiro expand&quot;(common.feature:47)
</error>
  </testcase>
  <testcase classname="| Injetor | *20.2*fitbank * | JNL - 20.2 - EMS - FITBANK - Testes de Mobilidade | *CT070.0011 * |" name="| Injetor | *20.2*fitbank * | JNL - 20.2 - EMS - FITBANK - Testes de Mobilidade | *CT070.0011 * |" time="0.001">
    <error message="stale element reference: element is not attached to the page document
  (Session info: chrome=88.0.4324.150)
For documentation on this error, please visit: http://seleniumhq.org/exceptions/stale_element_reference.html
Build info: version: &apos;3.8.0&apos;, revision: &apos;924c4067df&apos;, time: &apos;2017-11-30T11:20:39.408Z&apos;
System info: host: &apos;PWFAB1480&apos;, ip: &apos;10.3.24.37&apos;, os.name: &apos;Windows 10&apos;, os.arch: &apos;amd64&apos;, os.version: &apos;10.0&apos;, java.version: &apos;1.8.0_241&apos;
Driver info: org.openqa.selenium.chrome.ChromeDriver
Capabilities {acceptInsecureCerts: false, browserName: chrome, browserVersion: 88.0.4324.150, chrome: {chromedriverVersion: 87.0.4280.88 (89e2380a3e36c..., userDataDir: C:\Users\GUILHE~1.OLI\AppDa...}, goog:chromeOptions: {debuggerAddress: localhost:54244}, javascriptEnabled: true, networkConnectionEnabled: false, pageLoadStrategy: normal, platform: WINDOWS, platformName: WINDOWS, proxy: Proxy(), setWindowRect: true, strictFileInteractability: false, timeouts: {implicit: 0, pageLoad: 300000, script: 30000}, unhandledPromptBehavior: dismiss and notify, webauthn:virtualAuthenticators: true}
Session ID: 751a99665cf20d5d6d2dfa1f52a350a4" type="org.openqa.selenium.StaleElementReferenceException">org.openqa.selenium.StaleElementReferenceException: stale element reference: element is not attached to the page document
  (Session info: chrome=88.0.4324.150)
For documentation on this error, please visit: http://seleniumhq.org/exceptions/stale_element_reference.html
Build info: version: &apos;3.8.0&apos;, revision: &apos;924c4067df&apos;, time: &apos;2017-11-30T11:20:39.408Z&apos;
System info: host: &apos;PWFAB1480&apos;, ip: &apos;10.3.24.37&apos;, os.name: &apos;Windows 10&apos;, os.arch: &apos;amd64&apos;, os.version: &apos;10.0&apos;, java.version: &apos;1.8.0_241&apos;
Driver info: org.openqa.selenium.chrome.ChromeDriver
Capabilities {acceptInsecureCerts: false, browserName: chrome, browserVersion: 88.0.4324.150, chrome: {chromedriverVersion: 87.0.4280.88 (89e2380a3e36c..., userDataDir: C:\Users\GUILHE~1.OLI\AppDa...}, goog:chromeOptions: {debuggerAddress: localhost:54244}, javascriptEnabled: true, networkConnectionEnabled: false, pageLoadStrategy: normal, platform: WINDOWS, platformName: WINDOWS, proxy: Proxy(), setWindowRect: true, strictFileInteractability: false, timeouts: {implicit: 0, pageLoad: 300000, script: 30000}, unhandledPromptBehavior: dismiss and notify, webauthn:virtualAuthenticators: true}
Session ID: 751a99665cf20d5d6d2dfa1f52a350a4
	at sun.reflect.NativeConstructorAccessorImpl.newInstance0(Native Method)
	at sun.reflect.NativeConstructorAccessorImpl.newInstance(Unknown Source)
	at sun.reflect.DelegatingConstructorAccessorImpl.newInstance(Unknown Source)
	at java.lang.reflect.Constructor.newInstance(Unknown Source)
	at org.openqa.selenium.remote.http.W3CHttpResponseCodec.createException(W3CHttpResponseCodec.java:187)
	at org.openqa.selenium.remote.http.W3CHttpResponseCodec.decode(W3CHttpResponseCodec.java:122)
	at org.openqa.selenium.remote.http.W3CHttpResponseCodec.decode(W3CHttpResponseCodec.java:49)
	at org.openqa.selenium.remote.HttpCommandExecutor.execute(HttpCommandExecutor.java:164)
	at org.openqa.selenium.remote.service.DriverCommandExecutor.execute(DriverCommandExecutor.java:83)
	at org.openqa.selenium.remote.RemoteWebDriver.execute(RemoteWebDriver.java:601)
	at org.openqa.selenium.remote.RemoteWebElement.execute(RemoteWebElement.java:279)
	at org.openqa.selenium.remote.RemoteWebElement.click(RemoteWebElement.java:83)
	at sun.reflect.GeneratedMethodAccessor5.invoke(Unknown Source)
	at sun.reflect.DelegatingMethodAccessorImpl.invoke(Unknown Source)
	at java.lang.reflect.Method.invoke(Unknown Source)
	at org.openqa.selenium.support.pagefactory.internal.LocatingElementHandler.invoke(LocatingElementHandler.java:51)
	at com.sun.proxy.$Proxy18.click(Unknown Source)
	at functions.Eventos.clicaElemento(Eventos.java:75)
	at functions.Actions.clicarBotao(Actions.java:27)
	at stepDefinitions.commonSD.clicoNoBotão(commonSD.java:33)
	at ✽.Entao clico no botão &quot;primeiro expand&quot;(common.feature:47)
</error>
  </testcase>
  <testcase classname="| Injetor | *20.2*fitbank * | JNL - 20.2 - EMS - FITBANK - Testes de Mobilidade | *CT070.0011 * |" name="Entao clico no botão &quot;segundo expand&quot;" time="0.001">
    <skipped/>
  </testcase>
  <testcase classname="| Injetor | *20.2*fitbank * | JNL - 20.2 - EMS - FITBANK - Testes de Mobilidade | *CT070.0011 * |" name="E recupero as linhas da transação" time="0.001">
    <skipped/>
  </testcase>
  <testcase classname="| Injetor | *20.2*fitbank * | JNL - 20.2 - EMS - FITBANK - Testes de Mobilidade | *CT070.0011 * |" name="E crio o arquivo" time="0.001">
    <skipped/>
  </testcase>
  <testcase classname="| Injetor | *20.2*fitbank * | JNL - 20.2 - EMS - FITBANK - Testes de Mobilidade | *CT070.0011 * |" name="E escrevo as informações no arquivo" time="0.001">
    <skipped/>
  </testcase>
  <testcase classname="| Injetor | *20.2*fitbank * | JNL - 20.2 - EMS - FITBANK - Testes de Mobilidade | *CT070.0013 * |" name="Dado usuário está na tela &quot;project list&quot;" time="0"/>
  <testcase classname="| Injetor | *20.2*fitbank * | JNL - 20.2 - EMS - FITBANK - Testes de Mobilidade | *CT070.0013 * |" name="Entao clico no botão &quot;ambiente&quot;" time="0"/>
  <testcase classname="| Injetor | *20.2*fitbank * | JNL - 20.2 - EMS - FITBANK - Testes de Mobilidade | *CT070.0013 * |" name="Entao seleciono lista &quot;lista ambientes&quot; &quot;Injetor&quot;" time="0"/>
  <testcase classname="| Injetor | *20.2*fitbank * | JNL - 20.2 - EMS - FITBANK - Testes de Mobilidade | *CT070.0013 * |" name="Entao clico no botão &quot;filtro&quot;" time="0"/>
  <testcase classname="| Injetor | *20.2*fitbank * | JNL - 20.2 - EMS - FITBANK - Testes de Mobilidade | *CT070.0013 * |" name="E insiro no campo &quot;nome&quot; &quot;*20.2*fitbank *&quot;" time="0"/>
  <testcase classname="| Injetor | *20.2*fitbank * | JNL - 20.2 - EMS - FITBANK - Testes de Mobilidade | *CT070.0013 * |" name="Entao clico no botão &quot;enviar&quot;" time="0"/>
  <testcase classname="| Injetor | *20.2*fitbank * | JNL - 20.2 - EMS - FITBANK - Testes de Mobilidade | *CT070.0013 * |" name="Entao seleciono campo &quot;projeto&quot; na tabela com valor &quot;JNL - 20.2 - EMS - FITBANK - Testes de Mobilidade&quot;" time="0"/>
  <testcase classname="| Injetor | *20.2*fitbank * | JNL - 20.2 - EMS - FITBANK - Testes de Mobilidade | *CT070.0013 * |" name="Entao clico no botão &quot;ciclo&quot;" time="0"/>
  <testcase classname="| Injetor | *20.2*fitbank * | JNL - 20.2 - EMS - FITBANK - Testes de Mobilidade | *CT070.0013 * |" name="E mudo de tela para &quot;project execution&quot;" time="0"/>
  <testcase classname="| Injetor | *20.2*fitbank * | JNL - 20.2 - EMS - FITBANK - Testes de Mobilidade | *CT070.0013 * |" name="Entao clico no botão &quot;filtro&quot;" time="0"/>
  <testcase classname="| Injetor | *20.2*fitbank * | JNL - 20.2 - EMS - FITBANK - Testes de Mobilidade | *CT070.0013 * |" name="E insiro no campo &quot;nome&quot; &quot;*CT070.0013 *&quot;" time="0"/>
  <testcase classname="| Injetor | *20.2*fitbank * | JNL - 20.2 - EMS - FITBANK - Testes de Mobilidade | *CT070.0013 * |" name="Entao clico no botão &quot;enviar&quot;" time="0"/>
  <testcase classname="| Injetor | *20.2*fitbank * | JNL - 20.2 - EMS - FITBANK - Testes de Mobilidade | *CT070.0013 * |" name="E seleciono o campo &quot;caso de teste&quot;" time="0"/>
  <testcase classname="| Injetor | *20.2*fitbank * | JNL - 20.2 - EMS - FITBANK - Testes de Mobilidade | *CT070.0013 * |" name="Entao clico no botão &quot;executar teste&quot;" time="0"/>
  <testcase classname="| Injetor | *20.2*fitbank * | JNL - 20.2 - EMS - FITBANK - Testes de Mobilidade | *CT070.0013 * |" name="E valido o campo &quot;resultado teste&quot;" time="0"/>
  <testcase classname="| Injetor | *20.2*fitbank * | JNL - 20.2 - EMS - FITBANK - Testes de Mobilidade | *CT070.0013 * |" name="E seleciono o campo &quot;caso de teste&quot;" time="0"/>
  <testcase classname="| Injetor | *20.2*fitbank * | JNL - 20.2 - EMS - FITBANK - Testes de Mobilidade | *CT070.0013 * |" name="E adiciono header ao arquivo" time="0"/>
  <testcase classname="| Injetor | *20.2*fitbank * | JNL - 20.2 - EMS - FITBANK - Testes de Mobilidade | *CT070.0013 * |" name="Entao clico no botão &quot;lupa&quot;" time="0"/>
  <testcase classname="| Injetor | *20.2*fitbank * | JNL - 20.2 - EMS - FITBANK - Testes de Mobilidade | *CT070.0013 * |" name="Entao clico no botão &quot;primeiro expand&quot;" time="0"/>
  <testcase classname="| Injetor | *20.2*fitbank * | JNL - 20.2 - EMS - FITBANK - Testes de Mobilidade | *CT070.0013 * |" name="Entao clico no botão &quot;segundo expand&quot;" time="0"/>
  <testcase classname="| Injetor | *20.2*fitbank * | JNL - 20.2 - EMS - FITBANK - Testes de Mobilidade | *CT070.0013 * |" name="E recupero as linhas da transação" time="0"/>
  <testcase classname="| Injetor | *20.2*fitbank * | JNL - 20.2 - EMS - FITBANK - Testes de Mobilidade | *CT070.0013 * |" name="E crio o arquivo" time="0"/>
  <testcase classname="| Injetor | *20.2*fitbank * | JNL - 20.2 - EMS - FITBANK - Testes de Mobilidade | *CT070.0013 * |" name="E escrevo as informações no arquivo" time="0"/>
  <testcase classname="| Injetor | *20.2*fitbank * | JNL - 20.2 - EMS - FITBANK - Testes de Mobilidade | *CT070.0013 * |" name="| Injetor | *20.2*fitbank * | JNL - 20.2 - EMS - FITBANK - Testes de Mobilidade | *CT070.0013 * |" time="0"/>
  <testcase classname="| Injetor | *20.2*fitbank * | JNL - 20.2 - EMS - FITBANK - Testes de Mobilidade | *CT070.0013 * |" name="Dado usuário está na tela &quot;project list&quot;" time="0"/>
  <testcase classname="| Injetor | *20.2*fitbank * | JNL - 20.2 - EMS - FITBANK - Testes de Mobilidade | *CT070.0013 * |" name="Entao clico no botão &quot;ambiente&quot;" time="0"/>
  <testcase classname="| Injetor | *20.2*fitbank * | JNL - 20.2 - EMS - FITBANK - Testes de Mobilidade | *CT070.0013 * |" name="Entao seleciono lista &quot;lista ambientes&quot; &quot;Injetor&quot;" time="0"/>
  <testcase classname="| Injetor | *20.2*fitbank * | JNL - 20.2 - EMS - FITBANK - Testes de Mobilidade | *CT070.0013 * |" name="Entao clico no botão &quot;filtro&quot;" time="0"/>
  <testcase classname="| Injetor | *20.2*fitbank * | JNL - 20.2 - EMS - FITBANK - Testes de Mobilidade | *CT070.0013 * |" name="E insiro no campo &quot;nome&quot; &quot;*20.2*fitbank *&quot;" time="0"/>
  <testcase classname="| Injetor | *20.2*fitbank * | JNL - 20.2 - EMS - FITBANK - Testes de Mobilidade | *CT070.0013 * |" name="Entao clico no botão &quot;enviar&quot;" time="0"/>
  <testcase classname="| Injetor | *20.2*fitbank * | JNL - 20.2 - EMS - FITBANK - Testes de Mobilidade | *CT070.0013 * |" name="Entao seleciono campo &quot;projeto&quot; na tabela com valor &quot;JNL - 20.2 - EMS - FITBANK - Testes de Mobilidade&quot;" time="0"/>
  <testcase classname="| Injetor | *20.2*fitbank * | JNL - 20.2 - EMS - FITBANK - Testes de Mobilidade | *CT070.0013 * |" name="Entao clico no botão &quot;ciclo&quot;" time="0"/>
  <testcase classname="| Injetor | *20.2*fitbank * | JNL - 20.2 - EMS - FITBANK - Testes de Mobilidade | *CT070.0013 * |" name="E mudo de tela para &quot;project execution&quot;" time="0"/>
  <testcase classname="| Injetor | *20.2*fitbank * | JNL - 20.2 - EMS - FITBANK - Testes de Mobilidade | *CT070.0013 * |" name="Entao clico no botão &quot;filtro&quot;" time="0"/>
  <testcase classname="| Injetor | *20.2*fitbank * | JNL - 20.2 - EMS - FITBANK - Testes de Mobilidade | *CT070.0013 * |" name="E insiro no campo &quot;nome&quot; &quot;*CT070.0013 *&quot;" time="0"/>
  <testcase classname="| Injetor | *20.2*fitbank * | JNL - 20.2 - EMS - FITBANK - Testes de Mobilidade | *CT070.0013 * |" name="Entao clico no botão &quot;enviar&quot;" time="0"/>
  <testcase classname="| Injetor | *20.2*fitbank * | JNL - 20.2 - EMS - FITBANK - Testes de Mobilidade | *CT070.0013 * |" name="E seleciono o campo &quot;caso de teste&quot;" time="0"/>
  <testcase classname="| Injetor | *20.2*fitbank * | JNL - 20.2 - EMS - FITBANK - Testes de Mobilidade | *CT070.0013 * |" name="Entao clico no botão &quot;executar teste&quot;" time="0"/>
  <testcase classname="| Injetor | *20.2*fitbank * | JNL - 20.2 - EMS - FITBANK - Testes de Mobilidade | *CT070.0013 * |" name="E valido o campo &quot;resultado teste&quot;" time="0"/>
  <testcase classname="| Injetor | *20.2*fitbank * | JNL - 20.2 - EMS - FITBANK - Testes de Mobilidade | *CT070.0013 * |" name="E seleciono o campo &quot;caso de teste&quot;" time="0"/>
  <testcase classname="| Injetor | *20.2*fitbank * | JNL - 20.2 - EMS - FITBANK - Testes de Mobilidade | *CT070.0013 * |" name="E adiciono header ao arquivo" time="0"/>
  <testcase classname="| Injetor | *20.2*fitbank * | JNL - 20.2 - EMS - FITBANK - Testes de Mobilidade | *CT070.0013 * |" name="Entao clico no botão &quot;lupa&quot;" time="0"/>
  <testcase classname="| Injetor | *20.2*fitbank * | JNL - 20.2 - EMS - FITBANK - Testes de Mobilidade | *CT070.0013 * |" name="Entao clico no botão &quot;primeiro expand&quot;" time="0"/>
  <testcase classname="| Injetor | *20.2*fitbank * | JNL - 20.2 - EMS - FITBANK - Testes de Mobilidade | *CT070.0013 * |" name="Entao clico no botão &quot;segundo expand&quot;" time="0"/>
  <testcase classname="| Injetor | *20.2*fitbank * | JNL - 20.2 - EMS - FITBANK - Testes de Mobilidade | *CT070.0013 * |" name="E recupero as linhas da transação" time="0"/>
  <testcase classname="| Injetor | *20.2*fitbank * | JNL - 20.2 - EMS - FITBANK - Testes de Mobilidade | *CT070.0013 * |" name="E crio o arquivo" time="0"/>
  <testcase classname="| Injetor | *20.2*fitbank * | JNL - 20.2 - EMS - FITBANK - Testes de Mobilidade | *CT070.0013 * |" name="E escrevo as informações no arquivo" time="0"/>
  <testcase classname="| Injetor | *20.2*fitbank * | JNL - 20.2 - EMS - FITBANK - Testes de Mobilidade | *CT070.0013 * |" name="| Injetor | *20.2*fitbank * | JNL - 20.2 - EMS - FITBANK - Testes de Mobilidade | *CT070.0013 * |" time="0"/>
  <testcase classname="| Injetor | *20.2*fitbank * | JNL - 20.2 - EMS - FITBANK - Testes de Mobilidade | *CT070.0013 * |" name="Dado usuário está na tela &quot;project list&quot;" time="0"/>
  <testcase classname="| Injetor | *20.2*fitbank * | JNL - 20.2 - EMS - FITBANK - Testes de Mobilidade | *CT070.0013 * |" name="Entao clico no botão &quot;ambiente&quot;" time="0"/>
  <testcase classname="| Injetor | *20.2*fitbank * | JNL - 20.2 - EMS - FITBANK - Testes de Mobilidade | *CT070.0013 * |" name="Entao seleciono lista &quot;lista ambientes&quot; &quot;Injetor&quot;" time="0"/>
  <testcase classname="| Injetor | *20.2*fitbank * | JNL - 20.2 - EMS - FITBANK - Testes de Mobilidade | *CT070.0013 * |" name="Entao clico no botão &quot;filtro&quot;" time="0"/>
  <testcase classname="| Injetor | *20.2*fitbank * | JNL - 20.2 - EMS - FITBANK - Testes de Mobilidade | *CT070.0013 * |" name="E insiro no campo &quot;nome&quot; &quot;*20.2*fitbank *&quot;" time="0"/>
  <testcase classname="| Injetor | *20.2*fitbank * | JNL - 20.2 - EMS - FITBANK - Testes de Mobilidade | *CT070.0013 * |" name="Entao clico no botão &quot;enviar&quot;" time="0"/>
  <testcase classname="| Injetor | *20.2*fitbank * | JNL - 20.2 - EMS - FITBANK - Testes de Mobilidade | *CT070.0013 * |" name="Entao seleciono campo &quot;projeto&quot; na tabela com valor &quot;JNL - 20.2 - EMS - FITBANK - Testes de Mobilidade&quot;" time="0"/>
  <testcase classname="| Injetor | *20.2*fitbank * | JNL - 20.2 - EMS - FITBANK - Testes de Mobilidade | *CT070.0013 * |" name="Entao clico no botão &quot;ciclo&quot;" time="0"/>
  <testcase classname="| Injetor | *20.2*fitbank * | JNL - 20.2 - EMS - FITBANK - Testes de Mobilidade | *CT070.0013 * |" name="E mudo de tela para &quot;project execution&quot;" time="0"/>
  <testcase classname="| Injetor | *20.2*fitbank * | JNL - 20.2 - EMS - FITBANK - Testes de Mobilidade | *CT070.0013 * |" name="Entao clico no botão &quot;filtro&quot;" time="0"/>
  <testcase classname="| Injetor | *20.2*fitbank * | JNL - 20.2 - EMS - FITBANK - Testes de Mobilidade | *CT070.0013 * |" name="E insiro no campo &quot;nome&quot; &quot;*CT070.0013 *&quot;" time="0"/>
  <testcase classname="| Injetor | *20.2*fitbank * | JNL - 20.2 - EMS - FITBANK - Testes de Mobilidade | *CT070.0013 * |" name="Entao clico no botão &quot;enviar&quot;" time="0"/>
  <testcase classname="| Injetor | *20.2*fitbank * | JNL - 20.2 - EMS - FITBANK - Testes de Mobilidade | *CT070.0013 * |" name="E seleciono o campo &quot;caso de teste&quot;" time="0"/>
  <testcase classname="| Injetor | *20.2*fitbank * | JNL - 20.2 - EMS - FITBANK - Testes de Mobilidade | *CT070.0013 * |" name="Entao clico no botão &quot;executar teste&quot;" time="0"/>
  <testcase classname="| Injetor | *20.2*fitbank * | JNL - 20.2 - EMS - FITBANK - Testes de Mobilidade | *CT070.0013 * |" name="E valido o campo &quot;resultado teste&quot;" time="0"/>
  <testcase classname="| Injetor | *20.2*fitbank * | JNL - 20.2 - EMS - FITBANK - Testes de Mobilidade | *CT070.0013 * |" name="E seleciono o campo &quot;caso de teste&quot;" time="0"/>
  <testcase classname="| Injetor | *20.2*fitbank * | JNL - 20.2 - EMS - FITBANK - Testes de Mobilidade | *CT070.0013 * |" name="E adiciono header ao arquivo" time="0"/>
  <testcase classname="| Injetor | *20.2*fitbank * | JNL - 20.2 - EMS - FITBANK - Testes de Mobilidade | *CT070.0013 * |" name="Entao clico no botão &quot;lupa&quot;" time="0"/>
  <testcase classname="| Injetor | *20.2*fitbank * | JNL - 20.2 - EMS - FITBANK - Testes de Mobilidade | *CT070.0013 * |" name="Entao clico no botão &quot;primeiro expand&quot;" time="0">
    <error message="stale element reference: element is not attached to the page document
  (Session info: chrome=88.0.4324.150)
For documentation on this error, please visit: http://seleniumhq.org/exceptions/stale_element_reference.html
Build info: version: &apos;3.8.0&apos;, revision: &apos;924c4067df&apos;, time: &apos;2017-11-30T11:20:39.408Z&apos;
System info: host: &apos;PWFAB1480&apos;, ip: &apos;10.3.24.37&apos;, os.name: &apos;Windows 10&apos;, os.arch: &apos;amd64&apos;, os.version: &apos;10.0&apos;, java.version: &apos;1.8.0_241&apos;
Driver info: org.openqa.selenium.chrome.ChromeDriver
Capabilities {acceptInsecureCerts: false, browserName: chrome, browserVersion: 88.0.4324.150, chrome: {chromedriverVersion: 87.0.4280.88 (89e2380a3e36c..., userDataDir: C:\Users\GUILHE~1.OLI\AppDa...}, goog:chromeOptions: {debuggerAddress: localhost:54244}, javascriptEnabled: true, networkConnectionEnabled: false, pageLoadStrategy: normal, platform: WINDOWS, platformName: WINDOWS, proxy: Proxy(), setWindowRect: true, strictFileInteractability: false, timeouts: {implicit: 0, pageLoad: 300000, script: 30000}, unhandledPromptBehavior: dismiss and notify, webauthn:virtualAuthenticators: true}
Session ID: 751a99665cf20d5d6d2dfa1f52a350a4" type="org.openqa.selenium.StaleElementReferenceException">org.openqa.selenium.StaleElementReferenceException: stale element reference: element is not attached to the page document
  (Session info: chrome=88.0.4324.150)
For documentation on this error, please visit: http://seleniumhq.org/exceptions/stale_element_reference.html
Build info: version: &apos;3.8.0&apos;, revision: &apos;924c4067df&apos;, time: &apos;2017-11-30T11:20:39.408Z&apos;
System info: host: &apos;PWFAB1480&apos;, ip: &apos;10.3.24.37&apos;, os.name: &apos;Windows 10&apos;, os.arch: &apos;amd64&apos;, os.version: &apos;10.0&apos;, java.version: &apos;1.8.0_241&apos;
Driver info: org.openqa.selenium.chrome.ChromeDriver
Capabilities {acceptInsecureCerts: false, browserName: chrome, browserVersion: 88.0.4324.150, chrome: {chromedriverVersion: 87.0.4280.88 (89e2380a3e36c..., userDataDir: C:\Users\GUILHE~1.OLI\AppDa...}, goog:chromeOptions: {debuggerAddress: localhost:54244}, javascriptEnabled: true, networkConnectionEnabled: false, pageLoadStrategy: normal, platform: WINDOWS, platformName: WINDOWS, proxy: Proxy(), setWindowRect: true, strictFileInteractability: false, timeouts: {implicit: 0, pageLoad: 300000, script: 30000}, unhandledPromptBehavior: dismiss and notify, webauthn:virtualAuthenticators: true}
Session ID: 751a99665cf20d5d6d2dfa1f52a350a4
	at sun.reflect.NativeConstructorAccessorImpl.newInstance0(Native Method)
	at sun.reflect.NativeConstructorAccessorImpl.newInstance(Unknown Source)
	at sun.reflect.DelegatingConstructorAccessorImpl.newInstance(Unknown Source)
	at java.lang.reflect.Constructor.newInstance(Unknown Source)
	at org.openqa.selenium.remote.http.W3CHttpResponseCodec.createException(W3CHttpResponseCodec.java:187)
	at org.openqa.selenium.remote.http.W3CHttpResponseCodec.decode(W3CHttpResponseCodec.java:122)
	at org.openqa.selenium.remote.http.W3CHttpResponseCodec.decode(W3CHttpResponseCodec.java:49)
	at org.openqa.selenium.remote.HttpCommandExecutor.execute(HttpCommandExecutor.java:164)
	at org.openqa.selenium.remote.service.DriverCommandExecutor.execute(DriverCommandExecutor.java:83)
	at org.openqa.selenium.remote.RemoteWebDriver.execute(RemoteWebDriver.java:601)
	at org.openqa.selenium.remote.RemoteWebElement.execute(RemoteWebElement.java:279)
	at org.openqa.selenium.remote.RemoteWebElement.click(RemoteWebElement.java:83)
	at sun.reflect.GeneratedMethodAccessor5.invoke(Unknown Source)
	at sun.reflect.DelegatingMethodAccessorImpl.invoke(Unknown Source)
	at java.lang.reflect.Method.invoke(Unknown Source)
	at org.openqa.selenium.support.pagefactory.internal.LocatingElementHandler.invoke(LocatingElementHandler.java:51)
	at com.sun.proxy.$Proxy18.click(Unknown Source)
	at functions.Eventos.clicaElemento(Eventos.java:75)
	at functions.Actions.clicarBotao(Actions.java:27)
	at stepDefinitions.commonSD.clicoNoBotão(commonSD.java:33)
	at ✽.Entao clico no botão &quot;primeiro expand&quot;(common.feature:47)
</error>
  </testcase>
  <testcase classname="| Injetor | *20.2*fitbank * | JNL - 20.2 - EMS - FITBANK - Testes de Mobilidade | *CT070.0013 * |" name="| Injetor | *20.2*fitbank * | JNL - 20.2 - EMS - FITBANK - Testes de Mobilidade | *CT070.0013 * |" time="0">
    <error message="stale element reference: element is not attached to the page document
  (Session info: chrome=88.0.4324.150)
For documentation on this error, please visit: http://seleniumhq.org/exceptions/stale_element_reference.html
Build info: version: &apos;3.8.0&apos;, revision: &apos;924c4067df&apos;, time: &apos;2017-11-30T11:20:39.408Z&apos;
System info: host: &apos;PWFAB1480&apos;, ip: &apos;10.3.24.37&apos;, os.name: &apos;Windows 10&apos;, os.arch: &apos;amd64&apos;, os.version: &apos;10.0&apos;, java.version: &apos;1.8.0_241&apos;
Driver info: org.openqa.selenium.chrome.ChromeDriver
Capabilities {acceptInsecureCerts: false, browserName: chrome, browserVersion: 88.0.4324.150, chrome: {chromedriverVersion: 87.0.4280.88 (89e2380a3e36c..., userDataDir: C:\Users\GUILHE~1.OLI\AppDa...}, goog:chromeOptions: {debuggerAddress: localhost:54244}, javascriptEnabled: true, networkConnectionEnabled: false, pageLoadStrategy: normal, platform: WINDOWS, platformName: WINDOWS, proxy: Proxy(), setWindowRect: true, strictFileInteractability: false, timeouts: {implicit: 0, pageLoad: 300000, script: 30000}, unhandledPromptBehavior: dismiss and notify, webauthn:virtualAuthenticators: true}
Session ID: 751a99665cf20d5d6d2dfa1f52a350a4" type="org.openqa.selenium.StaleElementReferenceException">org.openqa.selenium.StaleElementReferenceException: stale element reference: element is not attached to the page document
  (Session info: chrome=88.0.4324.150)
For documentation on this error, please visit: http://seleniumhq.org/exceptions/stale_element_reference.html
Build info: version: &apos;3.8.0&apos;, revision: &apos;924c4067df&apos;, time: &apos;2017-11-30T11:20:39.408Z&apos;
System info: host: &apos;PWFAB1480&apos;, ip: &apos;10.3.24.37&apos;, os.name: &apos;Windows 10&apos;, os.arch: &apos;amd64&apos;, os.version: &apos;10.0&apos;, java.version: &apos;1.8.0_241&apos;
Driver info: org.openqa.selenium.chrome.ChromeDriver
Capabilities {acceptInsecureCerts: false, browserName: chrome, browserVersion: 88.0.4324.150, chrome: {chromedriverVersion: 87.0.4280.88 (89e2380a3e36c..., userDataDir: C:\Users\GUILHE~1.OLI\AppDa...}, goog:chromeOptions: {debuggerAddress: localhost:54244}, javascriptEnabled: true, networkConnectionEnabled: false, pageLoadStrategy: normal, platform: WINDOWS, platformName: WINDOWS, proxy: Proxy(), setWindowRect: true, strictFileInteractability: false, timeouts: {implicit: 0, pageLoad: 300000, script: 30000}, unhandledPromptBehavior: dismiss and notify, webauthn:virtualAuthenticators: true}
Session ID: 751a99665cf20d5d6d2dfa1f52a350a4
	at sun.reflect.NativeConstructorAccessorImpl.newInstance0(Native Method)
	at sun.reflect.NativeConstructorAccessorImpl.newInstance(Unknown Source)
	at sun.reflect.DelegatingConstructorAccessorImpl.newInstance(Unknown Source)
	at java.lang.reflect.Constructor.newInstance(Unknown Source)
	at org.openqa.selenium.remote.http.W3CHttpResponseCodec.createException(W3CHttpResponseCodec.java:187)
	at org.openqa.selenium.remote.http.W3CHttpResponseCodec.decode(W3CHttpResponseCodec.java:122)
	at org.openqa.selenium.remote.http.W3CHttpResponseCodec.decode(W3CHttpResponseCodec.java:49)
	at org.openqa.selenium.remote.HttpCommandExecutor.execute(HttpCommandExecutor.java:164)
	at org.openqa.selenium.remote.service.DriverCommandExecutor.execute(DriverCommandExecutor.java:83)
	at org.openqa.selenium.remote.RemoteWebDriver.execute(RemoteWebDriver.java:601)
	at org.openqa.selenium.remote.RemoteWebElement.execute(RemoteWebElement.java:279)
	at org.openqa.selenium.remote.RemoteWebElement.click(RemoteWebElement.java:83)
	at sun.reflect.GeneratedMethodAccessor5.invoke(Unknown Source)
	at sun.reflect.DelegatingMethodAccessorImpl.invoke(Unknown Source)
	at java.lang.reflect.Method.invoke(Unknown Source)
	at org.openqa.selenium.support.pagefactory.internal.LocatingElementHandler.invoke(LocatingElementHandler.java:51)
	at com.sun.proxy.$Proxy18.click(Unknown Source)
	at functions.Eventos.clicaElemento(Eventos.java:75)
	at functions.Actions.clicarBotao(Actions.java:27)
	at stepDefinitions.commonSD.clicoNoBotão(commonSD.java:33)
	at ✽.Entao clico no botão &quot;primeiro expand&quot;(common.feature:47)
</error>
  </testcase>
  <testcase classname="| Injetor | *20.2*fitbank * | JNL - 20.2 - EMS - FITBANK - Testes de Mobilidade | *CT070.0013 * |" name="Entao clico no botão &quot;segundo expand&quot;" time="0">
    <skipped/>
  </testcase>
  <testcase classname="| Injetor | *20.2*fitbank * | JNL - 20.2 - EMS - FITBANK - Testes de Mobilidade | *CT070.0013 * |" name="E recupero as linhas da transação" time="0">
    <skipped/>
  </testcase>
  <testcase classname="| Injetor | *20.2*fitbank * | JNL - 20.2 - EMS - FITBANK - Testes de Mobilidade | *CT070.0013 * |" name="E crio o arquivo" time="0">
    <skipped/>
  </testcase>
  <testcase classname="| Injetor | *20.2*fitbank * | JNL - 20.2 - EMS - FITBANK - Testes de Mobilidade | *CT070.0013 * |" name="E escrevo as informações no arquivo" time="0">
    <skipped/>
  </testcase>
  <testcase classname="| Injetor | *20.2*fitbank * | JNL - 20.2 - EMS - FITBANK - Testes de Mobilidade | *CT070.0013 * |" name="Dado usuário está na tela &quot;project list&quot;" time="0"/>
  <testcase classname="| Injetor | *20.2*fitbank * | JNL - 20.2 - EMS - FITBANK - Testes de Mobilidade | *CT070.0013 * |" name="Entao clico no botão &quot;ambiente&quot;" time="0"/>
  <testcase classname="| Injetor | *20.2*fitbank * | JNL - 20.2 - EMS - FITBANK - Testes de Mobilidade | *CT070.0013 * |" name="Entao seleciono lista &quot;lista ambientes&quot; &quot;Injetor&quot;" time="0"/>
  <testcase classname="| Injetor | *20.2*fitbank * | JNL - 20.2 - EMS - FITBANK - Testes de Mobilidade | *CT070.0013 * |" name="Entao clico no botão &quot;filtro&quot;" time="0"/>
  <testcase classname="| Injetor | *20.2*fitbank * | JNL - 20.2 - EMS - FITBANK - Testes de Mobilidade | *CT070.0013 * |" name="E insiro no campo &quot;nome&quot; &quot;*20.2*fitbank *&quot;" time="0"/>
  <testcase classname="| Injetor | *20.2*fitbank * | JNL - 20.2 - EMS - FITBANK - Testes de Mobilidade | *CT070.0013 * |" name="Entao clico no botão &quot;enviar&quot;" time="0"/>
  <testcase classname="| Injetor | *20.2*fitbank * | JNL - 20.2 - EMS - FITBANK - Testes de Mobilidade | *CT070.0013 * |" name="Entao seleciono campo &quot;projeto&quot; na tabela com valor &quot;JNL - 20.2 - EMS - FITBANK - Testes de Mobilidade&quot;" time="0"/>
  <testcase classname="| Injetor | *20.2*fitbank * | JNL - 20.2 - EMS - FITBANK - Testes de Mobilidade | *CT070.0013 * |" name="Entao clico no botão &quot;ciclo&quot;" time="0"/>
  <testcase classname="| Injetor | *20.2*fitbank * | JNL - 20.2 - EMS - FITBANK - Testes de Mobilidade | *CT070.0013 * |" name="E mudo de tela para &quot;project execution&quot;" time="0"/>
  <testcase classname="| Injetor | *20.2*fitbank * | JNL - 20.2 - EMS - FITBANK - Testes de Mobilidade | *CT070.0013 * |" name="Entao clico no botão &quot;filtro&quot;" time="0"/>
  <testcase classname="| Injetor | *20.2*fitbank * | JNL - 20.2 - EMS - FITBANK - Testes de Mobilidade | *CT070.0013 * |" name="E insiro no campo &quot;nome&quot; &quot;*CT070.0013 *&quot;" time="0"/>
  <testcase classname="| Injetor | *20.2*fitbank * | JNL - 20.2 - EMS - FITBANK - Testes de Mobilidade | *CT070.0013 * |" name="Entao clico no botão &quot;enviar&quot;" time="0"/>
  <testcase classname="| Injetor | *20.2*fitbank * | JNL - 20.2 - EMS - FITBANK - Testes de Mobilidade | *CT070.0013 * |" name="E seleciono o campo &quot;caso de teste&quot;" time="0"/>
  <testcase classname="| Injetor | *20.2*fitbank * | JNL - 20.2 - EMS - FITBANK - Testes de Mobilidade | *CT070.0013 * |" name="Entao clico no botão &quot;executar teste&quot;" time="0"/>
  <testcase classname="| Injetor | *20.2*fitbank * | JNL - 20.2 - EMS - FITBANK - Testes de Mobilidade | *CT070.0013 * |" name="E valido o campo &quot;resultado teste&quot;" time="0"/>
  <testcase classname="| Injetor | *20.2*fitbank * | JNL - 20.2 - EMS - FITBANK - Testes de Mobilidade | *CT070.0013 * |" name="E seleciono o campo &quot;caso de teste&quot;" time="0"/>
  <testcase classname="| Injetor | *20.2*fitbank * | JNL - 20.2 - EMS - FITBANK - Testes de Mobilidade | *CT070.0013 * |" name="E adiciono header ao arquivo" time="0"/>
  <testcase classname="| Injetor | *20.2*fitbank * | JNL - 20.2 - EMS - FITBANK - Testes de Mobilidade | *CT070.0013 * |" name="Entao clico no botão &quot;lupa&quot;" time="0"/>
  <testcase classname="| Injetor | *20.2*fitbank * | JNL - 20.2 - EMS - FITBANK - Testes de Mobilidade | *CT070.0013 * |" name="Entao clico no botão &quot;primeiro expand&quot;" time="0">
    <error message="stale element reference: element is not attached to the page document
  (Session info: chrome=88.0.4324.150)
For documentation on this error, please visit: http://seleniumhq.org/exceptions/stale_element_reference.html
Build info: version: &apos;3.8.0&apos;, revision: &apos;924c4067df&apos;, time: &apos;2017-11-30T11:20:39.408Z&apos;
System info: host: &apos;PWFAB1480&apos;, ip: &apos;10.3.24.37&apos;, os.name: &apos;Windows 10&apos;, os.arch: &apos;amd64&apos;, os.version: &apos;10.0&apos;, java.version: &apos;1.8.0_241&apos;
Driver info: org.openqa.selenium.chrome.ChromeDriver
Capabilities {acceptInsecureCerts: false, browserName: chrome, browserVersion: 88.0.4324.150, chrome: {chromedriverVersion: 87.0.4280.88 (89e2380a3e36c..., userDataDir: C:\Users\GUILHE~1.OLI\AppDa...}, goog:chromeOptions: {debuggerAddress: localhost:54244}, javascriptEnabled: true, networkConnectionEnabled: false, pageLoadStrategy: normal, platform: WINDOWS, platformName: WINDOWS, proxy: Proxy(), setWindowRect: true, strictFileInteractability: false, timeouts: {implicit: 0, pageLoad: 300000, script: 30000}, unhandledPromptBehavior: dismiss and notify, webauthn:virtualAuthenticators: true}
Session ID: 751a99665cf20d5d6d2dfa1f52a350a4" type="org.openqa.selenium.StaleElementReferenceException">org.openqa.selenium.StaleElementReferenceException: stale element reference: element is not attached to the page document
  (Session info: chrome=88.0.4324.150)
For documentation on this error, please visit: http://seleniumhq.org/exceptions/stale_element_reference.html
Build info: version: &apos;3.8.0&apos;, revision: &apos;924c4067df&apos;, time: &apos;2017-11-30T11:20:39.408Z&apos;
System info: host: &apos;PWFAB1480&apos;, ip: &apos;10.3.24.37&apos;, os.name: &apos;Windows 10&apos;, os.arch: &apos;amd64&apos;, os.version: &apos;10.0&apos;, java.version: &apos;1.8.0_241&apos;
Driver info: org.openqa.selenium.chrome.ChromeDriver
Capabilities {acceptInsecureCerts: false, browserName: chrome, browserVersion: 88.0.4324.150, chrome: {chromedriverVersion: 87.0.4280.88 (89e2380a3e36c..., userDataDir: C:\Users\GUILHE~1.OLI\AppDa...}, goog:chromeOptions: {debuggerAddress: localhost:54244}, javascriptEnabled: true, networkConnectionEnabled: false, pageLoadStrategy: normal, platform: WINDOWS, platformName: WINDOWS, proxy: Proxy(), setWindowRect: true, strictFileInteractability: false, timeouts: {implicit: 0, pageLoad: 300000, script: 30000}, unhandledPromptBehavior: dismiss and notify, webauthn:virtualAuthenticators: true}
Session ID: 751a99665cf20d5d6d2dfa1f52a350a4
	at sun.reflect.NativeConstructorAccessorImpl.newInstance0(Native Method)
	at sun.reflect.NativeConstructorAccessorImpl.newInstance(Unknown Source)
	at sun.reflect.DelegatingConstructorAccessorImpl.newInstance(Unknown Source)
	at java.lang.reflect.Constructor.newInstance(Unknown Source)
	at org.openqa.selenium.remote.http.W3CHttpResponseCodec.createException(W3CHttpResponseCodec.java:187)
	at org.openqa.selenium.remote.http.W3CHttpResponseCodec.decode(W3CHttpResponseCodec.java:122)
	at org.openqa.selenium.remote.http.W3CHttpResponseCodec.decode(W3CHttpResponseCodec.java:49)
	at org.openqa.selenium.remote.HttpCommandExecutor.execute(HttpCommandExecutor.java:164)
	at org.openqa.selenium.remote.service.DriverCommandExecutor.execute(DriverCommandExecutor.java:83)
	at org.openqa.selenium.remote.RemoteWebDriver.execute(RemoteWebDriver.java:601)
	at org.openqa.selenium.remote.RemoteWebElement.execute(RemoteWebElement.java:279)
	at org.openqa.selenium.remote.RemoteWebElement.click(RemoteWebElement.java:83)
	at sun.reflect.GeneratedMethodAccessor5.invoke(Unknown Source)
	at sun.reflect.DelegatingMethodAccessorImpl.invoke(Unknown Source)
	at java.lang.reflect.Method.invoke(Unknown Source)
	at org.openqa.selenium.support.pagefactory.internal.LocatingElementHandler.invoke(LocatingElementHandler.java:51)
	at com.sun.proxy.$Proxy18.click(Unknown Source)
	at functions.Eventos.clicaElemento(Eventos.java:75)
	at functions.Actions.clicarBotao(Actions.java:27)
	at stepDefinitions.commonSD.clicoNoBotão(commonSD.java:33)
	at ✽.Entao clico no botão &quot;primeiro expand&quot;(common.feature:47)
</error>
  </testcase>
  <testcase classname="| Injetor | *20.2*fitbank * | JNL - 20.2 - EMS - FITBANK - Testes de Mobilidade | *CT070.0013 * |" name="| Injetor | *20.2*fitbank * | JNL - 20.2 - EMS - FITBANK - Testes de Mobilidade | *CT070.0013 * |" time="0">
    <error message="stale element reference: element is not attached to the page document
  (Session info: chrome=88.0.4324.150)
For documentation on this error, please visit: http://seleniumhq.org/exceptions/stale_element_reference.html
Build info: version: &apos;3.8.0&apos;, revision: &apos;924c4067df&apos;, time: &apos;2017-11-30T11:20:39.408Z&apos;
System info: host: &apos;PWFAB1480&apos;, ip: &apos;10.3.24.37&apos;, os.name: &apos;Windows 10&apos;, os.arch: &apos;amd64&apos;, os.version: &apos;10.0&apos;, java.version: &apos;1.8.0_241&apos;
Driver info: org.openqa.selenium.chrome.ChromeDriver
Capabilities {acceptInsecureCerts: false, browserName: chrome, browserVersion: 88.0.4324.150, chrome: {chromedriverVersion: 87.0.4280.88 (89e2380a3e36c..., userDataDir: C:\Users\GUILHE~1.OLI\AppDa...}, goog:chromeOptions: {debuggerAddress: localhost:54244}, javascriptEnabled: true, networkConnectionEnabled: false, pageLoadStrategy: normal, platform: WINDOWS, platformName: WINDOWS, proxy: Proxy(), setWindowRect: true, strictFileInteractability: false, timeouts: {implicit: 0, pageLoad: 300000, script: 30000}, unhandledPromptBehavior: dismiss and notify, webauthn:virtualAuthenticators: true}
Session ID: 751a99665cf20d5d6d2dfa1f52a350a4" type="org.openqa.selenium.StaleElementReferenceException">org.openqa.selenium.StaleElementReferenceException: stale element reference: element is not attached to the page document
  (Session info: chrome=88.0.4324.150)
For documentation on this error, please visit: http://seleniumhq.org/exceptions/stale_element_reference.html
Build info: version: &apos;3.8.0&apos;, revision: &apos;924c4067df&apos;, time: &apos;2017-11-30T11:20:39.408Z&apos;
System info: host: &apos;PWFAB1480&apos;, ip: &apos;10.3.24.37&apos;, os.name: &apos;Windows 10&apos;, os.arch: &apos;amd64&apos;, os.version: &apos;10.0&apos;, java.version: &apos;1.8.0_241&apos;
Driver info: org.openqa.selenium.chrome.ChromeDriver
Capabilities {acceptInsecureCerts: false, browserName: chrome, browserVersion: 88.0.4324.150, chrome: {chromedriverVersion: 87.0.4280.88 (89e2380a3e36c..., userDataDir: C:\Users\GUILHE~1.OLI\AppDa...}, goog:chromeOptions: {debuggerAddress: localhost:54244}, javascriptEnabled: true, networkConnectionEnabled: false, pageLoadStrategy: normal, platform: WINDOWS, platformName: WINDOWS, proxy: Proxy(), setWindowRect: true, strictFileInteractability: false, timeouts: {implicit: 0, pageLoad: 300000, script: 30000}, unhandledPromptBehavior: dismiss and notify, webauthn:virtualAuthenticators: true}
Session ID: 751a99665cf20d5d6d2dfa1f52a350a4
	at sun.reflect.NativeConstructorAccessorImpl.newInstance0(Native Method)
	at sun.reflect.NativeConstructorAccessorImpl.newInstance(Unknown Source)
	at sun.reflect.DelegatingConstructorAccessorImpl.newInstance(Unknown Source)
	at java.lang.reflect.Constructor.newInstance(Unknown Source)
	at org.openqa.selenium.remote.http.W3CHttpResponseCodec.createException(W3CHttpResponseCodec.java:187)
	at org.openqa.selenium.remote.http.W3CHttpResponseCodec.decode(W3CHttpResponseCodec.java:122)
	at org.openqa.selenium.remote.http.W3CHttpResponseCodec.decode(W3CHttpResponseCodec.java:49)
	at org.openqa.selenium.remote.HttpCommandExecutor.execute(HttpCommandExecutor.java:164)
	at org.openqa.selenium.remote.service.DriverCommandExecutor.execute(DriverCommandExecutor.java:83)
	at org.openqa.selenium.remote.RemoteWebDriver.execute(RemoteWebDriver.java:601)
	at org.openqa.selenium.remote.RemoteWebElement.execute(RemoteWebElement.java:279)
	at org.openqa.selenium.remote.RemoteWebElement.click(RemoteWebElement.java:83)
	at sun.reflect.GeneratedMethodAccessor5.invoke(Unknown Source)
	at sun.reflect.DelegatingMethodAccessorImpl.invoke(Unknown Source)
	at java.lang.reflect.Method.invoke(Unknown Source)
	at org.openqa.selenium.support.pagefactory.internal.LocatingElementHandler.invoke(LocatingElementHandler.java:51)
	at com.sun.proxy.$Proxy18.click(Unknown Source)
	at functions.Eventos.clicaElemento(Eventos.java:75)
	at functions.Actions.clicarBotao(Actions.java:27)
	at stepDefinitions.commonSD.clicoNoBotão(commonSD.java:33)
	at ✽.Entao clico no botão &quot;primeiro expand&quot;(common.feature:47)
</error>
  </testcase>
  <testcase classname="| Injetor | *20.2*fitbank * | JNL - 20.2 - EMS - FITBANK - Testes de Mobilidade | *CT070.0013 * |" name="Entao clico no botão &quot;segundo expand&quot;" time="0">
    <skipped/>
  </testcase>
  <testcase classname="| Injetor | *20.2*fitbank * | JNL - 20.2 - EMS - FITBANK - Testes de Mobilidade | *CT070.0013 * |" name="E recupero as linhas da transação" time="0">
    <skipped/>
  </testcase>
  <testcase classname="| Injetor | *20.2*fitbank * | JNL - 20.2 - EMS - FITBANK - Testes de Mobilidade | *CT070.0013 * |" name="E crio o arquivo" time="0">
    <skipped/>
  </testcase>
  <testcase classname="| Injetor | *20.2*fitbank * | JNL - 20.2 - EMS - FITBANK - Testes de Mobilidade | *CT070.0013 * |" name="E escrevo as informações no arquivo" time="0">
    <skipped/>
  </testcase>
  <testcase classname="| Injetor | *20.2*fitbank * | JNL - 20.2 - EMS - FITBANK - Testes de Mobilidade | *CT070.0027 * |" name="Dado usuário está na tela &quot;project list&quot;" time="0"/>
  <testcase classname="| Injetor | *20.2*fitbank * | JNL - 20.2 - EMS - FITBANK - Testes de Mobilidade | *CT070.0027 * |" name="Entao clico no botão &quot;ambiente&quot;" time="0"/>
  <testcase classname="| Injetor | *20.2*fitbank * | JNL - 20.2 - EMS - FITBANK - Testes de Mobilidade | *CT070.0027 * |" name="Entao seleciono lista &quot;lista ambientes&quot; &quot;Injetor&quot;" time="0"/>
  <testcase classname="| Injetor | *20.2*fitbank * | JNL - 20.2 - EMS - FITBANK - Testes de Mobilidade | *CT070.0027 * |" name="Entao clico no botão &quot;filtro&quot;" time="0"/>
  <testcase classname="| Injetor | *20.2*fitbank * | JNL - 20.2 - EMS - FITBANK - Testes de Mobilidade | *CT070.0027 * |" name="E insiro no campo &quot;nome&quot; &quot;*20.2*fitbank *&quot;" time="0"/>
  <testcase classname="| Injetor | *20.2*fitbank * | JNL - 20.2 - EMS - FITBANK - Testes de Mobilidade | *CT070.0027 * |" name="Entao clico no botão &quot;enviar&quot;" time="0"/>
  <testcase classname="| Injetor | *20.2*fitbank * | JNL - 20.2 - EMS - FITBANK - Testes de Mobilidade | *CT070.0027 * |" name="Entao seleciono campo &quot;projeto&quot; na tabela com valor &quot;JNL - 20.2 - EMS - FITBANK - Testes de Mobilidade&quot;" time="0"/>
  <testcase classname="| Injetor | *20.2*fitbank * | JNL - 20.2 - EMS - FITBANK - Testes de Mobilidade | *CT070.0027 * |" name="Entao clico no botão &quot;ciclo&quot;" time="0"/>
  <testcase classname="| Injetor | *20.2*fitbank * | JNL - 20.2 - EMS - FITBANK - Testes de Mobilidade | *CT070.0027 * |" name="E mudo de tela para &quot;project execution&quot;" time="0"/>
  <testcase classname="| Injetor | *20.2*fitbank * | JNL - 20.2 - EMS - FITBANK - Testes de Mobilidade | *CT070.0027 * |" name="Entao clico no botão &quot;filtro&quot;" time="0"/>
  <testcase classname="| Injetor | *20.2*fitbank * | JNL - 20.2 - EMS - FITBANK - Testes de Mobilidade | *CT070.0027 * |" name="E insiro no campo &quot;nome&quot; &quot;*CT070.0027 *&quot;" time="0"/>
  <testcase classname="| Injetor | *20.2*fitbank * | JNL - 20.2 - EMS - FITBANK - Testes de Mobilidade | *CT070.0027 * |" name="Entao clico no botão &quot;enviar&quot;" time="0"/>
  <testcase classname="| Injetor | *20.2*fitbank * | JNL - 20.2 - EMS - FITBANK - Testes de Mobilidade | *CT070.0027 * |" name="E seleciono o campo &quot;caso de teste&quot;" time="0"/>
  <testcase classname="| Injetor | *20.2*fitbank * | JNL - 20.2 - EMS - FITBANK - Testes de Mobilidade | *CT070.0027 * |" name="Entao clico no botão &quot;executar teste&quot;" time="0"/>
  <testcase classname="| Injetor | *20.2*fitbank * | JNL - 20.2 - EMS - FITBANK - Testes de Mobilidade | *CT070.0027 * |" name="E valido o campo &quot;resultado teste&quot;" time="0"/>
  <testcase classname="| Injetor | *20.2*fitbank * | JNL - 20.2 - EMS - FITBANK - Testes de Mobilidade | *CT070.0027 * |" name="E seleciono o campo &quot;caso de teste&quot;" time="0"/>
  <testcase classname="| Injetor | *20.2*fitbank * | JNL - 20.2 - EMS - FITBANK - Testes de Mobilidade | *CT070.0027 * |" name="E adiciono header ao arquivo" time="0"/>
  <testcase classname="| Injetor | *20.2*fitbank * | JNL - 20.2 - EMS - FITBANK - Testes de Mobilidade | *CT070.0027 * |" name="Entao clico no botão &quot;lupa&quot;" time="0"/>
  <testcase classname="| Injetor | *20.2*fitbank * | JNL - 20.2 - EMS - FITBANK - Testes de Mobilidade | *CT070.0027 * |" name="Entao clico no botão &quot;primeiro expand&quot;" time="0"/>
  <testcase classname="| Injetor | *20.2*fitbank * | JNL - 20.2 - EMS - FITBANK - Testes de Mobilidade | *CT070.0027 * |" name="Entao clico no botão &quot;segundo expand&quot;" time="0"/>
  <testcase classname="| Injetor | *20.2*fitbank * | JNL - 20.2 - EMS - FITBANK - Testes de Mobilidade | *CT070.0027 * |" name="E recupero as linhas da transação" time="0"/>
  <testcase classname="| Injetor | *20.2*fitbank * | JNL - 20.2 - EMS - FITBANK - Testes de Mobilidade | *CT070.0027 * |" name="E crio o arquivo" time="0"/>
  <testcase classname="| Injetor | *20.2*fitbank * | JNL - 20.2 - EMS - FITBANK - Testes de Mobilidade | *CT070.0027 * |" name="E escrevo as informações no arquivo" time="0"/>
  <testcase classname="| Injetor | *20.2*fitbank * | JNL - 20.2 - EMS - FITBANK - Testes de Mobilidade | *CT070.0027 * |" name="| Injetor | *20.2*fitbank * | JNL - 20.2 - EMS - FITBANK - Testes de Mobilidade | *CT070.0027 * |" time="0"/>
  <testcase classname="| Injetor | *20.2*fitbank * | JNL - 20.2 - EMS - FITBANK - Testes de Mobilidade | *CT070.0027 * |" name="Dado usuário está na tela &quot;project list&quot;" time="0"/>
  <testcase classname="| Injetor | *20.2*fitbank * | JNL - 20.2 - EMS - FITBANK - Testes de Mobilidade | *CT070.0027 * |" name="Entao clico no botão &quot;ambiente&quot;" time="0"/>
  <testcase classname="| Injetor | *20.2*fitbank * | JNL - 20.2 - EMS - FITBANK - Testes de Mobilidade | *CT070.0027 * |" name="Entao seleciono lista &quot;lista ambientes&quot; &quot;Injetor&quot;" time="0"/>
  <testcase classname="| Injetor | *20.2*fitbank * | JNL - 20.2 - EMS - FITBANK - Testes de Mobilidade | *CT070.0027 * |" name="Entao clico no botão &quot;filtro&quot;" time="0"/>
  <testcase classname="| Injetor | *20.2*fitbank * | JNL - 20.2 - EMS - FITBANK - Testes de Mobilidade | *CT070.0027 * |" name="E insiro no campo &quot;nome&quot; &quot;*20.2*fitbank *&quot;" time="0"/>
  <testcase classname="| Injetor | *20.2*fitbank * | JNL - 20.2 - EMS - FITBANK - Testes de Mobilidade | *CT070.0027 * |" name="Entao clico no botão &quot;enviar&quot;" time="0"/>
  <testcase classname="| Injetor | *20.2*fitbank * | JNL - 20.2 - EMS - FITBANK - Testes de Mobilidade | *CT070.0027 * |" name="Entao seleciono campo &quot;projeto&quot; na tabela com valor &quot;JNL - 20.2 - EMS - FITBANK - Testes de Mobilidade&quot;" time="0"/>
  <testcase classname="| Injetor | *20.2*fitbank * | JNL - 20.2 - EMS - FITBANK - Testes de Mobilidade | *CT070.0027 * |" name="Entao clico no botão &quot;ciclo&quot;" time="0"/>
  <testcase classname="| Injetor | *20.2*fitbank * | JNL - 20.2 - EMS - FITBANK - Testes de Mobilidade | *CT070.0027 * |" name="E mudo de tela para &quot;project execution&quot;" time="0"/>
  <testcase classname="| Injetor | *20.2*fitbank * | JNL - 20.2 - EMS - FITBANK - Testes de Mobilidade | *CT070.0027 * |" name="Entao clico no botão &quot;filtro&quot;" time="0"/>
  <testcase classname="| Injetor | *20.2*fitbank * | JNL - 20.2 - EMS - FITBANK - Testes de Mobilidade | *CT070.0027 * |" name="E insiro no campo &quot;nome&quot; &quot;*CT070.0027 *&quot;" time="0"/>
  <testcase classname="| Injetor | *20.2*fitbank * | JNL - 20.2 - EMS - FITBANK - Testes de Mobilidade | *CT070.0027 * |" name="Entao clico no botão &quot;enviar&quot;" time="0"/>
  <testcase classname="| Injetor | *20.2*fitbank * | JNL - 20.2 - EMS - FITBANK - Testes de Mobilidade | *CT070.0027 * |" name="E seleciono o campo &quot;caso de teste&quot;" time="0"/>
  <testcase classname="| Injetor | *20.2*fitbank * | JNL - 20.2 - EMS - FITBANK - Testes de Mobilidade | *CT070.0027 * |" name="Entao clico no botão &quot;executar teste&quot;" time="0"/>
  <testcase classname="| Injetor | *20.2*fitbank * | JNL - 20.2 - EMS - FITBANK - Testes de Mobilidade | *CT070.0027 * |" name="E valido o campo &quot;resultado teste&quot;" time="0"/>
  <testcase classname="| Injetor | *20.2*fitbank * | JNL - 20.2 - EMS - FITBANK - Testes de Mobilidade | *CT070.0027 * |" name="E seleciono o campo &quot;caso de teste&quot;" time="0"/>
  <testcase classname="| Injetor | *20.2*fitbank * | JNL - 20.2 - EMS - FITBANK - Testes de Mobilidade | *CT070.0027 * |" name="E adiciono header ao arquivo" time="0"/>
  <testcase classname="| Injetor | *20.2*fitbank * | JNL - 20.2 - EMS - FITBANK - Testes de Mobilidade | *CT070.0027 * |" name="Entao clico no botão &quot;lupa&quot;" time="0"/>
  <testcase classname="| Injetor | *20.2*fitbank * | JNL - 20.2 - EMS - FITBANK - Testes de Mobilidade | *CT070.0027 * |" name="Entao clico no botão &quot;primeiro expand&quot;" time="0"/>
  <testcase classname="| Injetor | *20.2*fitbank * | JNL - 20.2 - EMS - FITBANK - Testes de Mobilidade | *CT070.0027 * |" name="Entao clico no botão &quot;segundo expand&quot;" time="0"/>
  <testcase classname="| Injetor | *20.2*fitbank * | JNL - 20.2 - EMS - FITBANK - Testes de Mobilidade | *CT070.0027 * |" name="E recupero as linhas da transação" time="0"/>
  <testcase classname="| Injetor | *20.2*fitbank * | JNL - 20.2 - EMS - FITBANK - Testes de Mobilidade | *CT070.0027 * |" name="E crio o arquivo" time="0"/>
  <testcase classname="| Injetor | *20.2*fitbank * | JNL - 20.2 - EMS - FITBANK - Testes de Mobilidade | *CT070.0027 * |" name="E escrevo as informações no arquivo" time="0"/>
  <testcase classname="| Injetor | *20.2*fitbank * | JNL - 20.2 - EMS - FITBANK - Testes de Mobilidade | *CT070.0027 * |" name="| Injetor | *20.2*fitbank * | JNL - 20.2 - EMS - FITBANK - Testes de Mobilidade | *CT070.0027 * |" time="0"/>
  <testcase classname="| Injetor | *20.2*fitbank * | JNL - 20.2 - EMS - FITBANK - Testes de Mobilidade | *CT070.0027 * |" name="Dado usuário está na tela &quot;project list&quot;" time="0"/>
  <testcase classname="| Injetor | *20.2*fitbank * | JNL - 20.2 - EMS - FITBANK - Testes de Mobilidade | *CT070.0027 * |" name="Entao clico no botão &quot;ambiente&quot;" time="0"/>
  <testcase classname="| Injetor | *20.2*fitbank * | JNL - 20.2 - EMS - FITBANK - Testes de Mobilidade | *CT070.0027 * |" name="Entao seleciono lista &quot;lista ambientes&quot; &quot;Injetor&quot;" time="0"/>
  <testcase classname="| Injetor | *20.2*fitbank * | JNL - 20.2 - EMS - FITBANK - Testes de Mobilidade | *CT070.0027 * |" name="Entao clico no botão &quot;filtro&quot;" time="0"/>
  <testcase classname="| Injetor | *20.2*fitbank * | JNL - 20.2 - EMS - FITBANK - Testes de Mobilidade | *CT070.0027 * |" name="E insiro no campo &quot;nome&quot; &quot;*20.2*fitbank *&quot;" time="0"/>
  <testcase classname="| Injetor | *20.2*fitbank * | JNL - 20.2 - EMS - FITBANK - Testes de Mobilidade | *CT070.0027 * |" name="Entao clico no botão &quot;enviar&quot;" time="0"/>
  <testcase classname="| Injetor | *20.2*fitbank * | JNL - 20.2 - EMS - FITBANK - Testes de Mobilidade | *CT070.0027 * |" name="Entao seleciono campo &quot;projeto&quot; na tabela com valor &quot;JNL - 20.2 - EMS - FITBANK - Testes de Mobilidade&quot;" time="0"/>
  <testcase classname="| Injetor | *20.2*fitbank * | JNL - 20.2 - EMS - FITBANK - Testes de Mobilidade | *CT070.0027 * |" name="Entao clico no botão &quot;ciclo&quot;" time="0"/>
  <testcase classname="| Injetor | *20.2*fitbank * | JNL - 20.2 - EMS - FITBANK - Testes de Mobilidade | *CT070.0027 * |" name="E mudo de tela para &quot;project execution&quot;" time="0"/>
  <testcase classname="| Injetor | *20.2*fitbank * | JNL - 20.2 - EMS - FITBANK - Testes de Mobilidade | *CT070.0027 * |" name="Entao clico no botão &quot;filtro&quot;" time="0"/>
  <testcase classname="| Injetor | *20.2*fitbank * | JNL - 20.2 - EMS - FITBANK - Testes de Mobilidade | *CT070.0027 * |" name="E insiro no campo &quot;nome&quot; &quot;*CT070.0027 *&quot;" time="0"/>
  <testcase classname="| Injetor | *20.2*fitbank * | JNL - 20.2 - EMS - FITBANK - Testes de Mobilidade | *CT070.0027 * |" name="Entao clico no botão &quot;enviar&quot;" time="0"/>
  <testcase classname="| Injetor | *20.2*fitbank * | JNL - 20.2 - EMS - FITBANK - Testes de Mobilidade | *CT070.0027 * |" name="E seleciono o campo &quot;caso de teste&quot;" time="0"/>
  <testcase classname="| Injetor | *20.2*fitbank * | JNL - 20.2 - EMS - FITBANK - Testes de Mobilidade | *CT070.0027 * |" name="Entao clico no botão &quot;executar teste&quot;" time="0"/>
  <testcase classname="| Injetor | *20.2*fitbank * | JNL - 20.2 - EMS - FITBANK - Testes de Mobilidade | *CT070.0027 * |" name="E valido o campo &quot;resultado teste&quot;" time="0"/>
  <testcase classname="| Injetor | *20.2*fitbank * | JNL - 20.2 - EMS - FITBANK - Testes de Mobilidade | *CT070.0027 * |" name="E seleciono o campo &quot;caso de teste&quot;" time="0"/>
  <testcase classname="| Injetor | *20.2*fitbank * | JNL - 20.2 - EMS - FITBANK - Testes de Mobilidade | *CT070.0027 * |" name="E adiciono header ao arquivo" time="0"/>
  <testcase classname="| Injetor | *20.2*fitbank * | JNL - 20.2 - EMS - FITBANK - Testes de Mobilidade | *CT070.0027 * |" name="Entao clico no botão &quot;lupa&quot;" time="0"/>
  <testcase classname="| Injetor | *20.2*fitbank * | JNL - 20.2 - EMS - FITBANK - Testes de Mobilidade | *CT070.0027 * |" name="Entao clico no botão &quot;primeiro expand&quot;" time="0"/>
  <testcase classname="| Injetor | *20.2*fitbank * | JNL - 20.2 - EMS - FITBANK - Testes de Mobilidade | *CT070.0027 * |" name="Entao clico no botão &quot;segundo expand&quot;" time="0"/>
  <testcase classname="| Injetor | *20.2*fitbank * | JNL - 20.2 - EMS - FITBANK - Testes de Mobilidade | *CT070.0027 * |" name="E recupero as linhas da transação" time="0"/>
  <testcase classname="| Injetor | *20.2*fitbank * | JNL - 20.2 - EMS - FITBANK - Testes de Mobilidade | *CT070.0027 * |" name="E crio o arquivo" time="0"/>
  <testcase classname="| Injetor | *20.2*fitbank * | JNL - 20.2 - EMS - FITBANK - Testes de Mobilidade | *CT070.0027 * |" name="E escrevo as informações no arquivo" time="0"/>
  <testcase classname="| Injetor | *20.2*fitbank * | JNL - 20.2 - EMS - FITBANK - Testes de Mobilidade | *CT070.0027 * |" name="| Injetor | *20.2*fitbank * | JNL - 20.2 - EMS - FITBANK - Testes de Mobilidade | *CT070.0027 * |" time="0"/>
  <testcase classname="| Injetor | *20.2*fitbank * | JNL - 20.2 - EMS - FITBANK - Testes de Mobilidade | *CT070.0027 * |" name="Dado usuário está na tela &quot;project list&quot;" time="0"/>
  <testcase classname="| Injetor | *20.2*fitbank * | JNL - 20.2 - EMS - FITBANK - Testes de Mobilidade | *CT070.0027 * |" name="Entao clico no botão &quot;ambiente&quot;" time="0"/>
  <testcase classname="| Injetor | *20.2*fitbank * | JNL - 20.2 - EMS - FITBANK - Testes de Mobilidade | *CT070.0027 * |" name="Entao seleciono lista &quot;lista ambientes&quot; &quot;Injetor&quot;" time="0"/>
  <testcase classname="| Injetor | *20.2*fitbank * | JNL - 20.2 - EMS - FITBANK - Testes de Mobilidade | *CT070.0027 * |" name="Entao clico no botão &quot;filtro&quot;" time="0"/>
  <testcase classname="| Injetor | *20.2*fitbank * | JNL - 20.2 - EMS - FITBANK - Testes de Mobilidade | *CT070.0027 * |" name="E insiro no campo &quot;nome&quot; &quot;*20.2*fitbank *&quot;" time="0"/>
  <testcase classname="| Injetor | *20.2*fitbank * | JNL - 20.2 - EMS - FITBANK - Testes de Mobilidade | *CT070.0027 * |" name="Entao clico no botão &quot;enviar&quot;" time="0"/>
  <testcase classname="| Injetor | *20.2*fitbank * | JNL - 20.2 - EMS - FITBANK - Testes de Mobilidade | *CT070.0027 * |" name="Entao seleciono campo &quot;projeto&quot; na tabela com valor &quot;JNL - 20.2 - EMS - FITBANK - Testes de Mobilidade&quot;" time="0"/>
  <testcase classname="| Injetor | *20.2*fitbank * | JNL - 20.2 - EMS - FITBANK - Testes de Mobilidade | *CT070.0027 * |" name="Entao clico no botão &quot;ciclo&quot;" time="0"/>
  <testcase classname="| Injetor | *20.2*fitbank * | JNL - 20.2 - EMS - FITBANK - Testes de Mobilidade | *CT070.0027 * |" name="E mudo de tela para &quot;project execution&quot;" time="0"/>
  <testcase classname="| Injetor | *20.2*fitbank * | JNL - 20.2 - EMS - FITBANK - Testes de Mobilidade | *CT070.0027 * |" name="Entao clico no botão &quot;filtro&quot;" time="0"/>
  <testcase classname="| Injetor | *20.2*fitbank * | JNL - 20.2 - EMS - FITBANK - Testes de Mobilidade | *CT070.0027 * |" name="E insiro no campo &quot;nome&quot; &quot;*CT070.0027 *&quot;" time="0"/>
  <testcase classname="| Injetor | *20.2*fitbank * | JNL - 20.2 - EMS - FITBANK - Testes de Mobilidade | *CT070.0027 * |" name="Entao clico no botão &quot;enviar&quot;" time="0"/>
  <testcase classname="| Injetor | *20.2*fitbank * | JNL - 20.2 - EMS - FITBANK - Testes de Mobilidade | *CT070.0027 * |" name="E seleciono o campo &quot;caso de teste&quot;" time="0"/>
  <testcase classname="| Injetor | *20.2*fitbank * | JNL - 20.2 - EMS - FITBANK - Testes de Mobilidade | *CT070.0027 * |" name="Entao clico no botão &quot;executar teste&quot;" time="0"/>
  <testcase classname="| Injetor | *20.2*fitbank * | JNL - 20.2 - EMS - FITBANK - Testes de Mobilidade | *CT070.0027 * |" name="E valido o campo &quot;resultado teste&quot;" time="0"/>
  <testcase classname="| Injetor | *20.2*fitbank * | JNL - 20.2 - EMS - FITBANK - Testes de Mobilidade | *CT070.0027 * |" name="E seleciono o campo &quot;caso de teste&quot;" time="0"/>
  <testcase classname="| Injetor | *20.2*fitbank * | JNL - 20.2 - EMS - FITBANK - Testes de Mobilidade | *CT070.0027 * |" name="E adiciono header ao arquivo" time="0"/>
  <testcase classname="| Injetor | *20.2*fitbank * | JNL - 20.2 - EMS - FITBANK - Testes de Mobilidade | *CT070.0027 * |" name="Entao clico no botão &quot;lupa&quot;" time="0"/>
  <testcase classname="| Injetor | *20.2*fitbank * | JNL - 20.2 - EMS - FITBANK - Testes de Mobilidade | *CT070.0027 * |" name="Entao clico no botão &quot;primeiro expand&quot;" time="0"/>
  <testcase classname="| Injetor | *20.2*fitbank * | JNL - 20.2 - EMS - FITBANK - Testes de Mobilidade | *CT070.0027 * |" name="Entao clico no botão &quot;segundo expand&quot;" time="0"/>
  <testcase classname="| Injetor | *20.2*fitbank * | JNL - 20.2 - EMS - FITBANK - Testes de Mobilidade | *CT070.0027 * |" name="E recupero as linhas da transação" time="0"/>
  <testcase classname="| Injetor | *20.2*fitbank * | JNL - 20.2 - EMS - FITBANK - Testes de Mobilidade | *CT070.0027 * |" name="E crio o arquivo" time="0"/>
  <testcase classname="| Injetor | *20.2*fitbank * | JNL - 20.2 - EMS - FITBANK - Testes de Mobilidade | *CT070.0027 * |" name="E escrevo as informações no arquivo" time="0"/>
  <testcase classname="| Injetor | *20.2*fitbank * | JNL - 20.2 - EMS - FITBANK - Testes de Mobilidade | *CT070.0027 * |" name="| Injetor | *20.2*fitbank * | JNL - 20.2 - EMS - FITBANK - Testes de Mobilidade | *CT070.0027 * |" time="0"/>
  <testcase classname="| Injetor | *20.2*fitbank * | JNL - 20.2 - EMS - FITBANK - Testes de Mobilidade | *CT070.0031 * |" name="Dado usuário está na tela &quot;project list&quot;" time="0"/>
  <testcase classname="| Injetor | *20.2*fitbank * | JNL - 20.2 - EMS - FITBANK - Testes de Mobilidade | *CT070.0031 * |" name="Entao clico no botão &quot;ambiente&quot;" time="0"/>
  <testcase classname="| Injetor | *20.2*fitbank * | JNL - 20.2 - EMS - FITBANK - Testes de Mobilidade | *CT070.0031 * |" name="Entao seleciono lista &quot;lista ambientes&quot; &quot;Injetor&quot;" time="0"/>
  <testcase classname="| Injetor | *20.2*fitbank * | JNL - 20.2 - EMS - FITBANK - Testes de Mobilidade | *CT070.0031 * |" name="Entao clico no botão &quot;filtro&quot;" time="0"/>
  <testcase classname="| Injetor | *20.2*fitbank * | JNL - 20.2 - EMS - FITBANK - Testes de Mobilidade | *CT070.0031 * |" name="E insiro no campo &quot;nome&quot; &quot;*20.2*fitbank *&quot;" time="0"/>
  <testcase classname="| Injetor | *20.2*fitbank * | JNL - 20.2 - EMS - FITBANK - Testes de Mobilidade | *CT070.0031 * |" name="Entao clico no botão &quot;enviar&quot;" time="0"/>
  <testcase classname="| Injetor | *20.2*fitbank * | JNL - 20.2 - EMS - FITBANK - Testes de Mobilidade | *CT070.0031 * |" name="Entao seleciono campo &quot;projeto&quot; na tabela com valor &quot;JNL - 20.2 - EMS - FITBANK - Testes de Mobilidade&quot;" time="0"/>
  <testcase classname="| Injetor | *20.2*fitbank * | JNL - 20.2 - EMS - FITBANK - Testes de Mobilidade | *CT070.0031 * |" name="Entao clico no botão &quot;ciclo&quot;" time="0"/>
  <testcase classname="| Injetor | *20.2*fitbank * | JNL - 20.2 - EMS - FITBANK - Testes de Mobilidade | *CT070.0031 * |" name="E mudo de tela para &quot;project execution&quot;" time="0"/>
  <testcase classname="| Injetor | *20.2*fitbank * | JNL - 20.2 - EMS - FITBANK - Testes de Mobilidade | *CT070.0031 * |" name="Entao clico no botão &quot;filtro&quot;" time="0"/>
  <testcase classname="| Injetor | *20.2*fitbank * | JNL - 20.2 - EMS - FITBANK - Testes de Mobilidade | *CT070.0031 * |" name="E insiro no campo &quot;nome&quot; &quot;*CT070.0031 *&quot;" time="0"/>
  <testcase classname="| Injetor | *20.2*fitbank * | JNL - 20.2 - EMS - FITBANK - Testes de Mobilidade | *CT070.0031 * |" name="Entao clico no botão &quot;enviar&quot;" time="0"/>
  <testcase classname="| Injetor | *20.2*fitbank * | JNL - 20.2 - EMS - FITBANK - Testes de Mobilidade | *CT070.0031 * |" name="E seleciono o campo &quot;caso de teste&quot;" time="0"/>
  <testcase classname="| Injetor | *20.2*fitbank * | JNL - 20.2 - EMS - FITBANK - Testes de Mobilidade | *CT070.0031 * |" name="Entao clico no botão &quot;executar teste&quot;" time="0"/>
  <testcase classname="| Injetor | *20.2*fitbank * | JNL - 20.2 - EMS - FITBANK - Testes de Mobilidade | *CT070.0031 * |" name="E valido o campo &quot;resultado teste&quot;" time="0"/>
  <testcase classname="| Injetor | *20.2*fitbank * | JNL - 20.2 - EMS - FITBANK - Testes de Mobilidade | *CT070.0031 * |" name="E seleciono o campo &quot;caso de teste&quot;" time="0"/>
  <testcase classname="| Injetor | *20.2*fitbank * | JNL - 20.2 - EMS - FITBANK - Testes de Mobilidade | *CT070.0031 * |" name="E adiciono header ao arquivo" time="0"/>
  <testcase classname="| Injetor | *20.2*fitbank * | JNL - 20.2 - EMS - FITBANK - Testes de Mobilidade | *CT070.0031 * |" name="Entao clico no botão &quot;lupa&quot;" time="0"/>
  <testcase classname="| Injetor | *20.2*fitbank * | JNL - 20.2 - EMS - FITBANK - Testes de Mobilidade | *CT070.0031 * |" name="Entao clico no botão &quot;primeiro expand&quot;" time="0"/>
  <testcase classname="| Injetor | *20.2*fitbank * | JNL - 20.2 - EMS - FITBANK - Testes de Mobilidade | *CT070.0031 * |" name="Entao clico no botão &quot;segundo expand&quot;" time="0"/>
  <testcase classname="| Injetor | *20.2*fitbank * | JNL - 20.2 - EMS - FITBANK - Testes de Mobilidade | *CT070.0031 * |" name="E recupero as linhas da transação" time="0"/>
  <testcase classname="| Injetor | *20.2*fitbank * | JNL - 20.2 - EMS - FITBANK - Testes de Mobilidade | *CT070.0031 * |" name="E crio o arquivo" time="0"/>
  <testcase classname="| Injetor | *20.2*fitbank * | JNL - 20.2 - EMS - FITBANK - Testes de Mobilidade | *CT070.0031 * |" name="E escrevo as informações no arquivo" time="0"/>
  <testcase classname="| Injetor | *20.2*fitbank * | JNL - 20.2 - EMS - FITBANK - Testes de Mobilidade | *CT070.0031 * |" name="| Injetor | *20.2*fitbank * | JNL - 20.2 - EMS - FITBANK - Testes de Mobilidade | *CT070.0031 * |" time="0"/>
  <testcase classname="| Injetor | *20.2*fitbank * | JNL - 20.2 - EMS - FITBANK - Testes de Mobilidade | *CT070.0031 * |" name="Dado usuário está na tela &quot;project list&quot;" time="0"/>
  <testcase classname="| Injetor | *20.2*fitbank * | JNL - 20.2 - EMS - FITBANK - Testes de Mobilidade | *CT070.0031 * |" name="Entao clico no botão &quot;ambiente&quot;" time="0"/>
  <testcase classname="| Injetor | *20.2*fitbank * | JNL - 20.2 - EMS - FITBANK - Testes de Mobilidade | *CT070.0031 * |" name="Entao seleciono lista &quot;lista ambientes&quot; &quot;Injetor&quot;" time="0"/>
  <testcase classname="| Injetor | *20.2*fitbank * | JNL - 20.2 - EMS - FITBANK - Testes de Mobilidade | *CT070.0031 * |" name="Entao clico no botão &quot;filtro&quot;" time="0"/>
  <testcase classname="| Injetor | *20.2*fitbank * | JNL - 20.2 - EMS - FITBANK - Testes de Mobilidade | *CT070.0031 * |" name="E insiro no campo &quot;nome&quot; &quot;*20.2*fitbank *&quot;" time="0"/>
  <testcase classname="| Injetor | *20.2*fitbank * | JNL - 20.2 - EMS - FITBANK - Testes de Mobilidade | *CT070.0031 * |" name="Entao clico no botão &quot;enviar&quot;" time="0"/>
  <testcase classname="| Injetor | *20.2*fitbank * | JNL - 20.2 - EMS - FITBANK - Testes de Mobilidade | *CT070.0031 * |" name="Entao seleciono campo &quot;projeto&quot; na tabela com valor &quot;JNL - 20.2 - EMS - FITBANK - Testes de Mobilidade&quot;" time="0"/>
  <testcase classname="| Injetor | *20.2*fitbank * | JNL - 20.2 - EMS - FITBANK - Testes de Mobilidade | *CT070.0031 * |" name="Entao clico no botão &quot;ciclo&quot;" time="0"/>
  <testcase classname="| Injetor | *20.2*fitbank * | JNL - 20.2 - EMS - FITBANK - Testes de Mobilidade | *CT070.0031 * |" name="E mudo de tela para &quot;project execution&quot;" time="0"/>
  <testcase classname="| Injetor | *20.2*fitbank * | JNL - 20.2 - EMS - FITBANK - Testes de Mobilidade | *CT070.0031 * |" name="Entao clico no botão &quot;filtro&quot;" time="0"/>
  <testcase classname="| Injetor | *20.2*fitbank * | JNL - 20.2 - EMS - FITBANK - Testes de Mobilidade | *CT070.0031 * |" name="E insiro no campo &quot;nome&quot; &quot;*CT070.0031 *&quot;" time="0"/>
  <testcase classname="| Injetor | *20.2*fitbank * | JNL - 20.2 - EMS - FITBANK - Testes de Mobilidade | *CT070.0031 * |" name="Entao clico no botão &quot;enviar&quot;" time="0"/>
  <testcase classname="| Injetor | *20.2*fitbank * | JNL - 20.2 - EMS - FITBANK - Testes de Mobilidade | *CT070.0031 * |" name="E seleciono o campo &quot;caso de teste&quot;" time="0"/>
  <testcase classname="| Injetor | *20.2*fitbank * | JNL - 20.2 - EMS - FITBANK - Testes de Mobilidade | *CT070.0031 * |" name="Entao clico no botão &quot;executar teste&quot;" time="0"/>
  <testcase classname="| Injetor | *20.2*fitbank * | JNL - 20.2 - EMS - FITBANK - Testes de Mobilidade | *CT070.0031 * |" name="E valido o campo &quot;resultado teste&quot;" time="0"/>
  <testcase classname="| Injetor | *20.2*fitbank * | JNL - 20.2 - EMS - FITBANK - Testes de Mobilidade | *CT070.0031 * |" name="E seleciono o campo &quot;caso de teste&quot;" time="0"/>
  <testcase classname="| Injetor | *20.2*fitbank * | JNL - 20.2 - EMS - FITBANK - Testes de Mobilidade | *CT070.0031 * |" name="E adiciono header ao arquivo" time="0"/>
  <testcase classname="| Injetor | *20.2*fitbank * | JNL - 20.2 - EMS - FITBANK - Testes de Mobilidade | *CT070.0031 * |" name="Entao clico no botão &quot;lupa&quot;" time="0"/>
  <testcase classname="| Injetor | *20.2*fitbank * | JNL - 20.2 - EMS - FITBANK - Testes de Mobilidade | *CT070.0031 * |" name="Entao clico no botão &quot;primeiro expand&quot;" time="0"/>
  <testcase classname="| Injetor | *20.2*fitbank * | JNL - 20.2 - EMS - FITBANK - Testes de Mobilidade | *CT070.0031 * |" name="Entao clico no botão &quot;segundo expand&quot;" time="0"/>
  <testcase classname="| Injetor | *20.2*fitbank * | JNL - 20.2 - EMS - FITBANK - Testes de Mobilidade | *CT070.0031 * |" name="E recupero as linhas da transação" time="0"/>
  <testcase classname="| Injetor | *20.2*fitbank * | JNL - 20.2 - EMS - FITBANK - Testes de Mobilidade | *CT070.0031 * |" name="E crio o arquivo" time="0"/>
  <testcase classname="| Injetor | *20.2*fitbank * | JNL - 20.2 - EMS - FITBANK - Testes de Mobilidade | *CT070.0031 * |" name="E escrevo as informações no arquivo" time="0"/>
  <testcase classname="| Injetor | *20.2*fitbank * | JNL - 20.2 - EMS - FITBANK - Testes de Mobilidade | *CT070.0031 * |" name="| Injetor | *20.2*fitbank * | JNL - 20.2 - EMS - FITBANK - Testes de Mobilidade | *CT070.0031 * |" time="0"/>
  <testcase classname="| Injetor | *20.2*fitbank * | JNL - 20.2 - EMS - FITBANK - Testes de Mobilidade | *CT070.0031 * |" name="Dado usuário está na tela &quot;project list&quot;" time="0"/>
  <testcase classname="| Injetor | *20.2*fitbank * | JNL - 20.2 - EMS - FITBANK - Testes de Mobilidade | *CT070.0031 * |" name="Entao clico no botão &quot;ambiente&quot;" time="0"/>
  <testcase classname="| Injetor | *20.2*fitbank * | JNL - 20.2 - EMS - FITBANK - Testes de Mobilidade | *CT070.0031 * |" name="Entao seleciono lista &quot;lista ambientes&quot; &quot;Injetor&quot;" time="0"/>
  <testcase classname="| Injetor | *20.2*fitbank * | JNL - 20.2 - EMS - FITBANK - Testes de Mobilidade | *CT070.0031 * |" name="Entao clico no botão &quot;filtro&quot;" time="0"/>
  <testcase classname="| Injetor | *20.2*fitbank * | JNL - 20.2 - EMS - FITBANK - Testes de Mobilidade | *CT070.0031 * |" name="E insiro no campo &quot;nome&quot; &quot;*20.2*fitbank *&quot;" time="0"/>
  <testcase classname="| Injetor | *20.2*fitbank * | JNL - 20.2 - EMS - FITBANK - Testes de Mobilidade | *CT070.0031 * |" name="Entao clico no botão &quot;enviar&quot;" time="0"/>
  <testcase classname="| Injetor | *20.2*fitbank * | JNL - 20.2 - EMS - FITBANK - Testes de Mobilidade | *CT070.0031 * |" name="Entao seleciono campo &quot;projeto&quot; na tabela com valor &quot;JNL - 20.2 - EMS - FITBANK - Testes de Mobilidade&quot;" time="0"/>
  <testcase classname="| Injetor | *20.2*fitbank * | JNL - 20.2 - EMS - FITBANK - Testes de Mobilidade | *CT070.0031 * |" name="Entao clico no botão &quot;ciclo&quot;" time="0"/>
  <testcase classname="| Injetor | *20.2*fitbank * | JNL - 20.2 - EMS - FITBANK - Testes de Mobilidade | *CT070.0031 * |" name="E mudo de tela para &quot;project execution&quot;" time="0"/>
  <testcase classname="| Injetor | *20.2*fitbank * | JNL - 20.2 - EMS - FITBANK - Testes de Mobilidade | *CT070.0031 * |" name="Entao clico no botão &quot;filtro&quot;" time="0"/>
  <testcase classname="| Injetor | *20.2*fitbank * | JNL - 20.2 - EMS - FITBANK - Testes de Mobilidade | *CT070.0031 * |" name="E insiro no campo &quot;nome&quot; &quot;*CT070.0031 *&quot;" time="0"/>
  <testcase classname="| Injetor | *20.2*fitbank * | JNL - 20.2 - EMS - FITBANK - Testes de Mobilidade | *CT070.0031 * |" name="Entao clico no botão &quot;enviar&quot;" time="0"/>
  <testcase classname="| Injetor | *20.2*fitbank * | JNL - 20.2 - EMS - FITBANK - Testes de Mobilidade | *CT070.0031 * |" name="E seleciono o campo &quot;caso de teste&quot;" time="0"/>
  <testcase classname="| Injetor | *20.2*fitbank * | JNL - 20.2 - EMS - FITBANK - Testes de Mobilidade | *CT070.0031 * |" name="Entao clico no botão &quot;executar teste&quot;" time="0"/>
  <testcase classname="| Injetor | *20.2*fitbank * | JNL - 20.2 - EMS - FITBANK - Testes de Mobilidade | *CT070.0031 * |" name="E valido o campo &quot;resultado teste&quot;" time="0"/>
  <testcase classname="| Injetor | *20.2*fitbank * | JNL - 20.2 - EMS - FITBANK - Testes de Mobilidade | *CT070.0031 * |" name="E seleciono o campo &quot;caso de teste&quot;" time="0"/>
  <testcase classname="| Injetor | *20.2*fitbank * | JNL - 20.2 - EMS - FITBANK - Testes de Mobilidade | *CT070.0031 * |" name="E adiciono header ao arquivo" time="0"/>
  <testcase classname="| Injetor | *20.2*fitbank * | JNL - 20.2 - EMS - FITBANK - Testes de Mobilidade | *CT070.0031 * |" name="Entao clico no botão &quot;lupa&quot;" time="0"/>
  <testcase classname="| Injetor | *20.2*fitbank * | JNL - 20.2 - EMS - FITBANK - Testes de Mobilidade | *CT070.0031 * |" name="Entao clico no botão &quot;primeiro expand&quot;" time="0"/>
  <testcase classname="| Injetor | *20.2*fitbank * | JNL - 20.2 - EMS - FITBANK - Testes de Mobilidade | *CT070.0031 * |" name="Entao clico no botão &quot;segundo expand&quot;" time="0"/>
  <testcase classname="| Injetor | *20.2*fitbank * | JNL - 20.2 - EMS - FITBANK - Testes de Mobilidade | *CT070.0031 * |" name="E recupero as linhas da transação" time="0"/>
  <testcase classname="| Injetor | *20.2*fitbank * | JNL - 20.2 - EMS - FITBANK - Testes de Mobilidade | *CT070.0031 * |" name="E crio o arquivo" time="0"/>
  <testcase classname="| Injetor | *20.2*fitbank * | JNL - 20.2 - EMS - FITBANK - Testes de Mobilidade | *CT070.0031 * |" name="E escrevo as informações no arquivo" time="0"/>
  <testcase classname="| Injetor | *20.2*fitbank * | JNL - 20.2 - EMS - FITBANK - Testes de Mobilidade | *CT070.0031 * |" name="| Injetor | *20.2*fitbank * | JNL - 20.2 - EMS - FITBANK - Testes de Mobilidade | *CT070.0031 * |" time="0"/>
  <testcase classname="| Injetor | *20.2*fitbank * | JNL - 20.2 - EMS - FITBANK - Testes de Mobilidade | *CT070.0031 * |" name="Dado usuário está na tela &quot;project list&quot;" time="0"/>
  <testcase classname="| Injetor | *20.2*fitbank * | JNL - 20.2 - EMS - FITBANK - Testes de Mobilidade | *CT070.0031 * |" name="Entao clico no botão &quot;ambiente&quot;" time="0"/>
  <testcase classname="| Injetor | *20.2*fitbank * | JNL - 20.2 - EMS - FITBANK - Testes de Mobilidade | *CT070.0031 * |" name="Entao seleciono lista &quot;lista ambientes&quot; &quot;Injetor&quot;" time="0"/>
  <testcase classname="| Injetor | *20.2*fitbank * | JNL - 20.2 - EMS - FITBANK - Testes de Mobilidade | *CT070.0031 * |" name="Entao clico no botão &quot;filtro&quot;" time="0"/>
  <testcase classname="| Injetor | *20.2*fitbank * | JNL - 20.2 - EMS - FITBANK - Testes de Mobilidade | *CT070.0031 * |" name="E insiro no campo &quot;nome&quot; &quot;*20.2*fitbank *&quot;" time="0"/>
  <testcase classname="| Injetor | *20.2*fitbank * | JNL - 20.2 - EMS - FITBANK - Testes de Mobilidade | *CT070.0031 * |" name="Entao clico no botão &quot;enviar&quot;" time="0"/>
  <testcase classname="| Injetor | *20.2*fitbank * | JNL - 20.2 - EMS - FITBANK - Testes de Mobilidade | *CT070.0031 * |" name="Entao seleciono campo &quot;projeto&quot; na tabela com valor &quot;JNL - 20.2 - EMS - FITBANK - Testes de Mobilidade&quot;" time="0"/>
  <testcase classname="| Injetor | *20.2*fitbank * | JNL - 20.2 - EMS - FITBANK - Testes de Mobilidade | *CT070.0031 * |" name="Entao clico no botão &quot;ciclo&quot;" time="0"/>
  <testcase classname="| Injetor | *20.2*fitbank * | JNL - 20.2 - EMS - FITBANK - Testes de Mobilidade | *CT070.0031 * |" name="E mudo de tela para &quot;project execution&quot;" time="0"/>
  <testcase classname="| Injetor | *20.2*fitbank * | JNL - 20.2 - EMS - FITBANK - Testes de Mobilidade | *CT070.0031 * |" name="Entao clico no botão &quot;filtro&quot;" time="0"/>
  <testcase classname="| Injetor | *20.2*fitbank * | JNL - 20.2 - EMS - FITBANK - Testes de Mobilidade | *CT070.0031 * |" name="E insiro no campo &quot;nome&quot; &quot;*CT070.0031 *&quot;" time="0"/>
  <testcase classname="| Injetor | *20.2*fitbank * | JNL - 20.2 - EMS - FITBANK - Testes de Mobilidade | *CT070.0031 * |" name="Entao clico no botão &quot;enviar&quot;" time="0"/>
  <testcase classname="| Injetor | *20.2*fitbank * | JNL - 20.2 - EMS - FITBANK - Testes de Mobilidade | *CT070.0031 * |" name="E seleciono o campo &quot;caso de teste&quot;" time="0"/>
  <testcase classname="| Injetor | *20.2*fitbank * | JNL - 20.2 - EMS - FITBANK - Testes de Mobilidade | *CT070.0031 * |" name="Entao clico no botão &quot;executar teste&quot;" time="0"/>
  <testcase classname="| Injetor | *20.2*fitbank * | JNL - 20.2 - EMS - FITBANK - Testes de Mobilidade | *CT070.0031 * |" name="E valido o campo &quot;resultado teste&quot;" time="0"/>
  <testcase classname="| Injetor | *20.2*fitbank * | JNL - 20.2 - EMS - FITBANK - Testes de Mobilidade | *CT070.0031 * |" name="E seleciono o campo &quot;caso de teste&quot;" time="0"/>
  <testcase classname="| Injetor | *20.2*fitbank * | JNL - 20.2 - EMS - FITBANK - Testes de Mobilidade | *CT070.0031 * |" name="E adiciono header ao arquivo" time="0"/>
  <testcase classname="| Injetor | *20.2*fitbank * | JNL - 20.2 - EMS - FITBANK - Testes de Mobilidade | *CT070.0031 * |" name="Entao clico no botão &quot;lupa&quot;" time="0"/>
  <testcase classname="| Injetor | *20.2*fitbank * | JNL - 20.2 - EMS - FITBANK - Testes de Mobilidade | *CT070.0031 * |" name="Entao clico no botão &quot;primeiro expand&quot;" time="0"/>
  <testcase classname="| Injetor | *20.2*fitbank * | JNL - 20.2 - EMS - FITBANK - Testes de Mobilidade | *CT070.0031 * |" name="Entao clico no botão &quot;segundo expand&quot;" time="0"/>
  <testcase classname="| Injetor | *20.2*fitbank * | JNL - 20.2 - EMS - FITBANK - Testes de Mobilidade | *CT070.0031 * |" name="E recupero as linhas da transação" time="0"/>
  <testcase classname="| Injetor | *20.2*fitbank * | JNL - 20.2 - EMS - FITBANK - Testes de Mobilidade | *CT070.0031 * |" name="E crio o arquivo" time="0"/>
  <testcase classname="| Injetor | *20.2*fitbank * | JNL - 20.2 - EMS - FITBANK - Testes de Mobilidade | *CT070.0031 * |" name="E escrevo as informações no arquivo" time="0"/>
  <testcase classname="| Injetor | *20.2*fitbank * | JNL - 20.2 - EMS - FITBANK - Testes de Mobilidade | *CT070.0031 * |" name="| Injetor | *20.2*fitbank * | JNL - 20.2 - EMS - FITBANK - Testes de Mobilidade | *CT070.0031 * |" time="0"/>
  <testcase classname="| Injetor | *20.2*fitbank * | JNL - 20.2 - EMS - FITBANK - Testes de Mobilidade | *CT070.0033 * |" name="Dado usuário está na tela &quot;project list&quot;" time="0"/>
  <testcase classname="| Injetor | *20.2*fitbank * | JNL - 20.2 - EMS - FITBANK - Testes de Mobilidade | *CT070.0033 * |" name="Entao clico no botão &quot;ambiente&quot;" time="0"/>
  <testcase classname="| Injetor | *20.2*fitbank * | JNL - 20.2 - EMS - FITBANK - Testes de Mobilidade | *CT070.0033 * |" name="Entao seleciono lista &quot;lista ambientes&quot; &quot;Injetor&quot;" time="0"/>
  <testcase classname="| Injetor | *20.2*fitbank * | JNL - 20.2 - EMS - FITBANK - Testes de Mobilidade | *CT070.0033 * |" name="Entao clico no botão &quot;filtro&quot;" time="0"/>
  <testcase classname="| Injetor | *20.2*fitbank * | JNL - 20.2 - EMS - FITBANK - Testes de Mobilidade | *CT070.0033 * |" name="E insiro no campo &quot;nome&quot; &quot;*20.2*fitbank *&quot;" time="0"/>
  <testcase classname="| Injetor | *20.2*fitbank * | JNL - 20.2 - EMS - FITBANK - Testes de Mobilidade | *CT070.0033 * |" name="Entao clico no botão &quot;enviar&quot;" time="0"/>
  <testcase classname="| Injetor | *20.2*fitbank * | JNL - 20.2 - EMS - FITBANK - Testes de Mobilidade | *CT070.0033 * |" name="Entao seleciono campo &quot;projeto&quot; na tabela com valor &quot;JNL - 20.2 - EMS - FITBANK - Testes de Mobilidade&quot;" time="0"/>
  <testcase classname="| Injetor | *20.2*fitbank * | JNL - 20.2 - EMS - FITBANK - Testes de Mobilidade | *CT070.0033 * |" name="Entao clico no botão &quot;ciclo&quot;" time="0"/>
  <testcase classname="| Injetor | *20.2*fitbank * | JNL - 20.2 - EMS - FITBANK - Testes de Mobilidade | *CT070.0033 * |" name="E mudo de tela para &quot;project execution&quot;" time="0"/>
  <testcase classname="| Injetor | *20.2*fitbank * | JNL - 20.2 - EMS - FITBANK - Testes de Mobilidade | *CT070.0033 * |" name="Entao clico no botão &quot;filtro&quot;" time="0"/>
  <testcase classname="| Injetor | *20.2*fitbank * | JNL - 20.2 - EMS - FITBANK - Testes de Mobilidade | *CT070.0033 * |" name="E insiro no campo &quot;nome&quot; &quot;*CT070.0033 *&quot;" time="0"/>
  <testcase classname="| Injetor | *20.2*fitbank * | JNL - 20.2 - EMS - FITBANK - Testes de Mobilidade | *CT070.0033 * |" name="Entao clico no botão &quot;enviar&quot;" time="0"/>
  <testcase classname="| Injetor | *20.2*fitbank * | JNL - 20.2 - EMS - FITBANK - Testes de Mobilidade | *CT070.0033 * |" name="E seleciono o campo &quot;caso de teste&quot;" time="0"/>
  <testcase classname="| Injetor | *20.2*fitbank * | JNL - 20.2 - EMS - FITBANK - Testes de Mobilidade | *CT070.0033 * |" name="Entao clico no botão &quot;executar teste&quot;" time="0"/>
  <testcase classname="| Injetor | *20.2*fitbank * | JNL - 20.2 - EMS - FITBANK - Testes de Mobilidade | *CT070.0033 * |" name="E valido o campo &quot;resultado teste&quot;" time="0"/>
  <testcase classname="| Injetor | *20.2*fitbank * | JNL - 20.2 - EMS - FITBANK - Testes de Mobilidade | *CT070.0033 * |" name="E seleciono o campo &quot;caso de teste&quot;" time="0"/>
  <testcase classname="| Injetor | *20.2*fitbank * | JNL - 20.2 - EMS - FITBANK - Testes de Mobilidade | *CT070.0033 * |" name="E adiciono header ao arquivo" time="0"/>
  <testcase classname="| Injetor | *20.2*fitbank * | JNL - 20.2 - EMS - FITBANK - Testes de Mobilidade | *CT070.0033 * |" name="Entao clico no botão &quot;lupa&quot;" time="0"/>
  <testcase classname="| Injetor | *20.2*fitbank * | JNL - 20.2 - EMS - FITBANK - Testes de Mobilidade | *CT070.0033 * |" name="Entao clico no botão &quot;primeiro expand&quot;" time="0"/>
  <testcase classname="| Injetor | *20.2*fitbank * | JNL - 20.2 - EMS - FITBANK - Testes de Mobilidade | *CT070.0033 * |" name="Entao clico no botão &quot;segundo expand&quot;" time="0"/>
  <testcase classname="| Injetor | *20.2*fitbank * | JNL - 20.2 - EMS - FITBANK - Testes de Mobilidade | *CT070.0033 * |" name="E recupero as linhas da transação" time="0"/>
  <testcase classname="| Injetor | *20.2*fitbank * | JNL - 20.2 - EMS - FITBANK - Testes de Mobilidade | *CT070.0033 * |" name="E crio o arquivo" time="0"/>
  <testcase classname="| Injetor | *20.2*fitbank * | JNL - 20.2 - EMS - FITBANK - Testes de Mobilidade | *CT070.0033 * |" name="E escrevo as informações no arquivo" time="0"/>
  <testcase classname="| Injetor | *20.2*fitbank * | JNL - 20.2 - EMS - FITBANK - Testes de Mobilidade | *CT070.0033 * |" name="| Injetor | *20.2*fitbank * | JNL - 20.2 - EMS - FITBANK - Testes de Mobilidade | *CT070.0033 * |" time="0"/>
  <testcase classname="| Injetor | *20.2*fitbank * | JNL - 20.2 - EMS - FITBANK - Testes de Mobilidade | *CT070.0033 * |" name="Dado usuário está na tela &quot;project list&quot;" time="0"/>
  <testcase classname="| Injetor | *20.2*fitbank * | JNL - 20.2 - EMS - FITBANK - Testes de Mobilidade | *CT070.0033 * |" name="Entao clico no botão &quot;ambiente&quot;" time="0"/>
  <testcase classname="| Injetor | *20.2*fitbank * | JNL - 20.2 - EMS - FITBANK - Testes de Mobilidade | *CT070.0033 * |" name="Entao seleciono lista &quot;lista ambientes&quot; &quot;Injetor&quot;" time="0"/>
  <testcase classname="| Injetor | *20.2*fitbank * | JNL - 20.2 - EMS - FITBANK - Testes de Mobilidade | *CT070.0033 * |" name="Entao clico no botão &quot;filtro&quot;" time="0"/>
  <testcase classname="| Injetor | *20.2*fitbank * | JNL - 20.2 - EMS - FITBANK - Testes de Mobilidade | *CT070.0033 * |" name="E insiro no campo &quot;nome&quot; &quot;*20.2*fitbank *&quot;" time="0"/>
  <testcase classname="| Injetor | *20.2*fitbank * | JNL - 20.2 - EMS - FITBANK - Testes de Mobilidade | *CT070.0033 * |" name="Entao clico no botão &quot;enviar&quot;" time="0"/>
  <testcase classname="| Injetor | *20.2*fitbank * | JNL - 20.2 - EMS - FITBANK - Testes de Mobilidade | *CT070.0033 * |" name="Entao seleciono campo &quot;projeto&quot; na tabela com valor &quot;JNL - 20.2 - EMS - FITBANK - Testes de Mobilidade&quot;" time="0"/>
  <testcase classname="| Injetor | *20.2*fitbank * | JNL - 20.2 - EMS - FITBANK - Testes de Mobilidade | *CT070.0033 * |" name="Entao clico no botão &quot;ciclo&quot;" time="0"/>
  <testcase classname="| Injetor | *20.2*fitbank * | JNL - 20.2 - EMS - FITBANK - Testes de Mobilidade | *CT070.0033 * |" name="E mudo de tela para &quot;project execution&quot;" time="0"/>
  <testcase classname="| Injetor | *20.2*fitbank * | JNL - 20.2 - EMS - FITBANK - Testes de Mobilidade | *CT070.0033 * |" name="Entao clico no botão &quot;filtro&quot;" time="0"/>
  <testcase classname="| Injetor | *20.2*fitbank * | JNL - 20.2 - EMS - FITBANK - Testes de Mobilidade | *CT070.0033 * |" name="E insiro no campo &quot;nome&quot; &quot;*CT070.0033 *&quot;" time="0"/>
  <testcase classname="| Injetor | *20.2*fitbank * | JNL - 20.2 - EMS - FITBANK - Testes de Mobilidade | *CT070.0033 * |" name="Entao clico no botão &quot;enviar&quot;" time="0"/>
  <testcase classname="| Injetor | *20.2*fitbank * | JNL - 20.2 - EMS - FITBANK - Testes de Mobilidade | *CT070.0033 * |" name="E seleciono o campo &quot;caso de teste&quot;" time="0"/>
  <testcase classname="| Injetor | *20.2*fitbank * | JNL - 20.2 - EMS - FITBANK - Testes de Mobilidade | *CT070.0033 * |" name="Entao clico no botão &quot;executar teste&quot;" time="0"/>
  <testcase classname="| Injetor | *20.2*fitbank * | JNL - 20.2 - EMS - FITBANK - Testes de Mobilidade | *CT070.0033 * |" name="E valido o campo &quot;resultado teste&quot;" time="0"/>
  <testcase classname="| Injetor | *20.2*fitbank * | JNL - 20.2 - EMS - FITBANK - Testes de Mobilidade | *CT070.0033 * |" name="E seleciono o campo &quot;caso de teste&quot;" time="0"/>
  <testcase classname="| Injetor | *20.2*fitbank * | JNL - 20.2 - EMS - FITBANK - Testes de Mobilidade | *CT070.0033 * |" name="E adiciono header ao arquivo" time="0"/>
  <testcase classname="| Injetor | *20.2*fitbank * | JNL - 20.2 - EMS - FITBANK - Testes de Mobilidade | *CT070.0033 * |" name="Entao clico no botão &quot;lupa&quot;" time="0"/>
  <testcase classname="| Injetor | *20.2*fitbank * | JNL - 20.2 - EMS - FITBANK - Testes de Mobilidade | *CT070.0033 * |" name="Entao clico no botão &quot;primeiro expand&quot;" time="0"/>
  <testcase classname="| Injetor | *20.2*fitbank * | JNL - 20.2 - EMS - FITBANK - Testes de Mobilidade | *CT070.0033 * |" name="Entao clico no botão &quot;segundo expand&quot;" time="0"/>
  <testcase classname="| Injetor | *20.2*fitbank * | JNL - 20.2 - EMS - FITBANK - Testes de Mobilidade | *CT070.0033 * |" name="E recupero as linhas da transação" time="0"/>
  <testcase classname="| Injetor | *20.2*fitbank * | JNL - 20.2 - EMS - FITBANK - Testes de Mobilidade | *CT070.0033 * |" name="E crio o arquivo" time="0"/>
  <testcase classname="| Injetor | *20.2*fitbank * | JNL - 20.2 - EMS - FITBANK - Testes de Mobilidade | *CT070.0033 * |" name="E escrevo as informações no arquivo" time="0"/>
  <testcase classname="| Injetor | *20.2*fitbank * | JNL - 20.2 - EMS - FITBANK - Testes de Mobilidade | *CT070.0033 * |" name="| Injetor | *20.2*fitbank * | JNL - 20.2 - EMS - FITBANK - Testes de Mobilidade | *CT070.0033 * |" time="0"/>
  <testcase classname="| Injetor | *20.2*fitbank * | JNL - 20.2 - EMS - FITBANK - Testes de Mobilidade | *CT070.0033 * |" name="Dado usuário está na tela &quot;project list&quot;" time="0"/>
  <testcase classname="| Injetor | *20.2*fitbank * | JNL - 20.2 - EMS - FITBANK - Testes de Mobilidade | *CT070.0033 * |" name="Entao clico no botão &quot;ambiente&quot;" time="0"/>
  <testcase classname="| Injetor | *20.2*fitbank * | JNL - 20.2 - EMS - FITBANK - Testes de Mobilidade | *CT070.0033 * |" name="Entao seleciono lista &quot;lista ambientes&quot; &quot;Injetor&quot;" time="0"/>
  <testcase classname="| Injetor | *20.2*fitbank * | JNL - 20.2 - EMS - FITBANK - Testes de Mobilidade | *CT070.0033 * |" name="Entao clico no botão &quot;filtro&quot;" time="0"/>
  <testcase classname="| Injetor | *20.2*fitbank * | JNL - 20.2 - EMS - FITBANK - Testes de Mobilidade | *CT070.0033 * |" name="E insiro no campo &quot;nome&quot; &quot;*20.2*fitbank *&quot;" time="0"/>
  <testcase classname="| Injetor | *20.2*fitbank * | JNL - 20.2 - EMS - FITBANK - Testes de Mobilidade | *CT070.0033 * |" name="Entao clico no botão &quot;enviar&quot;" time="0"/>
  <testcase classname="| Injetor | *20.2*fitbank * | JNL - 20.2 - EMS - FITBANK - Testes de Mobilidade | *CT070.0033 * |" name="Entao seleciono campo &quot;projeto&quot; na tabela com valor &quot;JNL - 20.2 - EMS - FITBANK - Testes de Mobilidade&quot;" time="0"/>
  <testcase classname="| Injetor | *20.2*fitbank * | JNL - 20.2 - EMS - FITBANK - Testes de Mobilidade | *CT070.0033 * |" name="Entao clico no botão &quot;ciclo&quot;" time="0"/>
  <testcase classname="| Injetor | *20.2*fitbank * | JNL - 20.2 - EMS - FITBANK - Testes de Mobilidade | *CT070.0033 * |" name="E mudo de tela para &quot;project execution&quot;" time="0"/>
  <testcase classname="| Injetor | *20.2*fitbank * | JNL - 20.2 - EMS - FITBANK - Testes de Mobilidade | *CT070.0033 * |" name="Entao clico no botão &quot;filtro&quot;" time="0"/>
  <testcase classname="| Injetor | *20.2*fitbank * | JNL - 20.2 - EMS - FITBANK - Testes de Mobilidade | *CT070.0033 * |" name="E insiro no campo &quot;nome&quot; &quot;*CT070.0033 *&quot;" time="0"/>
  <testcase classname="| Injetor | *20.2*fitbank * | JNL - 20.2 - EMS - FITBANK - Testes de Mobilidade | *CT070.0033 * |" name="Entao clico no botão &quot;enviar&quot;" time="0"/>
  <testcase classname="| Injetor | *20.2*fitbank * | JNL - 20.2 - EMS - FITBANK - Testes de Mobilidade | *CT070.0033 * |" name="E seleciono o campo &quot;caso de teste&quot;" time="0"/>
  <testcase classname="| Injetor | *20.2*fitbank * | JNL - 20.2 - EMS - FITBANK - Testes de Mobilidade | *CT070.0033 * |" name="Entao clico no botão &quot;executar teste&quot;" time="0"/>
  <testcase classname="| Injetor | *20.2*fitbank * | JNL - 20.2 - EMS - FITBANK - Testes de Mobilidade | *CT070.0033 * |" name="E valido o campo &quot;resultado teste&quot;" time="0"/>
  <testcase classname="| Injetor | *20.2*fitbank * | JNL - 20.2 - EMS - FITBANK - Testes de Mobilidade | *CT070.0033 * |" name="E seleciono o campo &quot;caso de teste&quot;" time="0"/>
  <testcase classname="| Injetor | *20.2*fitbank * | JNL - 20.2 - EMS - FITBANK - Testes de Mobilidade | *CT070.0033 * |" name="E adiciono header ao arquivo" time="0"/>
  <testcase classname="| Injetor | *20.2*fitbank * | JNL - 20.2 - EMS - FITBANK - Testes de Mobilidade | *CT070.0033 * |" name="Entao clico no botão &quot;lupa&quot;" time="0"/>
  <testcase classname="| Injetor | *20.2*fitbank * | JNL - 20.2 - EMS - FITBANK - Testes de Mobilidade | *CT070.0033 * |" name="Entao clico no botão &quot;primeiro expand&quot;" time="0"/>
  <testcase classname="| Injetor | *20.2*fitbank * | JNL - 20.2 - EMS - FITBANK - Testes de Mobilidade | *CT070.0033 * |" name="Entao clico no botão &quot;segundo expand&quot;" time="0"/>
  <testcase classname="| Injetor | *20.2*fitbank * | JNL - 20.2 - EMS - FITBANK - Testes de Mobilidade | *CT070.0033 * |" name="E recupero as linhas da transação" time="0"/>
  <testcase classname="| Injetor | *20.2*fitbank * | JNL - 20.2 - EMS - FITBANK - Testes de Mobilidade | *CT070.0033 * |" name="E crio o arquivo" time="0"/>
  <testcase classname="| Injetor | *20.2*fitbank * | JNL - 20.2 - EMS - FITBANK - Testes de Mobilidade | *CT070.0033 * |" name="E escrevo as informações no arquivo" time="0"/>
  <testcase classname="| Injetor | *20.2*fitbank * | JNL - 20.2 - EMS - FITBANK - Testes de Mobilidade | *CT070.0033 * |" name="| Injetor | *20.2*fitbank * | JNL - 20.2 - EMS - FITBANK - Testes de Mobilidade | *CT070.0033 * |" time="0"/>
  <testcase classname="| Injetor | *20.2*fitbank * | JNL - 20.2 - EMS - FITBANK - Testes de Mobilidade | *CT070.0033 * |" name="Dado usuário está na tela &quot;project list&quot;" time="0"/>
  <testcase classname="| Injetor | *20.2*fitbank * | JNL - 20.2 - EMS - FITBANK - Testes de Mobilidade | *CT070.0033 * |" name="Entao clico no botão &quot;ambiente&quot;" time="0"/>
  <testcase classname="| Injetor | *20.2*fitbank * | JNL - 20.2 - EMS - FITBANK - Testes de Mobilidade | *CT070.0033 * |" name="Entao seleciono lista &quot;lista ambientes&quot; &quot;Injetor&quot;" time="0"/>
  <testcase classname="| Injetor | *20.2*fitbank * | JNL - 20.2 - EMS - FITBANK - Testes de Mobilidade | *CT070.0033 * |" name="Entao clico no botão &quot;filtro&quot;" time="0"/>
  <testcase classname="| Injetor | *20.2*fitbank * | JNL - 20.2 - EMS - FITBANK - Testes de Mobilidade | *CT070.0033 * |" name="E insiro no campo &quot;nome&quot; &quot;*20.2*fitbank *&quot;" time="0"/>
  <testcase classname="| Injetor | *20.2*fitbank * | JNL - 20.2 - EMS - FITBANK - Testes de Mobilidade | *CT070.0033 * |" name="Entao clico no botão &quot;enviar&quot;" time="0"/>
  <testcase classname="| Injetor | *20.2*fitbank * | JNL - 20.2 - EMS - FITBANK - Testes de Mobilidade | *CT070.0033 * |" name="Entao seleciono campo &quot;projeto&quot; na tabela com valor &quot;JNL - 20.2 - EMS - FITBANK - Testes de Mobilidade&quot;" time="0"/>
  <testcase classname="| Injetor | *20.2*fitbank * | JNL - 20.2 - EMS - FITBANK - Testes de Mobilidade | *CT070.0033 * |" name="Entao clico no botão &quot;ciclo&quot;" time="0"/>
  <testcase classname="| Injetor | *20.2*fitbank * | JNL - 20.2 - EMS - FITBANK - Testes de Mobilidade | *CT070.0033 * |" name="E mudo de tela para &quot;project execution&quot;" time="0"/>
  <testcase classname="| Injetor | *20.2*fitbank * | JNL - 20.2 - EMS - FITBANK - Testes de Mobilidade | *CT070.0033 * |" name="Entao clico no botão &quot;filtro&quot;" time="0"/>
  <testcase classname="| Injetor | *20.2*fitbank * | JNL - 20.2 - EMS - FITBANK - Testes de Mobilidade | *CT070.0033 * |" name="E insiro no campo &quot;nome&quot; &quot;*CT070.0033 *&quot;" time="0"/>
  <testcase classname="| Injetor | *20.2*fitbank * | JNL - 20.2 - EMS - FITBANK - Testes de Mobilidade | *CT070.0033 * |" name="Entao clico no botão &quot;enviar&quot;" time="0"/>
  <testcase classname="| Injetor | *20.2*fitbank * | JNL - 20.2 - EMS - FITBANK - Testes de Mobilidade | *CT070.0033 * |" name="E seleciono o campo &quot;caso de teste&quot;" time="0"/>
  <testcase classname="| Injetor | *20.2*fitbank * | JNL - 20.2 - EMS - FITBANK - Testes de Mobilidade | *CT070.0033 * |" name="Entao clico no botão &quot;executar teste&quot;" time="0"/>
  <testcase classname="| Injetor | *20.2*fitbank * | JNL - 20.2 - EMS - FITBANK - Testes de Mobilidade | *CT070.0033 * |" name="E valido o campo &quot;resultado teste&quot;" time="0"/>
  <testcase classname="| Injetor | *20.2*fitbank * | JNL - 20.2 - EMS - FITBANK - Testes de Mobilidade | *CT070.0033 * |" name="E seleciono o campo &quot;caso de teste&quot;" time="0"/>
  <testcase classname="| Injetor | *20.2*fitbank * | JNL - 20.2 - EMS - FITBANK - Testes de Mobilidade | *CT070.0033 * |" name="E adiciono header ao arquivo" time="0"/>
  <testcase classname="| Injetor | *20.2*fitbank * | JNL - 20.2 - EMS - FITBANK - Testes de Mobilidade | *CT070.0033 * |" name="Entao clico no botão &quot;lupa&quot;" time="0"/>
  <testcase classname="| Injetor | *20.2*fitbank * | JNL - 20.2 - EMS - FITBANK - Testes de Mobilidade | *CT070.0033 * |" name="Entao clico no botão &quot;primeiro expand&quot;" time="0">
    <error message="stale element reference: element is not attached to the page document
  (Session info: chrome=88.0.4324.150)
For documentation on this error, please visit: http://seleniumhq.org/exceptions/stale_element_reference.html
Build info: version: &apos;3.8.0&apos;, revision: &apos;924c4067df&apos;, time: &apos;2017-11-30T11:20:39.408Z&apos;
System info: host: &apos;PWFAB1480&apos;, ip: &apos;10.3.24.37&apos;, os.name: &apos;Windows 10&apos;, os.arch: &apos;amd64&apos;, os.version: &apos;10.0&apos;, java.version: &apos;1.8.0_241&apos;
Driver info: org.openqa.selenium.chrome.ChromeDriver
Capabilities {acceptInsecureCerts: false, browserName: chrome, browserVersion: 88.0.4324.150, chrome: {chromedriverVersion: 87.0.4280.88 (89e2380a3e36c..., userDataDir: C:\Users\GUILHE~1.OLI\AppDa...}, goog:chromeOptions: {debuggerAddress: localhost:54244}, javascriptEnabled: true, networkConnectionEnabled: false, pageLoadStrategy: normal, platform: WINDOWS, platformName: WINDOWS, proxy: Proxy(), setWindowRect: true, strictFileInteractability: false, timeouts: {implicit: 0, pageLoad: 300000, script: 30000}, unhandledPromptBehavior: dismiss and notify, webauthn:virtualAuthenticators: true}
Session ID: 751a99665cf20d5d6d2dfa1f52a350a4" type="org.openqa.selenium.StaleElementReferenceException">org.openqa.selenium.StaleElementReferenceException: stale element reference: element is not attached to the page document
  (Session info: chrome=88.0.4324.150)
For documentation on this error, please visit: http://seleniumhq.org/exceptions/stale_element_reference.html
Build info: version: &apos;3.8.0&apos;, revision: &apos;924c4067df&apos;, time: &apos;2017-11-30T11:20:39.408Z&apos;
System info: host: &apos;PWFAB1480&apos;, ip: &apos;10.3.24.37&apos;, os.name: &apos;Windows 10&apos;, os.arch: &apos;amd64&apos;, os.version: &apos;10.0&apos;, java.version: &apos;1.8.0_241&apos;
Driver info: org.openqa.selenium.chrome.ChromeDriver
Capabilities {acceptInsecureCerts: false, browserName: chrome, browserVersion: 88.0.4324.150, chrome: {chromedriverVersion: 87.0.4280.88 (89e2380a3e36c..., userDataDir: C:\Users\GUILHE~1.OLI\AppDa...}, goog:chromeOptions: {debuggerAddress: localhost:54244}, javascriptEnabled: true, networkConnectionEnabled: false, pageLoadStrategy: normal, platform: WINDOWS, platformName: WINDOWS, proxy: Proxy(), setWindowRect: true, strictFileInteractability: false, timeouts: {implicit: 0, pageLoad: 300000, script: 30000}, unhandledPromptBehavior: dismiss and notify, webauthn:virtualAuthenticators: true}
Session ID: 751a99665cf20d5d6d2dfa1f52a350a4
	at sun.reflect.NativeConstructorAccessorImpl.newInstance0(Native Method)
	at sun.reflect.NativeConstructorAccessorImpl.newInstance(Unknown Source)
	at sun.reflect.DelegatingConstructorAccessorImpl.newInstance(Unknown Source)
	at java.lang.reflect.Constructor.newInstance(Unknown Source)
	at org.openqa.selenium.remote.http.W3CHttpResponseCodec.createException(W3CHttpResponseCodec.java:187)
	at org.openqa.selenium.remote.http.W3CHttpResponseCodec.decode(W3CHttpResponseCodec.java:122)
	at org.openqa.selenium.remote.http.W3CHttpResponseCodec.decode(W3CHttpResponseCodec.java:49)
	at org.openqa.selenium.remote.HttpCommandExecutor.execute(HttpCommandExecutor.java:164)
	at org.openqa.selenium.remote.service.DriverCommandExecutor.execute(DriverCommandExecutor.java:83)
	at org.openqa.selenium.remote.RemoteWebDriver.execute(RemoteWebDriver.java:601)
	at org.openqa.selenium.remote.RemoteWebElement.execute(RemoteWebElement.java:279)
	at org.openqa.selenium.remote.RemoteWebElement.click(RemoteWebElement.java:83)
	at sun.reflect.GeneratedMethodAccessor5.invoke(Unknown Source)
	at sun.reflect.DelegatingMethodAccessorImpl.invoke(Unknown Source)
	at java.lang.reflect.Method.invoke(Unknown Source)
	at org.openqa.selenium.support.pagefactory.internal.LocatingElementHandler.invoke(LocatingElementHandler.java:51)
	at com.sun.proxy.$Proxy18.click(Unknown Source)
	at functions.Eventos.clicaElemento(Eventos.java:75)
	at functions.Actions.clicarBotao(Actions.java:27)
	at stepDefinitions.commonSD.clicoNoBotão(commonSD.java:33)
	at ✽.Entao clico no botão &quot;primeiro expand&quot;(common.feature:47)
</error>
  </testcase>
  <testcase classname="| Injetor | *20.2*fitbank * | JNL - 20.2 - EMS - FITBANK - Testes de Mobilidade | *CT070.0033 * |" name="| Injetor | *20.2*fitbank * | JNL - 20.2 - EMS - FITBANK - Testes de Mobilidade | *CT070.0033 * |" time="0">
    <error message="stale element reference: element is not attached to the page document
  (Session info: chrome=88.0.4324.150)
For documentation on this error, please visit: http://seleniumhq.org/exceptions/stale_element_reference.html
Build info: version: &apos;3.8.0&apos;, revision: &apos;924c4067df&apos;, time: &apos;2017-11-30T11:20:39.408Z&apos;
System info: host: &apos;PWFAB1480&apos;, ip: &apos;10.3.24.37&apos;, os.name: &apos;Windows 10&apos;, os.arch: &apos;amd64&apos;, os.version: &apos;10.0&apos;, java.version: &apos;1.8.0_241&apos;
Driver info: org.openqa.selenium.chrome.ChromeDriver
Capabilities {acceptInsecureCerts: false, browserName: chrome, browserVersion: 88.0.4324.150, chrome: {chromedriverVersion: 87.0.4280.88 (89e2380a3e36c..., userDataDir: C:\Users\GUILHE~1.OLI\AppDa...}, goog:chromeOptions: {debuggerAddress: localhost:54244}, javascriptEnabled: true, networkConnectionEnabled: false, pageLoadStrategy: normal, platform: WINDOWS, platformName: WINDOWS, proxy: Proxy(), setWindowRect: true, strictFileInteractability: false, timeouts: {implicit: 0, pageLoad: 300000, script: 30000}, unhandledPromptBehavior: dismiss and notify, webauthn:virtualAuthenticators: true}
Session ID: 751a99665cf20d5d6d2dfa1f52a350a4" type="org.openqa.selenium.StaleElementReferenceException">org.openqa.selenium.StaleElementReferenceException: stale element reference: element is not attached to the page document
  (Session info: chrome=88.0.4324.150)
For documentation on this error, please visit: http://seleniumhq.org/exceptions/stale_element_reference.html
Build info: version: &apos;3.8.0&apos;, revision: &apos;924c4067df&apos;, time: &apos;2017-11-30T11:20:39.408Z&apos;
System info: host: &apos;PWFAB1480&apos;, ip: &apos;10.3.24.37&apos;, os.name: &apos;Windows 10&apos;, os.arch: &apos;amd64&apos;, os.version: &apos;10.0&apos;, java.version: &apos;1.8.0_241&apos;
Driver info: org.openqa.selenium.chrome.ChromeDriver
Capabilities {acceptInsecureCerts: false, browserName: chrome, browserVersion: 88.0.4324.150, chrome: {chromedriverVersion: 87.0.4280.88 (89e2380a3e36c..., userDataDir: C:\Users\GUILHE~1.OLI\AppDa...}, goog:chromeOptions: {debuggerAddress: localhost:54244}, javascriptEnabled: true, networkConnectionEnabled: false, pageLoadStrategy: normal, platform: WINDOWS, platformName: WINDOWS, proxy: Proxy(), setWindowRect: true, strictFileInteractability: false, timeouts: {implicit: 0, pageLoad: 300000, script: 30000}, unhandledPromptBehavior: dismiss and notify, webauthn:virtualAuthenticators: true}
Session ID: 751a99665cf20d5d6d2dfa1f52a350a4
	at sun.reflect.NativeConstructorAccessorImpl.newInstance0(Native Method)
	at sun.reflect.NativeConstructorAccessorImpl.newInstance(Unknown Source)
	at sun.reflect.DelegatingConstructorAccessorImpl.newInstance(Unknown Source)
	at java.lang.reflect.Constructor.newInstance(Unknown Source)
	at org.openqa.selenium.remote.http.W3CHttpResponseCodec.createException(W3CHttpResponseCodec.java:187)
	at org.openqa.selenium.remote.http.W3CHttpResponseCodec.decode(W3CHttpResponseCodec.java:122)
	at org.openqa.selenium.remote.http.W3CHttpResponseCodec.decode(W3CHttpResponseCodec.java:49)
	at org.openqa.selenium.remote.HttpCommandExecutor.execute(HttpCommandExecutor.java:164)
	at org.openqa.selenium.remote.service.DriverCommandExecutor.execute(DriverCommandExecutor.java:83)
	at org.openqa.selenium.remote.RemoteWebDriver.execute(RemoteWebDriver.java:601)
	at org.openqa.selenium.remote.RemoteWebElement.execute(RemoteWebElement.java:279)
	at org.openqa.selenium.remote.RemoteWebElement.click(RemoteWebElement.java:83)
	at sun.reflect.GeneratedMethodAccessor5.invoke(Unknown Source)
	at sun.reflect.DelegatingMethodAccessorImpl.invoke(Unknown Source)
	at java.lang.reflect.Method.invoke(Unknown Source)
	at org.openqa.selenium.support.pagefactory.internal.LocatingElementHandler.invoke(LocatingElementHandler.java:51)
	at com.sun.proxy.$Proxy18.click(Unknown Source)
	at functions.Eventos.clicaElemento(Eventos.java:75)
	at functions.Actions.clicarBotao(Actions.java:27)
	at stepDefinitions.commonSD.clicoNoBotão(commonSD.java:33)
	at ✽.Entao clico no botão &quot;primeiro expand&quot;(common.feature:47)
</error>
  </testcase>
  <testcase classname="| Injetor | *20.2*fitbank * | JNL - 20.2 - EMS - FITBANK - Testes de Mobilidade | *CT070.0033 * |" name="Entao clico no botão &quot;segundo expand&quot;" time="0">
    <skipped/>
  </testcase>
  <testcase classname="| Injetor | *20.2*fitbank * | JNL - 20.2 - EMS - FITBANK - Testes de Mobilidade | *CT070.0033 * |" name="E recupero as linhas da transação" time="0">
    <skipped/>
  </testcase>
  <testcase classname="| Injetor | *20.2*fitbank * | JNL - 20.2 - EMS - FITBANK - Testes de Mobilidade | *CT070.0033 * |" name="E crio o arquivo" time="0">
    <skipped/>
  </testcase>
  <testcase classname="| Injetor | *20.2*fitbank * | JNL - 20.2 - EMS - FITBANK - Testes de Mobilidade | *CT070.0033 * |" name="E escrevo as informações no arquivo" time="0">
    <skipped/>
  </testcase>
</testsuite>